OpenROAD 26Q1-2290-g4589d89a40 
Features included (+) or not (-): +GPU +GUI +Python
This program is licensed under the BSD-3 license. See the LICENSE file for details.
Components of this program may be licensed under more restrictive licenses which must be honored.
[INFO ORD-0030] Using 16 thread(s).
read_liberty /OpenROAD-flow-scripts/flow/platforms/sky130hd/lib/sky130_fd_sc_hd__tt_025C_1v80.lib
read_db ./results/sky130hd/dot_product/base/1_synth.odb
read_sdc ./results/sky130hd/dot_product/base/1_synth.sdc
source /OpenROAD-flow-scripts/flow/platforms/sky130hd/setRC.tcl
Master sky130_ef_sc_hd__decap_12 is loaded but not used in the design
Removed 0 unused instances and 0 unused nets.

==========================================================================
Floorplan check_setup
--------------------------------------------------------------------------
Warning: There is 1 input port missing set_input_delay.
number instances in verilog is 2357
[INFO IFP-0107] Defining die area using utilization: 10.00% and aspect ratio: 1.
[WARNING IFP-0028] Core area lower left (2.000, 2.000) snapped to (2.300, 2.720).
[INFO IFP-0001] Added 181 rows of 1074 site unithd.
[INFO IFP-0100] Die BBox:  (  0.000  0.000 ) ( 498.480 498.480 ) um
[INFO IFP-0101] Core BBox: (  2.300  2.720 ) ( 496.340 495.040 ) um
[INFO IFP-0102] Core area:                       243225.773 um^2
[INFO IFP-0103] Total instances area:             24450.950 um^2
[INFO IFP-0104] Effective utilization:                0.101
[INFO IFP-0105] Number of instances:                   2357
source /OpenROAD-flow-scripts/flow/platforms/sky130hd/make_tracks.tcl
source /OpenROAD-flow-scripts/flow/platforms/sky130hd/fastroute.tcl
Repair tie lo fanout...
Repair tie hi fanout...
repair_timing -setup_margin 0.05 -hold_margin 0.05 -repair_tns 100 -match_cell_footprint -setup -skip_last_gasp -sequence unbuffer,sizeup,swap,vt_swap -verbose
[WARNING EST-0027] no estimated parasitics. Using wire load models.
[INFO RSZ-0100] Repair move sequence: UnbufferMove SizeUpMove SwapPinsMove 
[INFO RSZ-0094] Found 17 endpoints with setup violations.
[INFO RSZ-0099] Repairing 17 out of 17 (100.00%) violating endpoints...
   Iter   | Removed | Resized | Inserted | Cloned |  Pin  |   Area   |    WNS   |   TNS      |  Viol  | Worst
          | Buffers |  Gates  | Buffers  |  Gates | Swaps |          |          |            | Endpts | Endpt
--------------------------------------------------------------------------------------------------------------
        0 |       0 |       0 |        0 |      0 |     0 |    +0.0% |   -1.827 |      -20.3 |     17 | dot_out[19]
       10 |       0 |       5 |        0 |      0 |     4 |    +0.1% |   -1.700 |      -19.2 |     17 | dot_out[19]
       20 |       0 |      11 |        0 |      0 |     8 |    +0.1% |   -1.581 |      -17.9 |     17 | dot_out[19]
       30 |       0 |      18 |        0 |      0 |    11 |    +0.2% |   -1.542 |      -17.6 |     17 | dot_out[19]
       40 |       0 |      20 |        0 |      0 |    19 |    +0.3% |   -1.501 |      -17.1 |     17 | dot_out[16]
       50 |       0 |      26 |        0 |      0 |    23 |    +0.4% |   -1.466 |      -16.6 |     17 | dot_out[19]
       60 |       0 |      32 |        0 |      0 |    27 |    +0.5% |   -1.459 |      -16.5 |     17 | dot_out[19]
       70 |       0 |      38 |        0 |      0 |    31 |    +0.6% |   -1.467 |      -16.6 |     17 | dot_out[19]
       80 |       0 |      43 |        0 |      0 |    36 |    +0.7% |   -1.466 |      -16.4 |     17 | dot_out[19]
       90 |       0 |      47 |        0 |      0 |    42 |    +0.8% |   -1.466 |      -16.5 |     17 | dot_out[19]
      100 |       0 |      51 |        0 |      0 |    48 |    +0.8% |   -1.425 |      -16.3 |     17 | dot_out[19]
      110 |       0 |      51 |        0 |      0 |    58 |    +0.8% |   -1.415 |      -16.2 |     17 | dot_out[16]
      120 |       0 |      59 |        0 |      0 |    60 |    +1.0% |   -1.406 |      -16.0 |     17 | dot_out[19]
      130 |       0 |      62 |        0 |      0 |    67 |    +1.0% |   -1.491 |      -16.1 |     17 | dot_out[19]
      135 |       0 |      59 |        0 |      0 |    60 |    +1.0% |   -1.406 |      -16.0 |     17 | dot_out[19]
      140 |       0 |      59 |        0 |      0 |    64 |    +1.0% |   -1.407 |      -16.0 |     17 | dot_out[14]
      150 |       0 |      61 |        0 |      0 |    72 |    +1.0% |   -1.427 |      -16.3 |     17 | dot_out[14]
      160 |       0 |      65 |        0 |      0 |    78 |    +1.1% |   -1.481 |      -16.9 |     17 | dot_out[16]
      162 |       0 |      59 |        0 |      0 |    60 |    +1.0% |   -1.406 |      -16.0 |     17 | dot_out[19]
      170 |       0 |      62 |        0 |      0 |    64 |    +1.0% |   -1.411 |      -16.1 |     17 | dot_out[18]
      180 |       0 |      68 |        0 |      0 |    68 |    +1.1% |   -1.406 |      -15.9 |     17 | dot_out[19]
      190 |       0 |      70 |        0 |      0 |    76 |    +1.1% |   -1.406 |      -15.9 |     17 | dot_out[19]
      191 |       0 |      70 |        0 |      0 |    77 |    +1.1% |   -1.406 |      -15.8 |     17 | dot_out[19]
      200 |       0 |      73 |        0 |      0 |    82 |    +1.1% |   -1.415 |      -16.0 |     17 | dot_out[19]
      202 |       0 |      70 |        0 |      0 |    77 |    +1.1% |   -1.406 |      -15.8 |     17 | dot_out[19]
      210 |       0 |      75 |        0 |      0 |    79 |    +1.2% |   -1.406 |      -15.9 |     17 | dot_out[19]
      215 |       0 |      73 |        0 |      0 |    77 |    +1.2% |   -1.406 |      -15.9 |     17 | dot_out[19]
      220 |       0 |      75 |        0 |      0 |    79 |    +1.2% |   -1.410 |      -15.9 |     17 | dot_out[19]
      223 |       0 |      73 |        0 |      0 |    77 |    +1.2% |   -1.406 |      -15.9 |     17 | dot_out[19]
      230 |       0 |      78 |        0 |      0 |    78 |    +1.3% |   -1.412 |      -15.9 |     17 | dot_out[19]
      231 |       0 |      75 |        0 |      0 |    77 |    +1.2% |   -1.406 |      -15.8 |     17 | dot_out[19]
      240 |       0 |      81 |        0 |      0 |    79 |    +1.4% |   -1.406 |      -16.0 |     17 | dot_out[19]
      241 |       0 |      80 |        0 |      0 |    79 |    +1.3% |   -1.406 |      -16.0 |     17 | dot_out[19]
      250 |       0 |      83 |        0 |      0 |    84 |    +1.4% |   -1.424 |      -16.0 |     17 | dot_out[19]
      254 |       0 |      80 |        0 |      0 |    79 |    +1.3% |   -1.406 |      -16.0 |     17 | dot_out[19]
      257 |       0 |      80 |        0 |      0 |    79 |    +1.3% |   -1.406 |      -16.0 |     17 | dot_out[19]
      260 |       0 |      81 |        0 |      0 |    80 |    +1.4% |   -1.406 |      -16.0 |     17 | dot_out[19]
      261 |       0 |      81 |        0 |      0 |    79 |    +1.4% |   -1.406 |      -16.0 |     17 | dot_out[19]
      270 |       0 |      85 |        0 |      0 |    83 |    +1.4% |   -1.406 |      -16.0 |     17 | dot_out[19]
      272 |       0 |      84 |        0 |      0 |    80 |    +1.4% |   -1.406 |      -15.9 |     17 | dot_out[19]
      279 |       0 |      86 |        0 |      0 |    80 |    +1.4% |   -1.406 |      -15.8 |     17 | dot_out[19]
      280 |       0 |      86 |        0 |      0 |    80 |    +1.4% |   -1.406 |      -15.8 |     17 | dot_out[19]
      290 |       0 |      91 |        0 |      0 |    85 |    +1.6% |   -1.406 |      -15.7 |     17 | dot_out[19]
      300 |       0 |      92 |        0 |      0 |    94 |    +1.6% |   -1.406 |      -15.6 |     17 | dot_out[19]
      310 |       0 |      95 |        0 |      0 |   101 |    +1.6% |   -1.406 |      -15.6 |     17 | dot_out[19]
      312 |       0 |      95 |        0 |      0 |   101 |    +1.6% |   -1.406 |      -15.6 |     17 | dot_out[19]
      313 |       0 |      95 |        0 |      0 |   101 |    +1.6% |   -1.406 |      -15.6 |     16 | dot_out[19]
      320 |       0 |      98 |        0 |      0 |   104 |    +1.7% |   -1.406 |      -15.5 |     16 | dot_out[19]
      330 |       0 |      99 |        0 |      0 |   113 |    +1.7% |   -1.406 |      -15.5 |     16 | dot_out[19]
      339 |       0 |      99 |        0 |      0 |   121 |    +1.7% |   -1.406 |      -15.5 |     16 | dot_out[19]
      340 |       0 |      99 |        0 |      0 |   121 |    +1.7% |   -1.406 |      -15.5 |     16 | dot_out[19]
      341 |       0 |      99 |        0 |      0 |   121 |    +1.7% |   -1.406 |      -15.5 |     16 | dot_out[19]
    final |       0 |      99 |        0 |      0 |   121 |    +1.7% |   -1.406 |      -15.5 |     16 | dot_out[19]
--------------------------------------------------------------------------------------------------------------
[INFO RSZ-0051] Resized 99 instances: 99 up, 0 up match, 0 down, 0 VT
[INFO RSZ-0043] Swapped pins on 121 instances.
[WARNING RSZ-0062] Unable to repair all setup violations.
Default units for flow
 time 1ns
 capacitance 1pF
 resistance 1kohm
 voltage 1v
 current 1mA
 power 1nW
 distance 1um
   Layer   | Unit Resistance | Unit Capacitance 
           |       (kohm/um) |          (pF/um)
------------------------------------------------
       li1 |        7.18e-02 |         1.50e-04
      met1 |        8.93e-04 |         1.72e-04
      met2 |        8.93e-04 |         1.36e-04
      met3 |        1.57e-04 |         2.15e-04
      met4 |        1.57e-04 |         1.48e-04
      met5 |        1.78e-05 |         1.54e-04
------------------------------------------------

   Layer   | Via Resistance 
           |         (kohm) 
----------------------------
      mcon |       9.25e-03 
       via |       4.50e-03 
      via2 |       3.37e-03 
      via3 |       3.77e-04 
      via4 |       5.80e-06 
----------------------------
Report metrics stage 2, floorplan final...

==========================================================================
floorplan final report_design_area
--------------------------------------------------------------------------
Design area 24863 um^2 10% utilization.
write_db ./results/sky130hd/dot_product/base/2_1_floorplan.odb
write_sdc -no_timestamp ./results/sky130hd/dot_product/base/2_1_floorplan.sdc
Elapsed time: 0:02.55[h:]min:sec. CPU time: user 3.35 sys 2.59 (232%). Peak memory: 150204KB.
Log                        Elapsed/s Peak Memory/MB  sha1sum .odb [0:20)
2_1_floorplan                      2            146 9c95647efa1bb19a9c72
