OpenROAD 26Q1-2290-g4589d89a40 
Features included (+) or not (-): +GPU +GUI +Python
This program is licensed under the BSD-3 license. See the LICENSE file for details.
Components of this program may be licensed under more restrictive licenses which must be honored.
[INFO ORD-0030] Using 16 thread(s).
read_liberty /OpenROAD-flow-scripts/flow/platforms/sky130hd/lib/sky130_fd_sc_hd__tt_025C_1v80.lib
read_db ./results/sky130hd/dot_product/base/3_2_place_iop.odb
read_sdc ./results/sky130hd/dot_product/base/2_floorplan.sdc
source /OpenROAD-flow-scripts/flow/platforms/sky130hd/setRC.tcl
[INFO RSZ-0026] Removed 5 buffers.
Perform port buffering...
[INFO RSZ-0027] Inserted 129 sky130_fd_sc_hd__clkdlybuf4s50_1 input buffers.
[INFO RSZ-0028] Inserted 21 sky130_fd_sc_hd__clkdlybuf4s50_1 output buffers.
global_placement -density 0.3 -pad_left 0 -pad_right 0 -routability_driven -timing_driven -force_center_initial_place -min_phi_coef 0.95 -max_phi_coef 1.05
[INFO GPL-0001] ---- Initialize GPL Main Data Structures
[INFO GPL-0002] DBU: 1000
[INFO GPL-0003] SiteSize: (  0.460  2.720 ) um
[INFO GPL-0004] CoreBBox: (  2.300  2.720 ) ( 496.340 495.040 ) um
[INFO GPL-0036] Movable instances area:      26302.726 um^2
[INFO GPL-0037] Total instances area:        30309.069 um^2
[INFO GPL-0035] Pin density area adjust:      -152.253 um^2
[INFO GPL-0032] ---- Initialize Region: Top-level
[INFO GPL-0006] Number of instances:              5704
[INFO GPL-0007] Movable instances:                2502
[INFO GPL-0008] Fixed instances:                  3202
[INFO GPL-0009] Dummy instances:                     0
[INFO GPL-0010] Number of nets:                   3514
[INFO GPL-0011] Number of pins:                   8461
[INFO GPL-0012] Die BBox:  (  0.000  0.000 ) ( 498.480 498.480 ) um
[INFO GPL-0013] Core BBox: (  2.300  2.720 ) ( 496.340 495.040 ) um
[INFO GPL-0016] Core area:                  243225.773 um^2
[INFO GPL-0014] Region name: top-level.
[INFO GPL-0015] Region area:                243225.773 um^2
[INFO GPL-0017] Fixed instances area:         4006.342 um^2
[INFO GPL-0018] Movable instances area:      26150.473 um^2
[INFO GPL-0019] Utilization:                    10.932 %
[INFO GPL-0020] Standard cells area:         26150.473 um^2
[INFO GPL-0021] Large instances area:            0.000 um^2
[INFO GPL-0005] ---- Execute Conjugate Gradient Initial Placement.
[INFO GPL-0051] Source of initial instance position counters:
	Odb location = 0	Core center = 2502	Region center = 0
[InitialPlace]  Iter: 1 conjugate gradient residual: 0.00000012 HPWL: 114311775
[InitialPlace]  Iter: 2 conjugate gradient residual: 0.00000149 HPWL: 79278888
[InitialPlace]  Iter: 3 conjugate gradient residual: 0.00000025 HPWL: 79737807
[InitialPlace]  Iter: 4 conjugate gradient residual: 0.00000011 HPWL: 79963381
[InitialPlace]  Iter: 5 conjugate gradient residual: 0.00000011 HPWL: 80061690
[INFO GPL-0033] ---- Initialize Nesterov Region: Top-level
[INFO GPL-0023] Placement target density:       0.3000
[INFO GPL-0024] Movable insts average area:     10.452 um^2
[INFO GPL-0025] Ideal bin area:                 34.839 um^2
[INFO GPL-0026] Ideal bin count:                  6981
[INFO GPL-0027] Total bin area:             243225.773 um^2
[INFO GPL-0028] Bin count (X, Y):          64 ,     64
[INFO GPL-0029] Bin size (W * H):       7.719 *  7.692 um
[INFO GPL-0030] Number of bins:                   4096
[INFO GPL-0007] ---- Execute Nesterov Global Placement.
[INFO GPL-0031] HPWL: Half-Perimeter Wirelength
Iteration | Overflow |     HPWL (um) |  HPWL(%) |   Penalty | Group
---------------------------------------------------------------
        0 |   0.9375 |  5.088619e+04 |   +0.00% |  4.36e-15 |      
       10 |   0.8130 |  6.570421e+04 |  +29.12% |  7.09e-15 |      
       20 |   0.7450 |  6.983824e+04 |   +6.29% |  1.15e-14 |      
       30 |   0.6892 |  7.256220e+04 |   +3.90% |  1.88e-14 |      
       40 |   0.6638 |  7.341474e+04 |   +1.17% |  3.06e-14 |      
       50 |   0.6647 |  7.300136e+04 |   -0.56% |  4.99e-14 |      
       60 |   0.6764 |  7.276449e+04 |   -0.32% |  8.13e-14 |      
       70 |   0.6863 |  7.209713e+04 |   -0.92% |  1.32e-13 |      
       80 |   0.6898 |  7.160042e+04 |   -0.69% |  2.16e-13 |      
       90 |   0.6863 |  7.170401e+04 |   +0.14% |  3.51e-13 |      
      100 |   0.6808 |  7.204582e+04 |   +0.48% |  5.72e-13 |      
      110 |   0.6789 |  7.222871e+04 |   +0.25% |  9.32e-13 |      
      120 |   0.6795 |  7.222922e+04 |   +0.00% |  1.52e-12 |      
      130 |   0.6810 |  7.211117e+04 |   -0.16% |  2.47e-12 |      
      140 |   0.6809 |  7.198665e+04 |   -0.17% |  4.03e-12 |      
      150 |   0.6792 |  7.204901e+04 |   +0.09% |  6.56e-12 |      
      160 |   0.6762 |  7.238828e+04 |   +0.47% |  1.07e-11 |      
      170 |   0.6724 |  7.298212e+04 |   +0.82% |  1.74e-11 |      
      180 |   0.6674 |  7.378347e+04 |   +1.10% |  2.83e-11 |      
      190 |   0.6615 |  7.472914e+04 |   +1.28% |  4.62e-11 |      
      200 |   0.6503 |  7.547673e+04 |   +1.00% |  7.52e-11 |      
      210 |   0.6359 |  7.535887e+04 |   -0.16% |  1.22e-10 |      
[INFO GPL-0100] Timing-driven iteration 1/2, virtual: false.
[INFO GPL-0101]    Iter: 212, overflow: 0.634, keep resizer changes at: 1, HPWL: 75344112
Iteration |   Area    | Resized | Buffers | Nets repaired | Remaining
---------------------------------------------------------------------
        0 |     +0.0% |       0 |       0 |             0 |      3514
    final |     +0.1% |       1 |       1 |             1 |         0
---------------------------------------------------------------------
[INFO RSZ-0034] Found 1 slew violations.
[INFO RSZ-0039] Resized 1 instances.
[INFO RSZ-0038] Inserted 1 buffers in 1 nets.
   Iter   |    Area   | Removed | Inserted |   Pins
          |           | Buffers | Buffers  | Remaining
-------------------------------------------------------
        0 |     +0.0% |       0 |        0 |      3384
      330 |     +1.4% |       3 |       60 |      3054
      660 |     +1.4% |       3 |       62 |      2724
      990 |     +1.5% |       3 |       65 |      2394
     1320 |     +1.7% |       3 |       72 |      2064
     1650 |     +1.9% |       3 |       79 |      1734
     1980 |     +1.9% |       3 |       80 |      1404
     2310 |     +2.2% |       3 |       91 |      1074
     2640 |     +2.4% |       3 |      100 |       744
     2970 |     +2.9% |       3 |      120 |       414
     3300 |     +6.1% |       4 |      246 |        84
    final |     +7.2% |       4 |      285 |         0
-------------------------------------------------------
[INFO GPL-0106] Timing-driven: worst slack -3.47e-09
[INFO GPL-0107] Timing-driven: repair_design delta area: 2212.122 um^2 (+8.46%)
[INFO GPL-0108] Timing-driven: repair_design, gpl delta gcells: 282 (+11.27%)
[INFO GPL-0109] Timing-driven: repair_design, gcells created: 286, deleted: 4
[INFO GPL-0110] Timing-driven: new target density: 0.30924723
Iteration | Overflow |     HPWL (um) |  HPWL(%) |   Penalty | Group
---------------------------------------------------------------
      220 |   0.6137 |  8.004391e+04 |   +6.22% |  1.99e-10 |      
[INFO GPL-0038] Routability snapshot saved at iter = 226
      225 |   0.5999 |  8.046499e+04 |          |           |      
      230 |   0.5845 |  8.025488e+04 |   +0.26% |  3.25e-10 |      
      240 |   0.5565 |  7.957322e+04 |   -0.85% |  5.29e-10 |      
      250 |   0.5237 |  7.951842e+04 |   -0.07% |  8.62e-10 |      
      260 |   0.4911 |  8.040776e+04 |   +1.12% |  1.40e-09 |      
      270 |   0.4504 |  8.122966e+04 |   +1.02% |  2.29e-09 |      
      280 |   0.4034 |  8.178448e+04 |   +0.68% |  3.72e-09 |      
      290 |   0.3660 |  8.140809e+04 |   -0.46% |  6.06e-09 |      
      300 |   0.3276 |  8.181304e+04 |   +0.50% |  9.58e-09 |      
      310 |   0.2972 |  8.202867e+04 |   +0.26% |  1.41e-08 |      
[INFO GPL-0040] Routability iteration: 1
[INFO GPL-0041] Total routing overflow: 0.0539
[INFO GPL-0042] Number of overflowed tiles: 2 (0.04%)
[INFO GPL-0043] Average top 0.5% routing congestion: 0.9314
[INFO GPL-0044] Average top 1.0% routing congestion: 0.8906
[INFO GPL-0045] Average top 2.0% routing congestion: 0.8513
[INFO GPL-0046] Average top 5.0% routing congestion: 0.7978
[INFO GPL-0047] Routability iteration weighted routing congestion: 0.9110
[INFO GPL-0050] Weighted routing congestion is lower than target routing congestion(1.0100), end routability optimization.
[INFO GPL-0090] Routability finished. Target routing congestion achieved succesfully.
Iteration | Overflow |     HPWL (um) |  HPWL(%) |   Penalty | Group
---------------------------------------------------------------
      320 |   0.2756 |  8.196159e+04 |   -0.08% |  2.08e-08 |      
      330 |   0.2654 |  8.199470e+04 |   +0.04% |  3.06e-08 |      
      340 |   0.2356 |  8.247420e+04 |   +0.58% |  4.51e-08 |      
      350 |   0.2116 |  8.287084e+04 |   +0.48% |  6.65e-08 |      
[INFO GPL-0100] Timing-driven iteration 2/2, virtual: false.
[INFO GPL-0101]    Iter: 360, overflow: 0.194, keep resizer changes at: 1, HPWL: 82800424
Iteration |   Area    | Resized | Buffers | Nets repaired | Remaining
---------------------------------------------------------------------
        0 |     +0.0% |       0 |       0 |             0 |      3796
    final |     +0.0% |       0 |       0 |             0 |         0
---------------------------------------------------------------------
   Iter   |    Area   | Removed | Inserted |   Pins
          |           | Buffers | Buffers  | Remaining
-------------------------------------------------------
        0 |     +0.0% |       0 |        0 |      3384
      330 |     -0.0% |      68 |       60 |      3054
      660 |     -0.0% |      70 |       62 |      2724
      990 |     +0.0% |      73 |       67 |      2394
     1320 |     -0.1% |      80 |       69 |      2064
     1650 |     -0.1% |      87 |       77 |      1734
     1980 |     -0.1% |      88 |       78 |      1404
     2310 |     -0.2% |      99 |       85 |      1074
     2640 |     -0.2% |     108 |       96 |       744
     2970 |     -0.1% |     128 |      121 |       414
     3300 |     +1.2% |     254 |      276 |        84
    final |     +1.4% |     293 |      318 |         0
-------------------------------------------------------
[INFO GPL-0106] Timing-driven: worst slack -3.11e-09
[INFO GPL-0107] Timing-driven: repair_design delta area: 460.442 um^2 (+1.62%)
[INFO GPL-0108] Timing-driven: repair_design, gpl delta gcells: 25 (+0.90%)
[INFO GPL-0109] Timing-driven: repair_design, gcells created: 318, deleted: 293
[INFO GPL-0110] Timing-driven: new target density: 0.31117204
Iteration | Overflow |     HPWL (um) |  HPWL(%) |   Penalty | Group
---------------------------------------------------------------
      360 |   0.2027 |  8.470955e+04 |   +2.22% |  9.79e-08 |      
      370 |   0.1697 |  8.467061e+04 |   -0.05% |  1.44e-07 |      
      380 |   0.1453 |  8.442913e+04 |   -0.29% |  2.12e-07 |      
      390 |   0.1323 |  8.428550e+04 |   -0.17% |  3.13e-07 |      
      400 |   0.1097 |  8.439885e+04 |   +0.13% |  4.61e-07 |      
      409 |   0.0991 |  8.440035e+04 |          |  6.79e-07 |      
---------------------------------------------------------------
[INFO GPL-1001] Global placement finished at iteration 409
[INFO GPL-1003] Routability mode iteration count: 84
[INFO GPL-1005] Routability final weighted congestion: 0.8177
[INFO GPL-1002] Placed Cell Area            28823.0362
[INFO GPL-1003] Available Free Area         239219.4304
[INFO GPL-1004] Minimum Feasible Density        0.1100 (cell_area / free_area)
[INFO GPL-1006]   Suggested Target Densities:
[INFO GPL-1007]     - For 90% usage of free space: 0.1339
[INFO GPL-1008]     - For 80% usage of free space: 0.1506
[INFO GPL-1009]     - For 50% usage of free space: 0.2410
[INFO GPL-1011] Original area (um^2): 26150.47
[INFO GPL-1012] Total routability artificial inflation: 0.00 (+0.00%)
[INFO GPL-1013] Total timing-driven delta area: 2672.56 (+10.22%)
[INFO GPL-1014] Final placement area: 28823.04 (+10.22%)
Took 17 seconds: global_placement -density 0.3 -pad_left 0 -pad_right 0 -routability_driven -timing_driven -force_center_initial_place -min_phi_coef 0.95 -max_phi_coef 1.05
estimate_parasitics -placement
Report metrics stage 3, global place...

==========================================================================
global place report_design_area
--------------------------------------------------------------------------
Design area 32982 um^2 14% utilization.
write_db ./results/sky130hd/dot_product/base/3_3_place_gp.odb
Elapsed time: 0:18.47[h:]min:sec. CPU time: user 250.87 sys 2.28 (1370%). Peak memory: 263164KB.
Log                        Elapsed/s Peak Memory/MB  sha1sum .odb [0:20)
3_3_place_gp                      18            256 83aa63bca0271ab4c9f4
