OpenROAD 26Q1-2290-g4589d89a40 
Features included (+) or not (-): +GPU +GUI +Python
This program is licensed under the BSD-3 license. See the LICENSE file for details.
Components of this program may be licensed under more restrictive licenses which must be honored.
[INFO ORD-0030] Using 16 thread(s).
read_liberty /OpenROAD-flow-scripts/flow/platforms/sky130hd/lib/sky130_fd_sc_hd__tt_025C_1v80.lib
read_db ./results/sky130hd/dot_product/base/4_cts.odb
read_sdc ./results/sky130hd/dot_product/base/4_cts.sdc
source /OpenROAD-flow-scripts/flow/platforms/sky130hd/setRC.tcl
pin_access
[INFO DRT-0149] Reading tech and libs.
[WARNING DRT-0349] LEF58_ENCLOSURE with no CUTCLASS is not supported. Skipping for layer mcon
[WARNING DRT-0349] LEF58_ENCLOSURE with no CUTCLASS is not supported. Skipping for layer mcon
[WARNING DRT-0349] LEF58_ENCLOSURE with no CUTCLASS is not supported. Skipping for layer via
[WARNING DRT-0349] LEF58_ENCLOSURE with no CUTCLASS is not supported. Skipping for layer via
[WARNING DRT-0349] LEF58_ENCLOSURE with no CUTCLASS is not supported. Skipping for layer via2
[WARNING DRT-0349] LEF58_ENCLOSURE with no CUTCLASS is not supported. Skipping for layer via2
[WARNING DRT-0349] LEF58_ENCLOSURE with no CUTCLASS is not supported. Skipping for layer via3
[WARNING DRT-0349] LEF58_ENCLOSURE with no CUTCLASS is not supported. Skipping for layer via3
[WARNING DRT-0349] LEF58_ENCLOSURE with no CUTCLASS is not supported. Skipping for layer via4
[WARNING DRT-0349] LEF58_ENCLOSURE with no CUTCLASS is not supported. Skipping for layer via4

Units:                1000
Number of layers:     13
Number of macros:     441
Number of vias:       29
Number of viarulegen: 25

[INFO DRT-0150] Reading design.

Design:                   dot_product
Die area:                 ( 0 0 ) ( 498480 498480 )
Number of track patterns: 12
Number of DEF vias:       0
Number of components:     6027
Number of terminals:      153
Number of snets:          2
Number of nets:           3830

[INFO DRT-0167] List of default vias:
  Layer via
    default via: M1M2_PR
  Layer via2
    default via: M2M3_PR
  Layer via3
    default via: M3M4_PR
  Layer via4
    default via: M4M5_PR
[INFO DRT-0162] Library cell analysis.
[INFO DRT-0163] Instance analysis.
[INFO DRT-0164] Number of unique instances = 107.
[INFO DRT-0168] Init region query.
[INFO DRT-0024]   Complete FR_MASTERSLICE.
[INFO DRT-0024]   Complete Fr_VIA.
[INFO DRT-0024]   Complete li1.
[INFO DRT-0024]   Complete mcon.
[INFO DRT-0024]   Complete met1.
[INFO DRT-0024]   Complete via.
[INFO DRT-0024]   Complete met2.
[INFO DRT-0024]   Complete via2.
[INFO DRT-0024]   Complete met3.
[INFO DRT-0024]   Complete via3.
[INFO DRT-0024]   Complete met4.
[INFO DRT-0024]   Complete via4.
[INFO DRT-0024]   Complete met5.
[INFO DRT-0033] FR_MASTERSLICE shape region query size = 0.
[INFO DRT-0033] FR_VIA shape region query size = 0.
[INFO DRT-0033] li1 shape region query size = 99333.
[INFO DRT-0033] mcon shape region query size = 60122.
[INFO DRT-0033] met1 shape region query size = 29799.
[INFO DRT-0033] via shape region query size = 16380.
[INFO DRT-0033] met2 shape region query size = 9938.
[INFO DRT-0033] via2 shape region query size = 13104.
[INFO DRT-0033] met3 shape region query size = 9869.
[INFO DRT-0033] via3 shape region query size = 13104.
[INFO DRT-0033] met4 shape region query size = 3960.
[INFO DRT-0033] via4 shape region query size = 648.
[INFO DRT-0033] met5 shape region query size = 720.
[INFO DRT-0165] Start pin access.
[INFO DRT-0078]   Complete 808 pins.
[INFO DRT-0079]   Complete 100 unique inst patterns.
[INFO DRT-0081]   Complete 107 unique inst patterns.
[INFO DRT-0084]   Complete 2233 groups.
#scanned instances     = 6027
#unique  instances     = 107
#stdCellGenAp          = 4278
#stdCellValidPlanarAp  = 67
#stdCellValidViaAp     = 2286
#stdCellPinNoAp        = 10
#stdCellPinCnt         = 8949
#instTermValidViaApCnt = 0
#macroGenAp            = 0
#macroValidPlanarAp    = 0
#macroValidViaAp       = 0
#macroNoAp             = 0
[INFO DRT-0166] Complete pin access.
[INFO DRT-0267] cpu time = 00:02:14, elapsed time = 00:00:16, memory = 157.33 (MB), peak = 157.33 (MB)
Took 16 seconds: pin_access
global_route -congestion_report_file ./reports/sky130hd/dot_product/base/congestion.rpt -congestion_iterations 30 -congestion_report_iter_step 5 -verbose
[INFO GRT-0020] Min routing layer: met1
[INFO GRT-0021] Max routing layer: met5
[INFO GRT-0022] Global adjustment: 0%
[INFO GRT-0023] Grid origin: (0, 0)
[INFO GRT-0088] Layer li1     Track-Pitch = 0.4600  line-2-Via Pitch: 0.3400
[INFO GRT-0088] Layer met1    Track-Pitch = 0.3400  line-2-Via Pitch: 0.3400
[INFO GRT-0088] Layer met2    Track-Pitch = 0.4600  line-2-Via Pitch: 0.3500
[INFO GRT-0088] Layer met3    Track-Pitch = 0.6800  line-2-Via Pitch: 0.6150
[INFO GRT-0088] Layer met4    Track-Pitch = 0.9200  line-2-Via Pitch: 1.0400
[INFO GRT-0088] Layer met5    Track-Pitch = 3.4000  line-2-Via Pitch: 3.1100
[INFO GRT-0003] Macros: 0
[INFO GRT-0004] Blockages: 4450
[INFO GRT-0019] Found 10 clock nets.
[INFO GRT-0001] Minimum degree: 2
[INFO GRT-0002] Maximum degree: 39

[INFO GRT-0053] Routing resources analysis:
          Routing      Original      Derated      Resource
Layer     Direction    Resources     Resources    Reduction (%)
---------------------------------------------------------------
li1        Vertical            0             0          0.00%
met1       Horizontal      72788         56309          22.64%
met2       Vertical        66456         51120          23.08%
met3       Horizontal      48701         38046          21.88%
met4       Vertical        32944         23359          29.09%
met5       Horizontal       7242          5183          28.43%
---------------------------------------------------------------

[INFO GRT-0197] Via related to pin nodes: 15276
[INFO GRT-0198] Via related Steiner nodes: 156
[INFO GRT-0199] Via filling finished.
[INFO GRT-0111] Final number of vias: 19225
[INFO GRT-0112] Final usage 3D: 71077

[INFO GRT-0096] Final congestion report:
Layer         Resource        Demand        Usage (%)    Max H / Max V / Total Overflow
---------------------------------------------------------------------------------------
li1                  0             0            0.00%             0 /  0 /  0
met1             56309          5317            9.44%             0 /  0 /  0
met2             51120          7334           14.35%             0 /  0 /  0
met3             38046           497            1.31%             0 /  0 /  0
met4             23359           254            1.09%             0 /  0 /  0
met5              5183             0            0.00%             0 /  0 /  0
---------------------------------------------------------------------------------------
Total           174017         13402            7.70%             0 /  0 /  0

[INFO GRT-0018] Total wirelength: 133245 um
[INFO GRT-0014] Routed nets: 3827
[INFO GRT-0303] Global routing runtime = 00:00:00
estimate_parasitics -global_routing
Perform buffer insertion and gate resizing...
repair_design -verbose
Iteration |   Area    | Resized | Buffers | Nets repaired | Remaining
---------------------------------------------------------------------
        0 |     +0.0% |       0 |       0 |             0 |      3837
       10 |     +0.0% |       0 |       0 |             0 |      3827
       20 |     +0.0% |       0 |       0 |             0 |      3817
       30 |     +0.0% |       0 |       0 |             0 |      3807
       40 |     +0.0% |       0 |       0 |             0 |      3797
       50 |     +0.0% |       0 |       0 |             0 |      3787
       60 |     +0.0% |       0 |       0 |             0 |      3777
       70 |     +0.0% |       0 |       0 |             0 |      3767
       80 |     +0.0% |       0 |       0 |             0 |      3757
       90 |     +0.0% |       0 |       0 |             0 |      3747
      100 |     +0.0% |       0 |       0 |             0 |      3737
      110 |     +0.0% |       0 |       0 |             0 |      3727
      120 |     +0.0% |       0 |       0 |             0 |      3717
      130 |     +0.0% |       0 |       0 |             0 |      3707
      140 |     +0.0% |       0 |       0 |             0 |      3697
      150 |     +0.0% |       0 |       0 |             0 |      3687
      160 |     +0.0% |       0 |       0 |             0 |      3677
      170 |     +0.0% |       0 |       0 |             0 |      3667
      180 |     +0.0% |       0 |       0 |             0 |      3657
      190 |     +0.0% |       0 |       0 |             0 |      3647
      200 |     +0.0% |       0 |       0 |             0 |      3637
      210 |     +0.0% |       0 |       0 |             0 |      3627
      220 |     +0.0% |       0 |       0 |             0 |      3617
      230 |     +0.0% |       0 |       0 |             0 |      3607
      240 |     +0.0% |       0 |       0 |             0 |      3597
      250 |     +0.0% |       0 |       0 |             0 |      3587
      260 |     +0.0% |       0 |       0 |             0 |      3577
      270 |     +0.0% |       0 |       0 |             0 |      3567
      280 |     +0.0% |       0 |       0 |             0 |      3557
      290 |     +0.0% |       0 |       0 |             0 |      3547
      300 |     +0.0% |       0 |       0 |             0 |      3537
      310 |     +0.0% |       0 |       0 |             0 |      3527
      320 |     +0.0% |       0 |       0 |             0 |      3517
      330 |     +0.0% |       0 |       0 |             0 |      3507
      340 |     +0.0% |       0 |       0 |             0 |      3497
      350 |     +0.0% |       0 |       0 |             0 |      3487
      360 |     +0.0% |       0 |       0 |             0 |      3477
      370 |     +0.0% |       0 |       0 |             0 |      3467
      380 |     +0.0% |       0 |       0 |             0 |      3457
      390 |     +0.0% |       0 |       0 |             0 |      3447
      400 |     +0.0% |       0 |       0 |             0 |      3437
      410 |     +0.0% |       0 |       0 |             0 |      3427
      420 |     +0.0% |       0 |       0 |             0 |      3417
      430 |     +0.0% |       0 |       0 |             0 |      3407
      440 |     +0.0% |       0 |       0 |             0 |      3397
      450 |     +0.0% |       0 |       0 |             0 |      3387
      460 |     +0.0% |       0 |       0 |             0 |      3377
      470 |     +0.0% |       0 |       0 |             0 |      3367
      480 |     +0.0% |       0 |       0 |             0 |      3357
      490 |     +0.0% |       0 |       0 |             0 |      3347
      500 |     +0.0% |       0 |       0 |             0 |      3337
      510 |     +0.0% |       0 |       0 |             0 |      3327
      520 |     +0.0% |       0 |       0 |             0 |      3317
      530 |     +0.0% |       0 |       0 |             0 |      3307
      540 |     +0.0% |       0 |       0 |             0 |      3297
      550 |     +0.0% |       0 |       0 |             0 |      3287
      560 |     +0.0% |       0 |       0 |             0 |      3277
      570 |     +0.0% |       0 |       0 |             0 |      3267
      580 |     +0.0% |       0 |       0 |             0 |      3257
      590 |     +0.0% |       0 |       0 |             0 |      3247
      600 |     +0.0% |       0 |       0 |             0 |      3237
      610 |     +0.0% |       0 |       0 |             0 |      3227
      620 |     +0.0% |       0 |       0 |             0 |      3217
      630 |     +0.0% |       0 |       0 |             0 |      3207
      640 |     +0.0% |       0 |       0 |             0 |      3197
      650 |     +0.0% |       0 |       0 |             0 |      3187
      660 |     +0.0% |       0 |       0 |             0 |      3177
      670 |     +0.0% |       0 |       0 |             0 |      3167
[WARNING RSZ-0104] Net _3149_ only has one pin. Check if it is intended to be dangling.
      680 |     +0.0% |       0 |       0 |             0 |      3157
      690 |     +0.0% |       0 |       0 |             0 |      3147
      700 |     +0.0% |       0 |       0 |             0 |      3137
      710 |     +0.0% |       0 |       0 |             0 |      3127
      720 |     +0.0% |       0 |       0 |             0 |      3117
      730 |     +0.0% |       0 |       0 |             0 |      3107
      740 |     +0.0% |       0 |       0 |             0 |      3097
      750 |     +0.0% |       0 |       0 |             0 |      3087
      760 |     +0.0% |       0 |       0 |             0 |      3077
      770 |     +0.0% |       0 |       0 |             0 |      3067
      780 |     +0.0% |       0 |       0 |             0 |      3057
[WARNING RSZ-0104] Net _3150_ only has one pin. Check if it is intended to be dangling.
      790 |     +0.0% |       0 |       0 |             0 |      3047
      800 |     +0.0% |       0 |       0 |             0 |      3037
      810 |     +0.0% |       0 |       0 |             0 |      3027
      820 |     +0.0% |       0 |       0 |             0 |      3017
      830 |     +0.0% |       0 |       0 |             0 |      3007
      840 |     +0.0% |       0 |       0 |             0 |      2997
      850 |     +0.0% |       0 |       0 |             0 |      2987
      860 |     +0.0% |       0 |       0 |             0 |      2977
      870 |     +0.0% |       0 |       0 |             0 |      2967
      880 |     +0.0% |       0 |       0 |             0 |      2957
      890 |     +0.0% |       0 |       0 |             0 |      2947
      900 |     +0.0% |       0 |       0 |             0 |      2937
      910 |     +0.0% |       0 |       0 |             0 |      2927
      920 |     +0.0% |       0 |       0 |             0 |      2917
      930 |     +0.0% |       0 |       0 |             0 |      2907
[WARNING RSZ-0104] Net _3147_ only has one pin. Check if it is intended to be dangling.
      940 |     +0.0% |       0 |       0 |             0 |      2897
      950 |     +0.0% |       0 |       0 |             0 |      2887
      960 |     +0.0% |       0 |       0 |             0 |      2877
      970 |     +0.0% |       0 |       0 |             0 |      2867
      980 |     +0.0% |       0 |       0 |             0 |      2857
      990 |     +0.0% |       0 |       0 |             0 |      2847
     1000 |     +0.0% |       0 |       0 |             0 |      2837
     1010 |     +0.0% |       0 |       0 |             0 |      2827
     1020 |     +0.0% |       0 |       0 |             0 |      2817
     1030 |     +0.0% |       0 |       0 |             0 |      2807
     1040 |     +0.0% |       0 |       0 |             0 |      2797
     1050 |     +0.0% |       0 |       0 |             0 |      2787
     1060 |     +0.0% |       0 |       0 |             0 |      2777
     1070 |     +0.0% |       0 |       0 |             0 |      2767
     1080 |     +0.0% |       0 |       0 |             0 |      2757
     1090 |     +0.0% |       0 |       0 |             0 |      2747
     1100 |     +0.0% |       0 |       0 |             0 |      2737
     1110 |     +0.0% |       0 |       0 |             0 |      2727
     1120 |     +0.0% |       0 |       0 |             0 |      2717
     1130 |     +0.0% |       0 |       0 |             0 |      2707
     1140 |     +0.0% |       0 |       0 |             0 |      2697
     1150 |     +0.0% |       0 |       0 |             0 |      2687
     1160 |     +0.0% |       0 |       0 |             0 |      2677
     1170 |     +0.0% |       0 |       0 |             0 |      2667
     1180 |     +0.0% |       0 |       0 |             0 |      2657
     1190 |     +0.0% |       0 |       0 |             0 |      2647
     1200 |     +0.0% |       0 |       0 |             0 |      2637
     1210 |     +0.0% |       0 |       0 |             0 |      2627
     1220 |     +0.0% |       0 |       0 |             0 |      2617
     1230 |     +0.0% |       0 |       0 |             0 |      2607
     1240 |     +0.0% |       0 |       0 |             0 |      2597
     1250 |     +0.0% |       0 |       0 |             0 |      2587
     1260 |     +0.0% |       0 |       0 |             0 |      2577
     1270 |     +0.0% |       0 |       0 |             0 |      2567
     1280 |     +0.0% |       0 |       0 |             0 |      2557
     1290 |     +0.0% |       0 |       0 |             0 |      2547
     1300 |     +0.0% |       0 |       0 |             0 |      2537
     1310 |     +0.0% |       0 |       0 |             0 |      2527
     1320 |     +0.0% |       0 |       0 |             0 |      2517
     1330 |     +0.0% |       0 |       0 |             0 |      2507
     1340 |     +0.0% |       0 |       0 |             0 |      2497
     1350 |     +0.0% |       0 |       0 |             0 |      2487
     1360 |     +0.0% |       0 |       0 |             0 |      2477
     1370 |     +0.0% |       0 |       0 |             0 |      2467
     1380 |     +0.0% |       0 |       0 |             0 |      2457
     1390 |     +0.0% |       0 |       0 |             0 |      2447
     1400 |     +0.0% |       0 |       0 |             0 |      2437
     1410 |     +0.0% |       0 |       0 |             0 |      2427
     1420 |     +0.0% |       0 |       0 |             0 |      2417
     1430 |     +0.0% |       0 |       0 |             0 |      2407
     1440 |     +0.0% |       0 |       0 |             0 |      2397
     1450 |     +0.0% |       0 |       0 |             0 |      2387
     1460 |     +0.0% |       0 |       0 |             0 |      2377
     1470 |     +0.0% |       0 |       0 |             0 |      2367
     1480 |     +0.0% |       0 |       0 |             0 |      2357
     1490 |     +0.0% |       0 |       0 |             0 |      2347
     1500 |     +0.0% |       0 |       0 |             0 |      2337
     1510 |     +0.0% |       0 |       0 |             0 |      2327
     1520 |     +0.0% |       0 |       0 |             0 |      2317
     1530 |     +0.0% |       0 |       0 |             0 |      2307
     1540 |     +0.0% |       0 |       0 |             0 |      2297
     1550 |     +0.0% |       0 |       0 |             0 |      2287
     1560 |     +0.0% |       0 |       0 |             0 |      2277
     1570 |     +0.0% |       0 |       0 |             0 |      2267
     1580 |     +0.0% |       0 |       0 |             0 |      2257
     1590 |     +0.0% |       0 |       0 |             0 |      2247
     1600 |     +0.0% |       0 |       0 |             0 |      2237
     1610 |     +0.0% |       0 |       0 |             0 |      2227
     1620 |     +0.0% |       0 |       0 |             0 |      2217
     1630 |     +0.0% |       0 |       0 |             0 |      2207
     1640 |     +0.0% |       0 |       0 |             0 |      2197
     1650 |     +0.0% |       0 |       0 |             0 |      2187
     1660 |     +0.0% |       0 |       0 |             0 |      2177
     1670 |     +0.0% |       0 |       0 |             0 |      2167
     1680 |     +0.0% |       0 |       0 |             0 |      2157
     1690 |     +0.0% |       0 |       0 |             0 |      2147
     1700 |     +0.0% |       0 |       0 |             0 |      2137
     1710 |     +0.0% |       0 |       0 |             0 |      2127
     1720 |     +0.0% |       0 |       0 |             0 |      2117
     1730 |     +0.0% |       0 |       0 |             0 |      2107
     1740 |     +0.0% |       0 |       0 |             0 |      2097
     1750 |     +0.0% |       0 |       0 |             0 |      2087
     1760 |     +0.0% |       0 |       0 |             0 |      2077
     1770 |     +0.0% |       0 |       0 |             0 |      2067
     1780 |     +0.0% |       0 |       0 |             0 |      2057
     1790 |     +0.0% |       0 |       0 |             0 |      2047
     1800 |     +0.0% |       0 |       0 |             0 |      2037
     1810 |     +0.0% |       0 |       0 |             0 |      2027
     1820 |     +0.0% |       0 |       0 |             0 |      2017
     1830 |     +0.0% |       0 |       0 |             0 |      2007
     1840 |     +0.0% |       0 |       0 |             0 |      1997
     1850 |     +0.0% |       0 |       0 |             0 |      1987
     1860 |     +0.0% |       0 |       0 |             0 |      1977
     1870 |     +0.0% |       0 |       0 |             0 |      1967
     1880 |     +0.0% |       0 |       0 |             0 |      1957
     1890 |     +0.0% |       0 |       0 |             0 |      1947
     1900 |     +0.0% |       0 |       0 |             0 |      1937
     1910 |     +0.0% |       0 |       0 |             0 |      1927
     1920 |     +0.0% |       0 |       0 |             0 |      1917
     1930 |     +0.0% |       0 |       0 |             0 |      1907
     1940 |     +0.0% |       0 |       0 |             0 |      1897
     1950 |     +0.0% |       0 |       0 |             0 |      1887
     1960 |     +0.0% |       0 |       0 |             0 |      1877
     1970 |     +0.0% |       0 |       0 |             0 |      1867
     1980 |     +0.0% |       0 |       0 |             0 |      1857
     1990 |     +0.0% |       0 |       0 |             0 |      1847
     2000 |     +0.0% |       0 |       0 |             0 |      1837
     2010 |     +0.0% |       0 |       0 |             0 |      1827
     2020 |     +0.0% |       0 |       0 |             0 |      1817
     2030 |     +0.0% |       0 |       0 |             0 |      1807
     2040 |     +0.0% |       0 |       0 |             0 |      1797
     2050 |     +0.0% |       0 |       0 |             0 |      1787
     2060 |     +0.0% |       0 |       0 |             0 |      1777
     2070 |     +0.0% |       0 |       0 |             0 |      1767
     2080 |     +0.0% |       0 |       0 |             0 |      1757
     2090 |     +0.0% |       0 |       0 |             0 |      1747
     2100 |     +0.0% |       0 |       0 |             0 |      1737
     2110 |     +0.0% |       0 |       0 |             0 |      1727
     2120 |     +0.0% |       0 |       0 |             0 |      1717
     2130 |     +0.0% |       0 |       0 |             0 |      1707
     2140 |     +0.0% |       0 |       0 |             0 |      1697
     2150 |     +0.0% |       0 |       0 |             0 |      1687
     2160 |     +0.0% |       0 |       0 |             0 |      1677
     2170 |     +0.0% |       0 |       0 |             0 |      1667
     2180 |     +0.0% |       0 |       0 |             0 |      1657
     2190 |     +0.0% |       0 |       0 |             0 |      1647
     2200 |     +0.0% |       0 |       0 |             0 |      1637
     2210 |     +0.0% |       0 |       0 |             0 |      1627
     2220 |     +0.0% |       0 |       0 |             0 |      1617
     2230 |     +0.0% |       0 |       0 |             0 |      1607
     2240 |     +0.0% |       0 |       0 |             0 |      1597
     2250 |     +0.0% |       0 |       0 |             0 |      1587
     2260 |     +0.0% |       0 |       0 |             0 |      1577
     2270 |     +0.0% |       0 |       0 |             0 |      1567
     2280 |     +0.0% |       0 |       0 |             0 |      1557
     2290 |     +0.0% |       0 |       0 |             0 |      1547
     2300 |     +0.0% |       0 |       0 |             0 |      1537
     2310 |     +0.0% |       0 |       0 |             0 |      1527
     2320 |     +0.0% |       0 |       0 |             0 |      1517
     2330 |     +0.0% |       0 |       0 |             0 |      1507
     2340 |     +0.0% |       0 |       0 |             0 |      1497
     2350 |     +0.0% |       0 |       0 |             0 |      1487
     2360 |     +0.0% |       0 |       0 |             0 |      1477
     2370 |     +0.0% |       0 |       0 |             0 |      1467
     2380 |     +0.0% |       0 |       0 |             0 |      1457
     2390 |     +0.0% |       0 |       0 |             0 |      1447
     2400 |     +0.0% |       0 |       0 |             0 |      1437
     2410 |     +0.0% |       0 |       0 |             0 |      1427
     2420 |     +0.0% |       0 |       0 |             0 |      1417
     2430 |     +0.0% |       0 |       0 |             0 |      1407
     2440 |     +0.0% |       0 |       0 |             0 |      1397
     2450 |     +0.0% |       0 |       0 |             0 |      1387
     2460 |     +0.0% |       0 |       0 |             0 |      1377
     2470 |     +0.0% |       0 |       0 |             0 |      1367
     2480 |     +0.0% |       0 |       0 |             0 |      1357
     2490 |     +0.0% |       0 |       0 |             0 |      1347
     2500 |     +0.0% |       0 |       0 |             0 |      1337
     2510 |     +0.0% |       0 |       0 |             0 |      1327
     2520 |     +0.0% |       0 |       0 |             0 |      1317
     2530 |     +0.0% |       0 |       0 |             0 |      1307
     2540 |     +0.0% |       0 |       0 |             0 |      1297
     2550 |     +0.0% |       0 |       0 |             0 |      1287
     2560 |     +0.0% |       0 |       0 |             0 |      1277
     2570 |     +0.0% |       0 |       0 |             0 |      1267
     2580 |     +0.0% |       0 |       0 |             0 |      1257
     2590 |     +0.0% |       0 |       0 |             0 |      1247
     2600 |     +0.0% |       0 |       0 |             0 |      1237
     2610 |     +0.0% |       0 |       0 |             0 |      1227
     2620 |     +0.0% |       0 |       0 |             0 |      1217
     2630 |     +0.0% |       0 |       0 |             0 |      1207
     2640 |     +0.0% |       0 |       0 |             0 |      1197
     2650 |     +0.0% |       0 |       0 |             0 |      1187
     2660 |     +0.0% |       0 |       0 |             0 |      1177
     2670 |     +0.0% |       0 |       0 |             0 |      1167
     2680 |     +0.0% |       0 |       0 |             0 |      1157
     2690 |     +0.0% |       0 |       0 |             0 |      1147
     2700 |     +0.0% |       0 |       0 |             0 |      1137
     2710 |     +0.0% |       0 |       0 |             0 |      1127
     2720 |     +0.0% |       0 |       0 |             0 |      1117
     2730 |     +0.0% |       0 |       0 |             0 |      1107
     2740 |     +0.0% |       0 |       0 |             0 |      1097
     2750 |     +0.0% |       0 |       0 |             0 |      1087
     2760 |     +0.0% |       0 |       0 |             0 |      1077
     2770 |     +0.0% |       0 |       0 |             0 |      1067
     2780 |     +0.0% |       0 |       0 |             0 |      1057
     2790 |     +0.0% |       0 |       0 |             0 |      1047
     2800 |     +0.0% |       0 |       0 |             0 |      1037
     2810 |     +0.0% |       0 |       0 |             0 |      1027
     2820 |     +0.0% |       0 |       0 |             0 |      1017
     2830 |     +0.0% |       0 |       0 |             0 |      1007
     2840 |     +0.0% |       0 |       0 |             0 |       997
     2850 |     +0.0% |       0 |       0 |             0 |       987
     2860 |     +0.0% |       0 |       0 |             0 |       977
     2870 |     +0.0% |       0 |       0 |             0 |       967
     2880 |     +0.0% |       0 |       0 |             0 |       957
     2890 |     +0.0% |       0 |       0 |             0 |       947
     2900 |     +0.0% |       0 |       0 |             0 |       937
     2910 |     +0.0% |       0 |       0 |             0 |       927
     2920 |     +0.0% |       0 |       0 |             0 |       917
     2930 |     +0.0% |       0 |       0 |             0 |       907
     2940 |     +0.0% |       0 |       0 |             0 |       897
     2950 |     +0.0% |       0 |       0 |             0 |       887
     2960 |     +0.0% |       0 |       0 |             0 |       877
     2970 |     +0.0% |       0 |       0 |             0 |       867
     2980 |     +0.0% |       0 |       0 |             0 |       857
     2990 |     +0.0% |       0 |       0 |             0 |       847
     3000 |     +0.0% |       0 |       0 |             0 |       837
     3010 |     +0.0% |       0 |       0 |             0 |       827
     3020 |     +0.0% |       0 |       0 |             0 |       817
     3030 |     +0.0% |       0 |       0 |             0 |       807
     3040 |     +0.0% |       0 |       0 |             0 |       797
     3050 |     +0.0% |       0 |       0 |             0 |       787
     3060 |     +0.0% |       0 |       0 |             0 |       777
     3070 |     +0.0% |       0 |       0 |             0 |       767
     3080 |     +0.0% |       0 |       0 |             0 |       757
     3090 |     +0.0% |       0 |       0 |             0 |       747
     3100 |     +0.0% |       0 |       0 |             0 |       737
     3110 |     +0.0% |       0 |       0 |             0 |       727
     3120 |     +0.0% |       0 |       0 |             0 |       717
     3130 |     +0.0% |       0 |       0 |             0 |       707
     3140 |     +0.0% |       0 |       0 |             0 |       697
     3150 |     +0.0% |       0 |       0 |             0 |       687
     3160 |     +0.0% |       0 |       0 |             0 |       677
     3170 |     +0.0% |       0 |       0 |             0 |       667
     3180 |     +0.0% |       0 |       0 |             0 |       657
     3190 |     +0.0% |       0 |       0 |             0 |       647
     3200 |     +0.0% |       0 |       0 |             0 |       637
     3210 |     +0.0% |       0 |       0 |             0 |       627
     3220 |     +0.0% |       0 |       0 |             0 |       617
     3230 |     +0.0% |       0 |       0 |             0 |       607
     3240 |     +0.0% |       0 |       0 |             0 |       597
     3250 |     +0.0% |       0 |       0 |             0 |       587
     3260 |     +0.0% |       0 |       0 |             0 |       577
     3270 |     +0.0% |       0 |       0 |             0 |       567
     3280 |     +0.0% |       0 |       0 |             0 |       557
     3290 |     +0.0% |       0 |       0 |             0 |       547
     3300 |     +0.0% |       0 |       0 |             0 |       537
     3310 |     +0.0% |       0 |       0 |             0 |       527
     3320 |     +0.0% |       0 |       0 |             0 |       517
     3330 |     +0.0% |       0 |       0 |             0 |       507
     3340 |     +0.0% |       0 |       0 |             0 |       497
     3350 |     +0.0% |       0 |       0 |             0 |       487
     3360 |     +0.0% |       0 |       0 |             0 |       477
     3370 |     +0.0% |       0 |       0 |             0 |       467
     3380 |     +0.0% |       0 |       0 |             0 |       457
     3390 |     +0.0% |       0 |       0 |             0 |       447
     3400 |     +0.0% |       0 |       0 |             0 |       437
     3410 |     +0.0% |       0 |       0 |             0 |       427
     3420 |     +0.0% |       0 |       0 |             0 |       417
     3430 |     +0.0% |       0 |       0 |             0 |       407
     3440 |     +0.0% |       0 |       0 |             0 |       397
     3450 |     +0.0% |       0 |       0 |             0 |       387
     3460 |     +0.0% |       0 |       0 |             0 |       377
     3470 |     +0.0% |       0 |       0 |             0 |       367
     3480 |     +0.0% |       0 |       0 |             0 |       357
     3490 |     +0.0% |       0 |       0 |             0 |       347
     3500 |     +0.0% |       0 |       0 |             0 |       337
     3510 |     +0.0% |       0 |       0 |             0 |       327
     3520 |     +0.0% |       0 |       0 |             0 |       317
     3530 |     +0.0% |       0 |       0 |             0 |       307
     3540 |     +0.0% |       0 |       0 |             0 |       297
     3550 |     +0.0% |       0 |       0 |             0 |       287
     3560 |     +0.0% |       0 |       0 |             0 |       277
     3570 |     +0.0% |       0 |       0 |             0 |       267
     3580 |     +0.0% |       0 |       0 |             0 |       257
     3590 |     +0.0% |       0 |       0 |             0 |       247
     3600 |     +0.0% |       0 |       0 |             0 |       237
     3610 |     +0.0% |       0 |       0 |             0 |       227
     3620 |     +0.0% |       0 |       0 |             0 |       217
     3630 |     +0.0% |       0 |       0 |             0 |       207
     3640 |     +0.0% |       0 |       0 |             0 |       197
     3650 |     +0.0% |       0 |       0 |             0 |       187
     3660 |     +0.0% |       0 |       0 |             0 |       177
     3670 |     +0.0% |       0 |       0 |             0 |       167
     3680 |     +0.0% |       0 |       0 |             0 |       157
     3690 |     +0.0% |       0 |       0 |             0 |       147
     3700 |     +0.0% |       0 |       0 |             0 |       137
     3710 |     +0.0% |       0 |       0 |             0 |       127
     3720 |     +0.0% |       0 |       0 |             0 |       117
     3730 |     +0.0% |       0 |       0 |             0 |       107
     3740 |     +0.0% |       0 |       0 |             0 |        97
     3750 |     +0.0% |       0 |       0 |             0 |        87
     3760 |     +0.0% |       0 |       0 |             0 |        77
     3770 |     +0.0% |       0 |       0 |             0 |        67
     3780 |     +0.0% |       0 |       0 |             0 |        57
     3790 |     +0.0% |       0 |       0 |             0 |        47
     3800 |     +0.0% |       0 |       0 |             0 |        37
     3810 |     +0.0% |       0 |       0 |             0 |        27
     3820 |     +0.0% |       0 |       0 |             0 |        17
     3830 |     +0.0% |       0 |       0 |             0 |         7
    final |     +0.0% |       0 |       0 |             0 |         0
---------------------------------------------------------------------
global_route -start_incremental
detailed_placement
[INFO DPL-0005] Max displacement: +/- 500 sites horizontally, +/- 100 rows vertically.
Movements Summary
---------------------------------------
Total cells:                    2825
Diamond Move Success:           2825 (100.00%)
Diamond Move Failure:              0
Rip-up and replace Success:        0 (  0.00% of diamond failures)
Rip-up and replace Failure:        0
Total Placement Failures:          0
---------------------------------------
Placement Analysis
---------------------------------
total displacement          0.0 u
average displacement        0.0 u
max displacement            0.0 u
original HPWL           86822.8 u
legalized HPWL          86822.8 u
delta HPWL                    0 %

global_route -end_incremental -congestion_report_file ./reports/sky130hd/dot_product/base/congestion_post_repair_design.rpt
Repair setup and hold violations...
estimate_parasitics -global_routing
repair_timing -setup_margin 0.05 -hold_margin 0.05 -repair_tns 100 -verbose
[INFO RSZ-0100] Repair move sequence: UnbufferMove SizeUpMove SwapPinsMove BufferMove CloneMove SplitLoadMove 
[INFO RSZ-0094] Found 19 endpoints with setup violations.
[INFO RSZ-0099] Repairing 19 out of 19 (100.00%) violating endpoints...
   Iter   | Removed | Resized | Inserted | Cloned |  Pin  |   Area   |    WNS   |   TNS      |  Viol  | Worst
          | Buffers |  Gates  | Buffers  |  Gates | Swaps |          |          |            | Endpts | Endpt
--------------------------------------------------------------------------------------------------------------
        0 |       0 |       0 |        0 |      0 |     0 |    +0.0% |   -3.445 |      -47.0 |     19 | dot_out[12]
       10 |       0 |       7 |        1 |      0 |     1 |    +0.1% |   -3.271 |      -46.1 |     19 | dot_out[16]
       20 |       0 |      15 |        2 |      0 |     2 |    +0.2% |   -3.240 |      -45.8 |     19 | dot_out[16]
       30 |       0 |      19 |        4 |      0 |     7 |    +0.3% |   -3.212 |      -45.7 |     19 | dot_out[16]
       40 |       0 |      25 |        4 |      0 |    11 |    +0.3% |   -3.186 |      -45.3 |     19 | dot_out[16]
       50 |       0 |      33 |        4 |      0 |    13 |    +0.4% |   -3.191 |      -44.9 |     19 | dot_out[16]
       60 |       0 |      42 |        4 |      0 |    14 |    +0.5% |   -3.139 |      -44.7 |     19 | dot_out[16]
       70 |       0 |      50 |        4 |      0 |    16 |    +0.5% |   -3.119 |      -44.6 |     19 | dot_out[16]
       80 |       0 |      57 |        4 |      0 |    19 |    +0.6% |   -3.116 |      -44.5 |     19 | dot_out[16]
       90 |       0 |      62 |        4 |      0 |    24 |    +0.6% |   -3.099 |      -44.3 |     19 | dot_out[16]
      100 |       0 |      67 |        4 |      0 |    29 |    +0.7% |   -3.082 |      -44.1 |     19 | dot_out[16]
      110 |       0 |      75 |        4 |      0 |    31 |    +0.7% |   -3.068 |      -44.0 |     19 | dot_out[16]
      120 |       0 |      83 |        4 |      0 |    33 |    +0.8% |   -3.055 |      -43.9 |     19 | dot_out[16]
      130 |       0 |      93 |        4 |      0 |    33 |    +0.9% |   -3.053 |      -43.5 |     19 | dot_out[16]
      140 |       0 |      99 |        5 |      0 |    36 |    +1.0% |   -3.030 |      -43.5 |     19 | dot_out[16]
      150 |       0 |     105 |        6 |      0 |    39 |    +1.0% |   -2.999 |      -42.8 |     19 | dot_out[16]
      160 |       0 |     108 |        6 |      0 |    46 |    +1.1% |   -3.043 |      -42.6 |     19 | dot_out[19]
      170 |       0 |     111 |        7 |      0 |    52 |    +1.1% |   -2.988 |      -42.3 |     19 | dot_out[16]
      180 |       0 |     118 |        7 |      0 |    55 |    +1.2% |   -2.991 |      -41.9 |     19 | dot_out[19]
      190 |       1 |     121 |        8 |      0 |    60 |    +1.2% |   -2.928 |      -41.6 |     19 | dot_out[16]
      200 |       1 |     126 |        9 |      0 |    64 |    +1.3% |   -3.018 |      -43.0 |     19 | dot_out[16]
      210 |       1 |     133 |        9 |      0 |    67 |    +1.2% |   -2.916 |      -40.5 |     19 | dot_out[16]
      220 |       1 |     142 |        9 |      0 |    68 |    +1.2% |   -2.872 |      -39.6 |     19 | dot_out[16]
      230 |       1 |     148 |       12 |      0 |    70 |    +1.3% |   -2.861 |      -39.5 |     19 | dot_out[16]
      236 |       1 |     149 |       13 |      0 |    73 |    +1.4% |   -2.786 |      -39.1 |     19 | dot_out[16]
      240 |       1 |     151 |       13 |      0 |    74 |    +1.4% |   -2.817 |      -39.1 |     19 | dot_out[19]
      250 |       1 |     159 |       13 |      0 |    76 |    +1.3% |   -2.786 |      -38.6 |     19 | dot_out[16]
      260 |       1 |     166 |       13 |      0 |    79 |    +1.3% |   -2.786 |      -38.5 |     19 | dot_out[16]
      270 |       1 |     173 |       13 |      0 |    82 |    +1.4% |   -2.786 |      -38.3 |     19 | dot_out[16]
      280 |       1 |     179 |       13 |      0 |    86 |    +1.4% |   -2.786 |      -38.3 |     19 | dot_out[16]
      290 |       1 |     185 |       15 |      0 |    89 |    +1.4% |   -2.786 |      -38.2 |     19 | dot_out[16]
      300 |       1 |     191 |       15 |      0 |    93 |    +1.4% |   -2.786 |      -38.3 |     19 | dot_out[16]
      310 |       1 |     195 |       17 |      0 |    98 |    +1.5% |   -2.786 |      -38.2 |     19 | dot_out[16]
      320 |       1 |     203 |       17 |      0 |   100 |    +1.5% |   -2.786 |      -38.2 |     19 | dot_out[16]
      330 |       1 |     208 |       17 |      0 |   105 |    +1.5% |   -2.790 |      -38.1 |     19 | dot_out[16]
      340 |       1 |     213 |       18 |      0 |   109 |    +1.5% |   -2.790 |      -38.2 |     19 | dot_out[16]
      350 |       1 |     219 |       19 |      0 |   112 |    +1.6% |   -2.803 |      -38.3 |     19 | dot_out[16]
      360 |       1 |     225 |       19 |      0 |   116 |    +1.6% |   -2.803 |      -38.2 |     19 | dot_out[16]
      370 |       1 |     232 |       20 |      0 |   118 |    +1.6% |   -2.803 |      -38.2 |     19 | dot_out[16]
      378 |       1 |     207 |       17 |      0 |   105 |    +1.5% |   -2.786 |      -38.1 |     19 | dot_out[16]
      380 |       1 |     208 |       17 |      0 |   105 |    +1.5% |   -2.786 |      -38.0 |     19 | dot_out[16]
      390 |       1 |     213 |       20 |      0 |   107 |    +1.6% |   -2.790 |      -38.1 |     19 | dot_out[16]
      395 |       1 |     211 |       19 |      0 |   106 |    +1.6% |   -2.786 |      -37.9 |     19 | dot_out[16]
      396 |       1 |     211 |       19 |      0 |   106 |    +1.6% |   -2.786 |      -37.9 |     19 | dot_out[16]
      399 |       1 |     211 |       19 |      0 |   106 |    +1.6% |   -2.786 |      -37.9 |     19 | dot_out[16]
      400 |       1 |     211 |       19 |      0 |   106 |    +1.6% |   -2.786 |      -37.9 |     19 | dot_out[16]
      410 |       1 |     216 |       20 |      0 |   110 |    +1.5% |   -2.786 |      -37.4 |     19 | dot_out[16]
      420 |       1 |     219 |       20 |      0 |   117 |    +1.5% |   -2.786 |      -37.4 |     19 | dot_out[16]
      430 |       1 |     224 |       21 |      0 |   121 |    +1.6% |   -2.786 |      -37.7 |     19 | dot_out[16]
      440 |       1 |     228 |       23 |      0 |   126 |    +1.6% |   -2.786 |      -37.6 |     19 | dot_out[16]
      450 |       1 |     235 |       24 |      0 |   128 |    +1.5% |   -2.786 |      -37.5 |     19 | dot_out[16]
      460 |       1 |     241 |       24 |      0 |   132 |    +1.5% |   -2.786 |      -38.0 |     19 | dot_out[16]
      463 |       1 |     217 |       20 |      0 |   112 |    +1.5% |   -2.786 |      -37.4 |     19 | dot_out[16]
      470 |       1 |     221 |       21 |      0 |   113 |    +1.6% |   -2.786 |      -37.2 |     19 | dot_out[16]
      480 |       1 |     228 |       24 |      0 |   113 |    +1.8% |   -2.790 |      -37.4 |     19 | dot_out[16]
      490 |       1 |     236 |       26 |      0 |   113 |    +1.9% |   -2.803 |      -37.5 |     19 | dot_out[16]
      500 |       1 |     243 |       27 |      0 |   115 |    +1.9% |   -2.803 |      -37.4 |     19 | dot_out[16]
      502 |       1 |     218 |       20 |      0 |   112 |    +1.5% |   -2.786 |      -37.1 |     19 | dot_out[16]
      510 |       1 |     222 |       22 |      0 |   113 |    +1.7% |   -2.795 |      -37.1 |     19 | dot_out[16]
      520 |       1 |     227 |       26 |      0 |   114 |    +1.8% |   -2.795 |      -37.5 |     19 | dot_out[16]
      528 |       1 |     219 |       20 |      0 |   112 |    +1.6% |   -2.786 |      -37.1 |     19 | dot_out[16]
      530 |       1 |     219 |       20 |      0 |   113 |    +1.6% |   -2.786 |      -37.1 |     19 | dot_out[16]
      540 |       1 |     227 |       22 |      0 |   113 |    +1.7% |   -2.790 |      -37.4 |     19 | dot_out[16]
      550 |       1 |     234 |       25 |      0 |   113 |    +1.8% |   -2.803 |      -37.4 |     19 | dot_out[16]
      560 |       1 |     240 |       28 |      0 |   114 |    +1.9% |   -2.803 |      -37.7 |     19 | dot_out[16]
      563 |       1 |     221 |       22 |      0 |   113 |    +1.7% |   -2.786 |      -37.4 |     19 | dot_out[16]
      570 |       1 |     225 |       22 |      0 |   115 |    +1.7% |   -2.786 |      -36.6 |     19 | dot_out[16]
      580 |       1 |     228 |       22 |      0 |   122 |    +1.7% |   -2.786 |      -36.3 |     19 | dot_out[16]
      590 |       1 |     234 |       24 |      0 |   124 |    +1.8% |   -2.786 |      -36.5 |     19 | dot_out[16]
      600 |       1 |     241 |       26 |      0 |   125 |    +1.9% |   -2.786 |      -36.8 |     19 | dot_out[16]
      610 |       1 |     248 |       27 |      0 |   127 |    +1.9% |   -2.786 |      -37.1 |     19 | dot_out[16]
      620 |       2 |     255 |       29 |      0 |   127 |    +1.8% |   -2.786 |      -36.9 |     19 | dot_out[16]
      630 |       2 |     264 |       32 |      0 |   127 |    +1.9% |   -2.786 |      -36.9 |     19 | dot_out[16]
      633 |       1 |     230 |       22 |      0 |   123 |    +1.7% |   -2.786 |      -36.2 |     19 | dot_out[16]
      640 |       1 |     234 |       22 |      0 |   125 |    +1.8% |   -2.786 |      -36.1 |     19 | dot_out[16]
      650 |       1 |     243 |       23 |      0 |   125 |    +1.8% |   -2.789 |      -36.1 |     19 | dot_out[16]
      660 |       1 |     250 |       25 |      0 |   127 |    +1.9% |   -2.792 |      -36.3 |     19 | dot_out[16]
      670 |       1 |     259 |       25 |      1 |   127 |    +1.9% |   -2.792 |      -36.2 |     19 | dot_out[16]
      679 |       1 |     234 |       22 |      0 |   125 |    +1.8% |   -2.786 |      -36.1 |     19 | dot_out[16]
      680 |       1 |     234 |       22 |      0 |   125 |    +1.8% |   -2.786 |      -36.1 |     19 | dot_out[16]
      685 |       1 |     235 |       23 |      0 |   127 |    +1.8% |   -2.786 |      -36.1 |     19 | dot_out[16]
      690 |       1 |     238 |       23 |      0 |   128 |    +1.9% |   -2.786 |      -36.1 |     19 | dot_out[16]
      700 |       1 |     243 |       23 |      0 |   133 |    +1.9% |   -2.786 |      -36.4 |     19 | dot_out[16]
      710 |       1 |     252 |       24 |      0 |   133 |    +2.0% |   -2.786 |      -36.1 |     19 | dot_out[16]
      720 |       1 |     255 |       26 |      0 |   138 |    +2.0% |   -2.786 |      -36.3 |     19 | dot_out[16]
      730 |       2 |     261 |       28 |      0 |   139 |    +2.1% |   -2.786 |      -36.2 |     19 | dot_out[16]
      740 |       2 |     267 |       28 |      0 |   143 |    +2.2% |   -2.786 |      -36.1 |     19 | dot_out[16]
      750 |       2 |     269 |       29 |      0 |   150 |    +2.3% |   -2.786 |      -36.1 |     19 | dot_out[16]
      760 |       2 |     275 |       31 |      0 |   152 |    +2.4% |   -2.786 |      -36.4 |     19 | dot_out[16]
      761 |       1 |     252 |       24 |      0 |   134 |    +2.0% |   -2.786 |      -36.0 |     19 | dot_out[16]
      770 |       1 |     259 |       24 |      0 |   135 |    +2.1% |   -2.786 |      -35.5 |     19 | dot_out[16]
      780 |       1 |     265 |       28 |      0 |   135 |    +2.2% |   -2.786 |      -36.1 |     19 | dot_out[16]
      790 |       1 |     271 |       32 |      0 |   135 |    +2.3% |   -2.786 |      -36.9 |     19 | dot_out[16]
      800 |       1 |     278 |       34 |      0 |   136 |    +2.5% |   -2.786 |      -36.8 |     19 | dot_out[16]
      810 |       1 |     283 |       36 |      0 |   139 |    +2.6% |   -2.786 |      -37.3 |     19 | dot_out[16]
      813 |       1 |     259 |       24 |      0 |   135 |    +2.1% |   -2.786 |      -35.5 |     19 | dot_out[16]
      820 |       1 |     263 |       24 |      0 |   137 |    +2.2% |   -2.786 |      -35.4 |     19 | dot_out[16]
      830 |       1 |     270 |       25 |      0 |   139 |    +2.2% |   -2.786 |      -35.5 |     19 | dot_out[16]
      840 |       1 |     276 |       28 |      0 |   140 |    +2.3% |   -2.786 |      -35.8 |     19 | dot_out[16]
      850 |       1 |     285 |       29 |      0 |   140 |    +2.3% |   -2.786 |      -36.0 |     19 | dot_out[16]
      860 |       1 |     291 |       32 |      0 |   141 |    +2.5% |   -2.786 |      -36.9 |     19 | dot_out[16]
      866 |       1 |     269 |       24 |      0 |   138 |    +2.2% |   -2.786 |      -35.3 |     19 | dot_out[16]
      870 |       1 |     272 |       24 |      0 |   138 |    +2.3% |   -2.786 |      -35.1 |     19 | dot_out[16]
      880 |       3 |     278 |       24 |      0 |   140 |    +2.3% |   -2.789 |      -34.8 |     19 | dot_out[16]
      880 |       1 |     274 |       24 |      0 |   140 |    +2.3% |   -2.786 |      -35.0 |     19 | dot_out[16]
      890 |       1 |     283 |       24 |      0 |   140 |    +2.4% |   -2.786 |      -34.9 |     19 | dot_out[16]
      900 |       1 |     290 |       25 |      0 |   142 |    +2.5% |   -2.786 |      -35.2 |     19 | dot_out[16]
      903 |       1 |     284 |       24 |      0 |   140 |    +2.4% |   -2.786 |      -34.8 |     19 | dot_out[16]
      910 |       1 |     288 |       24 |      0 |   142 |    +2.4% |   -2.786 |      -34.8 |     19 | dot_out[16]
      920 |       1 |     295 |       24 |      0 |   145 |    +2.4% |   -2.786 |      -34.8 |     19 | dot_out[16]
      930 |       1 |     300 |       24 |      0 |   150 |    +2.4% |   -2.786 |      -34.9 |     19 | dot_out[16]
      940 |       1 |     308 |       24 |      0 |   152 |    +2.5% |   -2.786 |      -34.8 |     19 | dot_out[16]
      950 |       1 |     315 |       25 |      0 |   154 |    +2.7% |   -2.786 |      -34.8 |     19 | dot_out[16]
      960 |       1 |     323 |       26 |      0 |   155 |    +2.7% |   -2.786 |      -34.8 |     19 | dot_out[16]
      970 |       1 |     330 |       28 |      0 |   157 |    +2.9% |   -2.786 |      -34.8 |     19 | dot_out[16]
      978 |       1 |     329 |       26 |      0 |   157 |    +2.8% |   -2.786 |      -34.7 |     19 | dot_out[16]
      979 |       1 |     329 |       26 |      0 |   157 |    +2.8% |   -2.786 |      -34.7 |     18 | dot_out[16]
     980* |       1 |     329 |       26 |      0 |   157 |    +2.8% |   -2.786 |      -34.7 |     18 | dot_out[16]
     980* |       1 |     329 |       26 |      0 |   157 |    +2.8% |   -2.786 |      -34.7 |     18 | dot_out[16]
     982* |       1 |     330 |       26 |      0 |   157 |    +2.8% |   -2.786 |      -34.7 |     18 | dot_out[16]
     984* |       1 |     331 |       26 |      0 |   157 |    +2.8% |   -2.786 |      -34.7 |     18 | dot_out[16]
     985* |       1 |     331 |       26 |      0 |   157 |    +2.8% |   -2.786 |      -34.7 |     18 | dot_out[16]
     987* |       1 |     332 |       26 |      0 |   157 |    +2.9% |   -2.786 |      -34.7 |     18 | dot_out[16]
     988* |       1 |     332 |       26 |      0 |   157 |    +2.9% |   -2.786 |      -34.7 |     18 | dot_out[16]
     989* |       1 |     332 |       26 |      0 |   157 |    +2.9% |   -2.786 |      -34.7 |     18 | dot_out[16]
     990* |       1 |     332 |       26 |      0 |   157 |    +2.9% |   -2.786 |      -34.7 |     18 | dot_out[16]
     993* |       1 |     335 |       26 |      0 |   157 |    +2.9% |   -2.786 |      -34.6 |     18 | dot_out[16]
     994* |       1 |     335 |       26 |      0 |   157 |    +2.9% |   -2.786 |      -34.6 |     18 | dot_out[16]
    1000* |       1 |     340 |       26 |      0 |   157 |    +2.9% |   -2.786 |      -34.6 |     18 | dot_out[16]
    1004* |       1 |     345 |       26 |      0 |   157 |    +2.9% |   -2.786 |      -34.6 |     18 | dot_out[16]
    1005* |       1 |     345 |       26 |      0 |   157 |    +2.9% |   -2.786 |      -34.6 |     18 | dot_out[16]
    1009* |       1 |     348 |       26 |      0 |   157 |    +2.9% |   -2.786 |      -34.5 |     18 | dot_out[16]
    1010* |       1 |     348 |       26 |      0 |   157 |    +2.9% |   -2.786 |      -34.5 |     18 | dot_out[16]
    1019* |       1 |     358 |       26 |      0 |   157 |    +3.0% |   -2.786 |      -34.4 |     18 | dot_out[16]
    1020* |       1 |     358 |       26 |      0 |   157 |    +3.0% |   -2.786 |      -34.4 |     18 | dot_out[16]
    1022* |       1 |     360 |       26 |      0 |   157 |    +2.9% |   -2.786 |      -34.4 |     18 | dot_out[16]
    1024* |       1 |     360 |       26 |      0 |   158 |    +2.9% |   -2.786 |      -34.4 |     18 | dot_out[16]
    1026* |       1 |     360 |       26 |      0 |   159 |    +2.9% |   -2.786 |      -34.4 |     18 | dot_out[16]
    1027* |       1 |     360 |       26 |      0 |   159 |    +2.9% |   -2.786 |      -34.4 |     18 | dot_out[16]
    1029* |       1 |     361 |       26 |      0 |   159 |    +3.0% |   -2.786 |      -34.4 |     18 | dot_out[16]
    final |       1 |     361 |       26 |      0 |   159 |    +3.0% |   -2.786 |      -34.4 |     18 | dot_out[16]
--------------------------------------------------------------------------------------------------------------
[INFO RSZ-0059] Removed 1 buffers.
[INFO RSZ-0040] Inserted 26 buffers.
[INFO RSZ-0051] Resized 361 instances: 360 up, 1 up match, 0 down, 0 VT
[INFO RSZ-0043] Swapped pins on 159 instances.
[WARNING RSZ-0062] Unable to repair all setup violations.
[INFO RSZ-0033] No hold violations found.
Took 42 seconds: repair_timing -setup_margin 0.05 -hold_margin 0.05 -repair_tns 100 -verbose
global_route -start_incremental
detailed_placement
[INFO DPL-0005] Max displacement: +/- 500 sites horizontally, +/- 100 rows vertically.
Movements Summary
---------------------------------------
Total cells:                    2850
Diamond Move Success:           2850 (100.00%)
Diamond Move Failure:              0
Rip-up and replace Success:        0 (  0.00% of diamond failures)
Rip-up and replace Failure:        0
Total Placement Failures:          0
---------------------------------------
Placement Analysis
---------------------------------
total displacement        241.5 u
average displacement        0.0 u
max displacement            5.5 u
original HPWL           87173.5 u
legalized HPWL          87379.0 u
delta HPWL                    0 %

global_route -end_incremental -congestion_report_file ./reports/sky130hd/dot_product/base/congestion_post_repair_timing.rpt
global_route -start_incremental
Downsizing/switching to higher Vt for non critical gates for power recovery
Percent of paths optimized 1
tns max -34.40
wns max -2.79
Group                  Internal  Switching    Leakage      Total
                          Power      Power      Power      Power (Watts)
----------------------------------------------------------------
Sequential             3.07e-04   4.36e-05   7.54e-10   3.50e-04   0.3%
Combinational          5.66e-02   6.31e-02   1.50e-08   1.20e-01  99.3%
Clock                  2.17e-04   2.56e-04   1.51e-10   4.74e-04   0.4%
Macro                  0.00e+00   0.00e+00   0.00e+00   0.00e+00   0.0%
Pad                    0.00e+00   0.00e+00   0.00e+00   0.00e+00   0.0%
----------------------------------------------------------------
Total                  5.72e-02   6.34e-02   1.59e-08   1.21e-01 100.0%
                          47.4%      52.6%       0.0%
repair_timing -verbose -recover_power 1
Iteration |   Area    |  Resized |   WNS    | Endpt
---------------------------------------------------
        0 |     +0.0% |        0 |   -2.786 | dot_out[16]
    final |     +0.0% |        1 |   -2.786 | dot_out[16]
---------------------------------------------------
[INFO RSZ-0141] Resized 1 instances.
tns max -34.40
wns max -2.79
Group                  Internal  Switching    Leakage      Total
                          Power      Power      Power      Power (Watts)
----------------------------------------------------------------
Sequential             3.07e-04   4.36e-05   7.54e-10   3.50e-04   0.3%
Combinational          5.66e-02   6.31e-02   1.50e-08   1.20e-01  99.3%
Clock                  2.17e-04   2.56e-04   1.51e-10   4.74e-04   0.4%
Macro                  0.00e+00   0.00e+00   0.00e+00   0.00e+00   0.0%
Pad                    0.00e+00   0.00e+00   0.00e+00   0.00e+00   0.0%
----------------------------------------------------------------
Total                  5.72e-02   6.34e-02   1.59e-08   1.21e-01 100.0%
                          47.4%      52.6%       0.0%
global_route -end_incremental -congestion_report_file ./reports/sky130hd/dot_product/base/congestion_post_recover_power.rpt
Repair antennas...
[INFO GRT-0012] Found 21 antenna violations.
[INFO GRT-0302] Inserted 19 jumpers for 19 nets.
[INFO GRT-0012] Found 2 antenna violations.
[INFO DPL-0005] Max displacement: +/- 500 sites horizontally, +/- 100 rows vertically.
Movements Summary
---------------------------------------
Total cells:                    2848
Diamond Move Success:           2848 (100.00%)
Diamond Move Failure:              0
Rip-up and replace Success:        0 (  0.00% of diamond failures)
Rip-up and replace Failure:        0
Total Placement Failures:          0
---------------------------------------
[INFO GRT-0015] Inserted 4 diodes.
[INFO GRT-0012] Found 0 antenna violations.
[INFO ANT-0002] Found 0 net violations.
[INFO ANT-0001] Found 0 pin violations.
Estimate parasitics...
estimate_parasitics -global_routing
Report metrics stage 5, global route...

==========================================================================
global route report_design_area
--------------------------------------------------------------------------
Design area 34277 um^2 14% utilization.
[INFO FLW-0007] clock clk period 9.000000
[INFO FLW-0008] Clock clk period 11.199
[INFO FLW-0009] Clock clk slack -2.788
[INFO FLW-0011] Path endpoint path count 165
write_db ./results/sky130hd/dot_product/base/5_1_grt.odb
write_sdc -no_timestamp ./results/sky130hd/dot_product/base/5_1_grt.sdc
Elapsed time: 1:02.13[h:]min:sec. CPU time: user 517.25 sys 8.10 (845%). Peak memory: 316756KB.
Log                        Elapsed/s Peak Memory/MB  sha1sum .odb [0:20)
5_1_grt                           62            309 cf247698da48da5c775f
