OpenROAD 26Q1-2290-g4589d89a40 
Features included (+) or not (-): +GPU +GUI +Python
This program is licensed under the BSD-3 license. See the LICENSE file for details.
Components of this program may be licensed under more restrictive licenses which must be honored.
[INFO ORD-0030] Using 16 thread(s).
read_liberty /OpenROAD-flow-scripts/flow/platforms/sky130hd/lib/sky130_fd_sc_hd__tt_025C_1v80.lib
read_db ./results/sky130hd/dot_product/base/5_1_grt.odb
read_sdc ./results/sky130hd/dot_product/base/5_1_grt.sdc
source /OpenROAD-flow-scripts/flow/platforms/sky130hd/setRC.tcl
detailed_route -output_drc ./reports/sky130hd/dot_product/base/5_route_drc.rpt -output_maze ./results/sky130hd/dot_product/base/maze.log -droute_end_iter 64 -verbose 1 -drc_report_iter_step 5
[INFO DRT-0149] Reading tech and libs.
[WARNING DRT-0349] LEF58_ENCLOSURE with no CUTCLASS is not supported. Skipping for layer mcon
[WARNING DRT-0349] LEF58_ENCLOSURE with no CUTCLASS is not supported. Skipping for layer mcon
[WARNING DRT-0349] LEF58_ENCLOSURE with no CUTCLASS is not supported. Skipping for layer via
[WARNING DRT-0349] LEF58_ENCLOSURE with no CUTCLASS is not supported. Skipping for layer via
[WARNING DRT-0349] LEF58_ENCLOSURE with no CUTCLASS is not supported. Skipping for layer via2
[WARNING DRT-0349] LEF58_ENCLOSURE with no CUTCLASS is not supported. Skipping for layer via2
[WARNING DRT-0349] LEF58_ENCLOSURE with no CUTCLASS is not supported. Skipping for layer via3
[WARNING DRT-0349] LEF58_ENCLOSURE with no CUTCLASS is not supported. Skipping for layer via3
[WARNING DRT-0349] LEF58_ENCLOSURE with no CUTCLASS is not supported. Skipping for layer via4
[WARNING DRT-0349] LEF58_ENCLOSURE with no CUTCLASS is not supported. Skipping for layer via4

Units:                1000
Number of layers:     13
Number of macros:     441
Number of vias:       29
Number of viarulegen: 25

[INFO DRT-0150] Reading design.

Design:                   dot_product
Die area:                 ( 0 0 ) ( 498480 498480 )
Number of track patterns: 12
Number of DEF vias:       0
Number of components:     6056
Number of terminals:      153
Number of snets:          2
Number of nets:           3855

[INFO DRT-0167] List of default vias:
  Layer via
    default via: M1M2_PR
  Layer via2
    default via: M2M3_PR
  Layer via3
    default via: M3M4_PR
  Layer via4
    default via: M4M5_PR
[INFO DRT-0162] Library cell analysis.
[INFO DRT-0163] Instance analysis.
[INFO DRT-0164] Number of unique instances = 127.
[INFO DRT-0168] Init region query.
[INFO DRT-0024]   Complete FR_MASTERSLICE.
[INFO DRT-0024]   Complete Fr_VIA.
[INFO DRT-0024]   Complete li1.
[INFO DRT-0024]   Complete mcon.
[INFO DRT-0024]   Complete met1.
[INFO DRT-0024]   Complete via.
[INFO DRT-0024]   Complete met2.
[INFO DRT-0024]   Complete via2.
[INFO DRT-0024]   Complete met3.
[INFO DRT-0024]   Complete via3.
[INFO DRT-0024]   Complete met4.
[INFO DRT-0024]   Complete via4.
[INFO DRT-0024]   Complete met5.
[INFO DRT-0033] FR_MASTERSLICE shape region query size = 0.
[INFO DRT-0033] FR_VIA shape region query size = 0.
[INFO DRT-0033] li1 shape region query size = 102866.
[INFO DRT-0033] mcon shape region query size = 61728.
[INFO DRT-0033] met1 shape region query size = 29882.
[INFO DRT-0033] via shape region query size = 16380.
[INFO DRT-0033] met2 shape region query size = 9938.
[INFO DRT-0033] via2 shape region query size = 13104.
[INFO DRT-0033] met3 shape region query size = 9869.
[INFO DRT-0033] via3 shape region query size = 13104.
[INFO DRT-0033] met4 shape region query size = 3960.
[INFO DRT-0033] via4 shape region query size = 648.
[INFO DRT-0033] met5 shape region query size = 720.
[INFO DRT-0165] Start pin access.
[INFO DRT-0078]   Complete 933 pins.
[INFO DRT-0079]   Complete 100 unique inst patterns.
[INFO DRT-0081]   Complete 127 unique inst patterns.
[INFO DRT-0084]   Complete 2250 groups.
#scanned instances     = 6056
#unique  instances     = 127
#stdCellGenAp          = 4798
#stdCellValidPlanarAp  = 69
#stdCellValidViaAp     = 2569
#stdCellPinNoAp        = 10
#stdCellPinCnt         = 8999
#instTermValidViaApCnt = 0
#macroGenAp            = 0
#macroValidPlanarAp    = 0
#macroValidViaAp       = 0
#macroNoAp             = 0
[INFO DRT-0166] Complete pin access.
[INFO DRT-0267] cpu time = 00:02:19, elapsed time = 00:00:16, memory = 252.89 (MB), peak = 252.76 (MB)

[INFO DRT-0157] Number of guides:     20996

[INFO DRT-0169] Post process guides.
[INFO DRT-0176] GCELLGRID X 0 DO 72 STEP 6900 ;
[INFO DRT-0177] GCELLGRID Y 0 DO 72 STEP 6900 ;
[INFO DRT-0028]   Complete FR_MASTERSLICE.
[INFO DRT-0028]   Complete Fr_VIA.
[INFO DRT-0028]   Complete li1.
[INFO DRT-0028]   Complete mcon.
[INFO DRT-0028]   Complete met1.
[INFO DRT-0028]   Complete via.
[INFO DRT-0028]   Complete met2.
[INFO DRT-0028]   Complete via2.
[INFO DRT-0028]   Complete met3.
[INFO DRT-0028]   Complete via3.
[INFO DRT-0028]   Complete met4.
[INFO DRT-0028]   Complete via4.
[INFO DRT-0028]   Complete met5.
[INFO DRT-0178] Init guide query.
[INFO DRT-0035]   Complete FR_MASTERSLICE (guide).
[INFO DRT-0035]   Complete Fr_VIA (guide).
[INFO DRT-0035]   Complete li1 (guide).
[INFO DRT-0035]   Complete mcon (guide).
[INFO DRT-0035]   Complete met1 (guide).
[INFO DRT-0035]   Complete via (guide).
[INFO DRT-0035]   Complete met2 (guide).
[INFO DRT-0035]   Complete via2 (guide).
[INFO DRT-0035]   Complete met3 (guide).
[INFO DRT-0035]   Complete via3 (guide).
[INFO DRT-0035]   Complete met4 (guide).
[INFO DRT-0035]   Complete via4 (guide).
[INFO DRT-0035]   Complete met5 (guide).
[INFO DRT-0036] FR_MASTERSLICE guide region query size = 0.
[INFO DRT-0036] FR_VIA guide region query size = 0.
[INFO DRT-0036] li1 guide region query size = 6788.
[INFO DRT-0036] mcon guide region query size = 0.
[INFO DRT-0036] met1 guide region query size = 6342.
[INFO DRT-0036] via guide region query size = 0.
[INFO DRT-0036] met2 guide region query size = 2814.
[INFO DRT-0036] via2 guide region query size = 0.
[INFO DRT-0036] met3 guide region query size = 122.
[INFO DRT-0036] via3 guide region query size = 0.
[INFO DRT-0036] met4 guide region query size = 45.
[INFO DRT-0036] via4 guide region query size = 0.
[INFO DRT-0036] met5 guide region query size = 13.
[INFO DRT-0179] Init gr pin query.
[INFO DRT-0267] cpu time = 00:00:00, elapsed time = 00:00:00, memory = 258.89 (MB), peak = 258.89 (MB)
[INFO DRT-0245] skipped writing guide updates to database.
[INFO DRT-0185] Post process initialize RPin region query.
[INFO DRT-0181] Start track assignment.
[INFO DRT-0184] Done with 9647 vertical wires in 2 frboxes and 6477 horizontal wires in 2 frboxes.
[INFO DRT-0186] Done with 719 vertical wires in 2 frboxes and 1254 horizontal wires in 2 frboxes.
[INFO DRT-0182] Complete track assignment.
[INFO DRT-0267] cpu time = 00:00:01, elapsed time = 00:00:01, memory = 314.92 (MB), peak = 314.92 (MB)
[INFO DRT-0187] Start routing data preparation.
[INFO DRT-0267] cpu time = 00:00:00, elapsed time = 00:00:00, memory = 314.92 (MB), peak = 314.92 (MB)
[INFO DRT-0194] Start detail routing.
[INFO DRT-0195] Start 0th optimization iteration.
    Completing 10% with 0 violations.
    elapsed time = 00:00:00, memory = 449.60 (MB).
    Completing 20% with 0 violations.
    elapsed time = 00:00:00, memory = 467.68 (MB).
    Completing 30% with 73 violations.
    elapsed time = 00:00:00, memory = 426.05 (MB).
    Completing 40% with 73 violations.
    elapsed time = 00:00:00, memory = 543.55 (MB).
    Completing 50% with 73 violations.
    elapsed time = 00:00:01, memory = 577.52 (MB).
    Completing 60% with 198 violations.
    elapsed time = 00:00:02, memory = 616.34 (MB).
    Completing 70% with 198 violations.
    elapsed time = 00:00:02, memory = 619.22 (MB).
    Completing 80% with 268 violations.
    elapsed time = 00:00:03, memory = 612.68 (MB).
    Completing 90% with 268 violations.
    elapsed time = 00:00:03, memory = 706.80 (MB).
    Completing 100% with 371 violations.
    elapsed time = 00:00:04, memory = 675.34 (MB).
[INFO DRT-0199]   Number of violations = 430.
Viol/Layer         li1   met1   met2
Metal Spacing        0    104     18
Min Hole             0      4      0
Recheck              1     37     21
Short                0    214     31
[INFO DRT-0267] cpu time = 00:00:37, elapsed time = 00:00:05, memory = 1011.97 (MB), peak = 1011.97 (MB)
Total wire length = 89573 um.
Total wire length on LAYER li1 = 0 um.
Total wire length on LAYER met1 = 35018 um.
Total wire length on LAYER met2 = 49806 um.
Total wire length on LAYER met3 = 3068 um.
Total wire length on LAYER met4 = 1518 um.
Total wire length on LAYER met5 = 161 um.
Total number of vias = 16141.
Up-via summary (total 16141):

------------------------
 FR_MASTERSLICE        0
            li1     7562
           met1     8355
           met2      138
           met3       60
           met4       26
------------------------
               16141


[INFO DRT-0195] Start 1st optimization iteration.
    Completing 10% with 430 violations.
    elapsed time = 00:00:00, memory = 1052.22 (MB).
    Completing 20% with 430 violations.
    elapsed time = 00:00:00, memory = 1052.22 (MB).
    Completing 30% with 363 violations.
    elapsed time = 00:00:01, memory = 1048.26 (MB).
    Completing 40% with 363 violations.
    elapsed time = 00:00:01, memory = 1067.51 (MB).
    Completing 50% with 363 violations.
    elapsed time = 00:00:01, memory = 1070.88 (MB).
    Completing 60% with 269 violations.
    elapsed time = 00:00:02, memory = 1107.38 (MB).
    Completing 70% with 269 violations.
    elapsed time = 00:00:02, memory = 1111.26 (MB).
    Completing 80% with 185 violations.
    elapsed time = 00:00:03, memory = 1096.00 (MB).
    Completing 90% with 185 violations.
    elapsed time = 00:00:03, memory = 1132.63 (MB).
    Completing 100% with 119 violations.
    elapsed time = 00:00:05, memory = 1138.75 (MB).
[INFO DRT-0199]   Number of violations = 119.
Viol/Layer        met1   met2
Metal Spacing       24      2
Recheck              3      1
Short               87      2
[INFO DRT-0267] cpu time = 00:00:35, elapsed time = 00:00:05, memory = 1139.13 (MB), peak = 1139.13 (MB)
Total wire length = 89134 um.
Total wire length on LAYER li1 = 0 um.
Total wire length on LAYER met1 = 34660 um.
Total wire length on LAYER met2 = 49781 um.
Total wire length on LAYER met3 = 3053 um.
Total wire length on LAYER met4 = 1477 um.
Total wire length on LAYER met5 = 161 um.
Total number of vias = 16037.
Up-via summary (total 16037):

------------------------
 FR_MASTERSLICE        0
            li1     7560
           met1     8265
           met2      128
           met3       60
           met4       24
------------------------
               16037


[INFO DRT-0195] Start 2nd optimization iteration.
    Completing 10% with 119 violations.
    elapsed time = 00:00:00, memory = 1139.13 (MB).
    Completing 20% with 119 violations.
    elapsed time = 00:00:00, memory = 1139.13 (MB).
    Completing 30% with 101 violations.
    elapsed time = 00:00:00, memory = 1157.00 (MB).
    Completing 40% with 101 violations.
    elapsed time = 00:00:00, memory = 1157.13 (MB).
    Completing 50% with 101 violations.
    elapsed time = 00:00:01, memory = 1184.63 (MB).
    Completing 60% with 91 violations.
    elapsed time = 00:00:01, memory = 1190.38 (MB).
    Completing 70% with 91 violations.
    elapsed time = 00:00:01, memory = 1190.38 (MB).
    Completing 80% with 72 violations.
    elapsed time = 00:00:02, memory = 1219.13 (MB).
    Completing 90% with 72 violations.
    elapsed time = 00:00:02, memory = 1219.13 (MB).
    Completing 100% with 68 violations.
    elapsed time = 00:00:03, memory = 1220.63 (MB).
[INFO DRT-0199]   Number of violations = 68.
Viol/Layer        met1   met2
Metal Spacing       10      1
Short               57      0
[INFO DRT-0267] cpu time = 00:00:21, elapsed time = 00:00:04, memory = 1220.63 (MB), peak = 1220.63 (MB)
Total wire length = 89024 um.
Total wire length on LAYER li1 = 0 um.
Total wire length on LAYER met1 = 34613 um.
Total wire length on LAYER met2 = 49695 um.
Total wire length on LAYER met3 = 3060 um.
Total wire length on LAYER met4 = 1487 um.
Total wire length on LAYER met5 = 167 um.
Total number of vias = 16017.
Up-via summary (total 16017):

------------------------
 FR_MASTERSLICE        0
            li1     7559
           met1     8244
           met2      131
           met3       59
           met4       24
------------------------
               16017


[INFO DRT-0195] Start 3rd guides tiles iteration.
    Completing 10% with 68 violations.
    elapsed time = 00:00:00, memory = 1220.63 (MB).
    Completing 20% with 68 violations.
    elapsed time = 00:00:00, memory = 1220.63 (MB).
    Completing 30% with 68 violations.
    elapsed time = 00:00:00, memory = 1220.63 (MB).
    Completing 40% with 68 violations.
    elapsed time = 00:00:00, memory = 1220.63 (MB).
    Completing 50% with 68 violations.
    elapsed time = 00:00:00, memory = 1220.63 (MB).
    Completing 60% with 68 violations.
    elapsed time = 00:00:00, memory = 1220.63 (MB).
    Completing 70% with 2 violations.
    elapsed time = 00:00:00, memory = 1220.63 (MB).
    Completing 80% with 2 violations.
    elapsed time = 00:00:00, memory = 1220.63 (MB).
    Completing 90% with 2 violations.
    elapsed time = 00:00:00, memory = 1220.63 (MB).
    Completing 100% with 0 violations.
    elapsed time = 00:00:00, memory = 1220.63 (MB).
[INFO DRT-0199]   Number of violations = 0.
[INFO DRT-0267] cpu time = 00:00:02, elapsed time = 00:00:00, memory = 1220.63 (MB), peak = 1220.63 (MB)
Total wire length = 89004 um.
Total wire length on LAYER li1 = 0 um.
Total wire length on LAYER met1 = 34354 um.
Total wire length on LAYER met2 = 49606 um.
Total wire length on LAYER met3 = 3288 um.
Total wire length on LAYER met4 = 1587 um.
Total wire length on LAYER met5 = 167 um.
Total number of vias = 16073.
Up-via summary (total 16073):

------------------------
 FR_MASTERSLICE        0
            li1     7559
           met1     8274
           met2      157
           met3       59
           met4       24
------------------------
               16073


[INFO DRT-0198] Complete detail routing.
Total wire length = 89004 um.
Total wire length on LAYER li1 = 0 um.
Total wire length on LAYER met1 = 34354 um.
Total wire length on LAYER met2 = 49606 um.
Total wire length on LAYER met3 = 3288 um.
Total wire length on LAYER met4 = 1587 um.
Total wire length on LAYER met5 = 167 um.
Total number of vias = 16073.
Up-via summary (total 16073):

------------------------
 FR_MASTERSLICE        0
            li1     7559
           met1     8274
           met2      157
           met3       59
           met4       24
------------------------
               16073


[INFO DRT-0267] cpu time = 00:01:36, elapsed time = 00:00:15, memory = 1220.75 (MB), peak = 1220.75 (MB)

[INFO DRT-0180] Post processing.
Took 34 seconds: detailed_route -output_drc ./reports/sky130hd/dot_product/base/5_route_drc.rpt -output_maze ./results/sky130hd/dot_product/base/maze.log -droute_end_iter 64 -verbose 1 -drc_report_iter_step 5
[INFO GRT-0012] Found 7 antenna violations.
[INFO DPL-0005] Max displacement: +/- 500 sites horizontally, +/- 100 rows vertically.
Movements Summary
---------------------------------------
Total cells:                       0
Diamond Move Success:              0 (  0.00%)
Diamond Move Failure:              0
Rip-up and replace Success:        0 (  0.00% of diamond failures)
Rip-up and replace Failure:        0
Total Placement Failures:          0
---------------------------------------
[INFO GRT-0015] Inserted 7 diodes.
[INFO DRT-0024]   Complete FR_MASTERSLICE.
[INFO DRT-0024]   Complete Fr_VIA.
[INFO DRT-0024]   Complete li1.
[INFO DRT-0024]   Complete mcon.
[INFO DRT-0024]   Complete met1.
[INFO DRT-0024]   Complete via.
[INFO DRT-0024]   Complete met2.
[INFO DRT-0024]   Complete via2.
[INFO DRT-0024]   Complete met3.
[INFO DRT-0024]   Complete via3.
[INFO DRT-0024]   Complete met4.
[INFO DRT-0024]   Complete via4.
[INFO DRT-0024]   Complete met5.
[INFO DRT-0165] Start pin access.
[INFO DRT-0078]   Complete 933 pins.
[INFO DRT-0079]   Complete 100 unique inst patterns.
[INFO DRT-0081]   Complete 127 unique inst patterns.
[INFO DRT-0084]   Complete 2250 groups.
#scanned instances     = 6063
#unique  instances     = 127
#stdCellGenAp          = 4798
#stdCellValidPlanarAp  = 69
#stdCellValidViaAp     = 2569
#stdCellPinNoAp        = 10
#stdCellPinCnt         = 8999
#instTermValidViaApCnt = 0
#macroGenAp            = 0
#macroValidPlanarAp    = 0
#macroValidViaAp       = 0
#macroNoAp             = 0
[INFO DRT-0166] Complete pin access.
[INFO DRT-0267] cpu time = 00:02:25, elapsed time = 00:00:16, memory = 1145.79 (MB), peak = 1220.75 (MB)

[INFO DRT-0157] Number of guides:     20989

[INFO DRT-0169] Post process guides.
[INFO DRT-0176] GCELLGRID X 0 DO 72 STEP 6900 ;
[INFO DRT-0177] GCELLGRID Y 0 DO 72 STEP 6900 ;
[INFO DRT-0028]   Complete FR_MASTERSLICE.
[INFO DRT-0028]   Complete Fr_VIA.
[INFO DRT-0028]   Complete li1.
[INFO DRT-0028]   Complete mcon.
[INFO DRT-0028]   Complete met1.
[INFO DRT-0028]   Complete via.
[INFO DRT-0028]   Complete met2.
[INFO DRT-0028]   Complete via2.
[INFO DRT-0028]   Complete met3.
[INFO DRT-0028]   Complete via3.
[INFO DRT-0028]   Complete met4.
[INFO DRT-0028]   Complete via4.
[INFO DRT-0028]   Complete met5.
[INFO DRT-0178] Init guide query.
[INFO DRT-0035]   Complete FR_MASTERSLICE (guide).
[INFO DRT-0035]   Complete Fr_VIA (guide).
[INFO DRT-0035]   Complete li1 (guide).
[INFO DRT-0035]   Complete mcon (guide).
[INFO DRT-0035]   Complete met1 (guide).
[INFO DRT-0035]   Complete via (guide).
[INFO DRT-0035]   Complete met2 (guide).
[INFO DRT-0035]   Complete via2 (guide).
[INFO DRT-0035]   Complete met3 (guide).
[INFO DRT-0035]   Complete via3 (guide).
[INFO DRT-0035]   Complete met4 (guide).
[INFO DRT-0035]   Complete via4 (guide).
[INFO DRT-0035]   Complete met5 (guide).
[INFO DRT-0036] FR_MASTERSLICE guide region query size = 0.
[INFO DRT-0036] FR_VIA guide region query size = 0.
[INFO DRT-0036] li1 guide region query size = 6790.
[INFO DRT-0036] mcon guide region query size = 0.
[INFO DRT-0036] met1 guide region query size = 6344.
[INFO DRT-0036] via guide region query size = 0.
[INFO DRT-0036] met2 guide region query size = 2811.
[INFO DRT-0036] via2 guide region query size = 0.
[INFO DRT-0036] met3 guide region query size = 118.
[INFO DRT-0036] via3 guide region query size = 0.
[INFO DRT-0036] met4 guide region query size = 42.
[INFO DRT-0036] via4 guide region query size = 0.
[INFO DRT-0036] met5 guide region query size = 12.
[INFO DRT-0179] Init gr pin query.
[INFO DRT-0267] cpu time = 00:00:00, elapsed time = 00:00:00, memory = 1145.79 (MB), peak = 1220.75 (MB)
[INFO DRT-0245] skipped writing guide updates to database.
[INFO DRT-0185] Post process initialize RPin region query.
[INFO DRT-0181] Start track assignment.
[INFO DRT-0184] Done with 9643 vertical wires in 2 frboxes and 6474 horizontal wires in 2 frboxes.
[INFO DRT-0186] Done with 703 vertical wires in 2 frboxes and 1246 horizontal wires in 2 frboxes.
[INFO DRT-0182] Complete track assignment.
[INFO DRT-0267] cpu time = 00:00:01, elapsed time = 00:00:01, memory = 1145.79 (MB), peak = 1220.75 (MB)
[INFO DRT-0187] Start routing data preparation.
[INFO DRT-0267] cpu time = 00:00:00, elapsed time = 00:00:00, memory = 1145.79 (MB), peak = 1220.75 (MB)
[INFO DRT-0194] Start detail routing.
[INFO DRT-0195] Start 0th optimization iteration.
    Completing 10% with 0 violations.
    elapsed time = 00:00:00, memory = 1158.79 (MB).
    Completing 20% with 0 violations.
    elapsed time = 00:00:00, memory = 1158.79 (MB).
    Completing 30% with 1 violations.
    elapsed time = 00:00:00, memory = 1158.79 (MB).
    Completing 40% with 1 violations.
    elapsed time = 00:00:00, memory = 1168.04 (MB).
    Completing 50% with 1 violations.
    elapsed time = 00:00:00, memory = 1169.66 (MB).
    Completing 60% with 20 violations.
    elapsed time = 00:00:01, memory = 1169.66 (MB).
    Completing 70% with 20 violations.
    elapsed time = 00:00:01, memory = 1169.66 (MB).
    Completing 80% with 22 violations.
    elapsed time = 00:00:01, memory = 1169.66 (MB).
    Completing 90% with 22 violations.
    elapsed time = 00:00:01, memory = 1182.66 (MB).
    Completing 100% with 29 violations.
    elapsed time = 00:00:02, memory = 1182.66 (MB).
[INFO DRT-0199]   Number of violations = 32.
Viol/Layer        met1    via   met2
Metal Spacing        0      0      2
Recheck              2      0      1
Short               20      1      6
[INFO DRT-0267] cpu time = 00:00:19, elapsed time = 00:00:02, memory = 1272.16 (MB), peak = 1272.16 (MB)
Total wire length = 88981 um.
Total wire length on LAYER li1 = 0 um.
Total wire length on LAYER met1 = 34370 um.
Total wire length on LAYER met2 = 49767 um.
Total wire length on LAYER met3 = 3195 um.
Total wire length on LAYER met4 = 1480 um.
Total wire length on LAYER met5 = 167 um.
Total number of vias = 16077.
Up-via summary (total 16077):

------------------------
 FR_MASTERSLICE        0
            li1     7572
           met1     8276
           met2      148
           met3       57
           met4       24
------------------------
               16077


[INFO DRT-0195] Start 1st optimization iteration.
    Completing 10% with 32 violations.
    elapsed time = 00:00:00, memory = 1285.91 (MB).
    Completing 20% with 32 violations.
    elapsed time = 00:00:00, memory = 1290.54 (MB).
    Completing 30% with 32 violations.
    elapsed time = 00:00:00, memory = 1290.54 (MB).
    Completing 40% with 32 violations.
    elapsed time = 00:00:00, memory = 1290.54 (MB).
    Completing 50% with 32 violations.
    elapsed time = 00:00:00, memory = 1290.54 (MB).
    Completing 60% with 26 violations.
    elapsed time = 00:00:01, memory = 1302.66 (MB).
    Completing 70% with 26 violations.
    elapsed time = 00:00:01, memory = 1302.66 (MB).
    Completing 80% with 22 violations.
    elapsed time = 00:00:01, memory = 1302.66 (MB).
    Completing 90% with 22 violations.
    elapsed time = 00:00:01, memory = 1302.66 (MB).
    Completing 100% with 9 violations.
    elapsed time = 00:00:02, memory = 1302.66 (MB).
[INFO DRT-0199]   Number of violations = 9.
Viol/Layer        met1   met2
Metal Spacing        0      1
Short                8      0
[INFO DRT-0267] cpu time = 00:00:18, elapsed time = 00:00:02, memory = 1302.79 (MB), peak = 1302.79 (MB)
Total wire length = 88969 um.
Total wire length on LAYER li1 = 0 um.
Total wire length on LAYER met1 = 34359 um.
Total wire length on LAYER met2 = 49761 um.
Total wire length on LAYER met3 = 3201 um.
Total wire length on LAYER met4 = 1480 um.
Total wire length on LAYER met5 = 167 um.
Total number of vias = 16076.
Up-via summary (total 16076):

------------------------
 FR_MASTERSLICE        0
            li1     7572
           met1     8275
           met2      148
           met3       57
           met4       24
------------------------
               16076


[INFO DRT-0195] Start 2nd optimization iteration.
    Completing 10% with 9 violations.
    elapsed time = 00:00:00, memory = 1302.79 (MB).
    Completing 20% with 9 violations.
    elapsed time = 00:00:00, memory = 1302.79 (MB).
    Completing 30% with 8 violations.
    elapsed time = 00:00:00, memory = 1302.79 (MB).
    Completing 40% with 8 violations.
    elapsed time = 00:00:00, memory = 1302.79 (MB).
    Completing 50% with 8 violations.
    elapsed time = 00:00:00, memory = 1302.79 (MB).
    Completing 60% with 8 violations.
    elapsed time = 00:00:00, memory = 1213.30 (MB).
    Completing 70% with 8 violations.
    elapsed time = 00:00:00, memory = 1213.30 (MB).
    Completing 80% with 8 violations.
    elapsed time = 00:00:00, memory = 1213.30 (MB).
    Completing 90% with 8 violations.
    elapsed time = 00:00:00, memory = 1213.30 (MB).
    Completing 100% with 8 violations.
    elapsed time = 00:00:00, memory = 1213.30 (MB).
[INFO DRT-0199]   Number of violations = 8.
Viol/Layer        met1   met2
Metal Spacing        0      1
Short                7      0
[INFO DRT-0267] cpu time = 00:00:02, elapsed time = 00:00:01, memory = 1302.68 (MB), peak = 1302.79 (MB)
Total wire length = 88975 um.
Total wire length on LAYER li1 = 0 um.
Total wire length on LAYER met1 = 34360 um.
Total wire length on LAYER met2 = 49766 um.
Total wire length on LAYER met3 = 3201 um.
Total wire length on LAYER met4 = 1480 um.
Total wire length on LAYER met5 = 167 um.
Total number of vias = 16079.
Up-via summary (total 16079):

------------------------
 FR_MASTERSLICE        0
            li1     7572
           met1     8278
           met2      148
           met3       57
           met4       24
------------------------
               16079


[INFO DRT-0195] Start 3rd guides tiles iteration.
    Completing 20% with 8 violations.
    elapsed time = 00:00:00, memory = 1302.68 (MB).
    Completing 50% with 8 violations.
    elapsed time = 00:00:00, memory = 1302.68 (MB).
    Completing 70% with 8 violations.
    elapsed time = 00:00:00, memory = 1302.68 (MB).
    Completing 100% with 0 violations.
    elapsed time = 00:00:00, memory = 1302.68 (MB).
[INFO DRT-0199]   Number of violations = 0.
[INFO DRT-0267] cpu time = 00:00:01, elapsed time = 00:00:00, memory = 1213.36 (MB), peak = 1302.80 (MB)
Total wire length = 88971 um.
Total wire length on LAYER li1 = 0 um.
Total wire length on LAYER met1 = 34286 um.
Total wire length on LAYER met2 = 49768 um.
Total wire length on LAYER met3 = 3268 um.
Total wire length on LAYER met4 = 1480 um.
Total wire length on LAYER met5 = 167 um.
Total number of vias = 16089.
Up-via summary (total 16089):

------------------------
 FR_MASTERSLICE        0
            li1     7572
           met1     8282
           met2      154
           met3       57
           met4       24
------------------------
               16089


[INFO DRT-0198] Complete detail routing.
Total wire length = 88971 um.
Total wire length on LAYER li1 = 0 um.
Total wire length on LAYER met1 = 34286 um.
Total wire length on LAYER met2 = 49768 um.
Total wire length on LAYER met3 = 3268 um.
Total wire length on LAYER met4 = 1480 um.
Total wire length on LAYER met5 = 167 um.
Total number of vias = 16089.
Up-via summary (total 16089):

------------------------
 FR_MASTERSLICE        0
            li1     7572
           met1     8282
           met2      154
           met3       57
           met4       24
------------------------
               16089


[INFO DRT-0267] cpu time = 00:00:42, elapsed time = 00:00:06, memory = 1213.36 (MB), peak = 1302.80 (MB)

[INFO DRT-0180] Post processing.
[INFO ANT-0002] Found 0 net violations.
[INFO ANT-0001] Found 0 pin violations.
[INFO ANT-0002] Found 0 net violations.
[INFO ANT-0001] Found 0 pin violations.
Design area 34294 um^2 14% utilization.
write_db ./results/sky130hd/dot_product/base/5_2_route.odb
Elapsed time: 0:59.26[h:]min:sec. CPU time: user 431.45 sys 3.59 (734%). Peak memory: 1334072KB.
Log                        Elapsed/s Peak Memory/MB  sha1sum .odb [0:20)
5_2_route                         59           1302 03325873bfda7fd31c8d
