OpenROAD 26Q1-2290-g4589d89a40 
Features included (+) or not (-): +GPU +GUI +Python
This program is licensed under the BSD-3 license. See the LICENSE file for details.
Components of this program may be licensed under more restrictive licenses which must be honored.
[INFO ORD-0030] Using 16 thread(s).
read_liberty /OpenROAD-flow-scripts/flow/platforms/sky130hd/lib/sky130_fd_sc_hd__tt_025C_1v80.lib
read_db ./results/sky130hd/dot_product/base/6_1_fill.odb
read_sdc ./results/sky130hd/dot_product/base/6_1_fill.sdc
source /OpenROAD-flow-scripts/flow/platforms/sky130hd/setRC.tcl
write_db ./results/sky130hd/dot_product/base/6_final.odb
Deleted 0 routing obstructions
Warning: master sky130_ef_sc_hd__decap_12 has signal pins but no liberty cell
[INFO RCX-0431] Defined process_corner X with ext_model_index 0
[INFO RCX-0029] Defined extraction corner X
[INFO RCX-0435] Reading extraction model file /OpenROAD-flow-scripts/flow/platforms/sky130hd/rcx_patterns.rules ...
[INFO RCX-0436] RC segment generation dot_product (max_merge_res 50.0) ...
[INFO RCX-0040] Final 7957 rc segments
[INFO RCX-0439] Coupling Cap extraction dot_product ...
[INFO RCX-0440] Coupling threshhold is 0.1000 fF, coupling capacitance less than 0.1000 fF will be grounded.
[INFO RCX-0442] 67% of 20820 wires extracted
[INFO RCX-0442] 100% of 20820 wires extracted
[INFO RCX-0045] Extract 3855 nets, 11809 rsegs, 11809 caps, 13435 ccs
[INFO RCX-0443] 3855 nets finished
[INFO PSM-0040] All shapes on net VDD are connected.
########## IR report #################
Net              : VDD
Corner           : default
Total power      : 1.16e-01 W
Supply voltage   : 1.80e+00 V
Worstcase voltage: 1.79e+00 V
Average voltage  : 1.80e+00 V
Average IR drop  : 9.36e-05 V
Worstcase IR drop: 7.07e-03 V
Percentage drop  : 0.39 %
######################################
[INFO PSM-0040] All shapes on net VSS are connected.
########## IR report #################
Net              : VSS
Corner           : default
Total power      : 1.16e-01 W
Supply voltage   : 0.00e+00 V
Worstcase voltage: 7.41e-03 V
Average voltage  : 9.41e-05 V
Average IR drop  : 9.41e-05 V
Worstcase IR drop: 7.41e-03 V
Percentage drop  : 0.41 %
######################################
Cell type report:                       Count       Area
  Fill cell                             27562  208931.63
  Tap cell                               3202    4006.34
  Antenna cell                             11      27.53
  Clock buffer                              9     225.22
  Timing Repair Buffer                    482    4484.30
  Inverter                                788    2974.10
  Clock inverter                            7      75.07
  Sequential cell                          65    1626.56
  Multi-Input combinational cell         1499   20875.02
  Total                                 33625  243225.77
Report metrics stage 6, finish...

==========================================================================
finish report_design_area
--------------------------------------------------------------------------
Design area 34294 um^2 14% utilization.
[WARNING GUI-0076] QStandardPaths: XDG_RUNTIME_DIR not set, defaulting to '/tmp/runtime-root'
[WARNING GUI-0066] Heat map "IR Drop" has not been populated with data.
[WARNING GUI-0066] Heat map "Routing Congestion" has not been populated with data.
Elapsed time: 0:04.33[h:]min:sec. CPU time: user 4.49 sys 0.96 (126%). Peak memory: 304464KB.
Log                        Elapsed/s Peak Memory/MB  sha1sum .odb [0:20)
6_report                           4            297                  N/A
