
==========================================================================
floorplan final report_tns
--------------------------------------------------------------------------
tns max -15.49

==========================================================================
floorplan final report_wns
--------------------------------------------------------------------------
wns max -1.41

==========================================================================
floorplan final report_worst_slack
--------------------------------------------------------------------------
worst slack max -1.41

==========================================================================
floorplan final report_clock_min_period
--------------------------------------------------------------------------
clk period_min = 10.41 fmax = 96.10

==========================================================================
floorplan final report_checks -path_delay min
--------------------------------------------------------------------------
Startpoint: A_reg[7]$_DFF_PP0_ (rising edge-triggered flip-flop clocked by clk)
Endpoint: valid_reg$_DFF_PP0_ (rising edge-triggered flip-flop clocked by clk)
Path Group: clk
Path Type: min

Fanout     Cap    Slew   Delay    Time   Description
-----------------------------------------------------------------------------
                  0.15    0.00    0.00   clock clk (rise edge)
                          0.00    0.00   clock network delay (ideal)
                  0.15    0.00    0.00 ^ A_reg[7]$_DFF_PP0_/CLK (sky130_fd_sc_hd__dfrtp_1)
     8    0.02    0.10    0.45    0.45 v A_reg[7]$_DFF_PP0_/Q (sky130_fd_sc_hd__dfrtp_1)
                                         A_reg[7] (net)
                  0.10    0.00    0.45 v _3808_/B (sky130_fd_sc_hd__nand2_1)
     3    0.01    0.10    0.13    0.58 ^ _3808_/Y (sky130_fd_sc_hd__nand2_1)
                                         _0755_ (net)
                  0.10    0.00    0.58 ^ _5433_/B (sky130_fd_sc_hd__ha_1)
     2    0.01    0.06    0.14    0.72 ^ _5433_/SUM (sky130_fd_sc_hd__ha_1)
                                         _2073_ (net)
                  0.06    0.00    0.72 ^ _4476_/B (sky130_fd_sc_hd__nand3_1)
     2    0.01    0.13    0.13    0.85 v _4476_/Y (sky130_fd_sc_hd__nand3_1)
                                         _1777_ (net)
                  0.13    0.00    0.85 v _4528_/A (sky130_fd_sc_hd__xnor2_1)
     1    0.00    0.07    0.21    1.06 ^ _4528_/Y (sky130_fd_sc_hd__xnor2_1)
                                         _2168_ (net)
                  0.07    0.00    1.06 ^ _4529_/B (sky130_fd_sc_hd__xnor2_1)
     1    0.01    0.07    0.09    1.15 v _4529_/Y (sky130_fd_sc_hd__xnor2_1)
                                         _2169_ (net)
                  0.07    0.00    1.15 v _4540_/A (sky130_fd_sc_hd__xnor2_2)
     1    0.00    0.04    0.16    1.31 ^ _4540_/Y (sky130_fd_sc_hd__xnor2_2)
                                         _2180_ (net)
                  0.04    0.00    1.31 ^ _4543_/B (sky130_fd_sc_hd__xnor2_1)
     2    0.01    0.09    0.10    1.41 v _4543_/Y (sky130_fd_sc_hd__xnor2_1)
                                         dot_out[19] (net)
                  0.09    0.00    1.41 v _4561_/B_N (sky130_fd_sc_hd__nand4bb_1)
     1    0.00    0.06    0.19    1.60 v _4561_/Y (sky130_fd_sc_hd__nand4bb_1)
                                         valid_next (net)
                  0.06    0.00    1.60 v valid_reg$_DFF_PP0_/D (sky130_fd_sc_hd__dfrtp_1)
                                  1.60   data arrival time

                  0.15    0.00    0.00   clock clk (rise edge)
                          0.00    0.00   clock network delay (ideal)
                          0.10    0.10   clock uncertainty
                          0.00    0.10   clock reconvergence pessimism
                                  0.10 ^ valid_reg$_DFF_PP0_/CLK (sky130_fd_sc_hd__dfrtp_1)
                         -0.03    0.07   library hold time
                                  0.07   data required time
-----------------------------------------------------------------------------
                                  0.07   data required time
                                 -1.60   data arrival time
-----------------------------------------------------------------------------
                                  1.53   slack (MET)



==========================================================================
floorplan final report_checks -path_delay max
--------------------------------------------------------------------------
Startpoint: B[3] (input port clocked by clk)
Endpoint: dot_out[19] (output port clocked by clk)
Path Group: clk
Path Type: max

Fanout     Cap    Slew   Delay    Time   Description
-----------------------------------------------------------------------------
                  0.15    0.00    0.00   clock clk (rise edge)
                          0.00    0.00   clock network delay (ideal)
                          1.80    1.80 v input external delay
     8    0.02    0.04    0.03    1.83 v B[3] (in)
                                         B[3] (net)
                  0.04    0.00    1.83 v _4288_/A (sky130_fd_sc_hd__and2_1)
     1    0.01    0.05    0.15    1.97 v _4288_/X (sky130_fd_sc_hd__and2_1)
                                         _0636_ (net)
                  0.05    0.00    1.97 v _4777_/A (sky130_fd_sc_hd__fa_1)
     3    0.01    0.15    0.61    2.58 ^ _4777_/SUM (sky130_fd_sc_hd__fa_1)
                                         _0638_ (net)
                  0.15    0.00    2.58 ^ _4109_/A (sky130_fd_sc_hd__inv_2)
     3    0.02    0.06    0.08    2.66 v _4109_/Y (sky130_fd_sc_hd__inv_2)
                                         _0640_ (net)
                  0.06    0.00    2.66 v _5164_/A (sky130_fd_sc_hd__fa_1)
     3    0.01    0.12    0.53    3.20 v _5164_/SUM (sky130_fd_sc_hd__fa_1)
                                         _1580_ (net)
                  0.12    0.00    3.20 v _5217_/CIN (sky130_fd_sc_hd__fa_1)
     2    0.01    0.09    0.53    3.73 ^ _5217_/SUM (sky130_fd_sc_hd__fa_1)
                                         _1665_ (net)
                  0.09    0.00    3.73 ^ _4226_/A (sky130_fd_sc_hd__inv_1)
     1    0.01    0.04    0.06    3.79 v _4226_/Y (sky130_fd_sc_hd__inv_1)
                                         _1667_ (net)
                  0.04    0.00    3.79 v _5218_/B (sky130_fd_sc_hd__fa_1)
     1    0.00    0.05    0.49    4.28 ^ _5218_/SUM (sky130_fd_sc_hd__fa_1)
                                         _1669_ (net)
                  0.05    0.00    4.28 ^ _4227_/A (sky130_fd_sc_hd__inv_1)
     1    0.01    0.03    0.05    4.33 v _4227_/Y (sky130_fd_sc_hd__inv_1)
                                         _1673_ (net)
                  0.03    0.00    4.33 v _5220_/B (sky130_fd_sc_hd__fa_1)
     1    0.00    0.09    0.46    4.78 v _5220_/SUM (sky130_fd_sc_hd__fa_1)
                                         _2978_ (net)
                  0.09    0.00    4.78 v _5222_/CIN (sky130_fd_sc_hd__fa_1)
     1    0.00    0.05    0.48    5.27 ^ _5222_/SUM (sky130_fd_sc_hd__fa_1)
                                         _1681_ (net)
                  0.05    0.00    5.27 ^ _4111_/A (sky130_fd_sc_hd__inv_1)
     1    0.01    0.03    0.05    5.31 v _4111_/Y (sky130_fd_sc_hd__inv_1)
                                         _1690_ (net)
                  0.03    0.00    5.31 v _5225_/B (sky130_fd_sc_hd__fa_1)
     1    0.00    0.05    0.49    5.80 ^ _5225_/SUM (sky130_fd_sc_hd__fa_1)
                                         _1691_ (net)
                  0.05    0.00    5.80 ^ _4243_/A (sky130_fd_sc_hd__inv_1)
     1    0.01    0.04    0.05    5.86 v _4243_/Y (sky130_fd_sc_hd__inv_1)
                                         _1692_ (net)
                  0.04    0.00    5.86 v _5226_/A (sky130_fd_sc_hd__fa_1)
     1    0.00    0.07    0.54    6.39 ^ _5226_/SUM (sky130_fd_sc_hd__fa_1)
                                         _2981_ (net)
                  0.07    0.00    6.39 ^ _5230_/CIN (sky130_fd_sc_hd__fa_1)
     1    0.00    0.09    0.42    6.81 v _5230_/SUM (sky130_fd_sc_hd__fa_1)
                                         _2985_ (net)
                  0.09    0.00    6.81 v _5232_/CIN (sky130_fd_sc_hd__fa_1)
     1    0.00    0.05    0.48    7.30 ^ _5232_/SUM (sky130_fd_sc_hd__fa_1)
                                         _1712_ (net)
                  0.05    0.00    7.30 ^ _4342_/A (sky130_fd_sc_hd__inv_1)
     1    0.01    0.04    0.06    7.35 v _4342_/Y (sky130_fd_sc_hd__inv_1)
                                         _2079_ (net)
                  0.04    0.00    7.35 v _5438_/B (sky130_fd_sc_hd__ha_4)
     6    0.01    0.06    0.28    7.63 ^ _5438_/SUM (sky130_fd_sc_hd__ha_4)
                                         _2081_ (net)
                  0.06    0.00    7.63 ^ _4495_/A (sky130_fd_sc_hd__nand2_1)
     1    0.00    0.04    0.06    7.68 v _4495_/Y (sky130_fd_sc_hd__nand2_1)
                                         _2158_ (net)
                  0.04    0.00    7.68 v _4497_/A1 (sky130_fd_sc_hd__o41ai_2)
     2    0.01    0.31    0.38    8.06 ^ _4497_/Y (sky130_fd_sc_hd__o41ai_2)
                                         _2160_ (net)
                  0.31    0.00    8.06 ^ _4542_/A1 (sky130_fd_sc_hd__a31oi_1)
     1    0.00    0.11    0.14    8.20 v _4542_/Y (sky130_fd_sc_hd__a31oi_1)
                                         _2182_ (net)
                  0.11    0.00    8.20 v _4543_/A (sky130_fd_sc_hd__xnor2_1)
     2    0.01    0.30    0.30    8.51 ^ _4543_/Y (sky130_fd_sc_hd__xnor2_1)
                                         dot_out[19] (net)
                  0.30    0.00    8.51 ^ dot_out[19] (out)
                                  8.51   data arrival time

                  0.15    9.00    9.00   clock clk (rise edge)
                          0.00    9.00   clock network delay (ideal)
                         -0.10    8.90   clock uncertainty
                          0.00    8.90   clock reconvergence pessimism
                         -1.80    7.10   output external delay
                                  7.10   data required time
-----------------------------------------------------------------------------
                                  7.10   data required time
                                 -8.51   data arrival time
-----------------------------------------------------------------------------
                                 -1.41   slack (VIOLATED)



==========================================================================
floorplan final report_checks -unconstrained
--------------------------------------------------------------------------
Startpoint: B[3] (input port clocked by clk)
Endpoint: dot_out[19] (output port clocked by clk)
Path Group: clk
Path Type: max

Fanout     Cap    Slew   Delay    Time   Description
-----------------------------------------------------------------------------
                  0.15    0.00    0.00   clock clk (rise edge)
                          0.00    0.00   clock network delay (ideal)
                          1.80    1.80 v input external delay
     8    0.02    0.04    0.03    1.83 v B[3] (in)
                                         B[3] (net)
                  0.04    0.00    1.83 v _4288_/A (sky130_fd_sc_hd__and2_1)
     1    0.01    0.05    0.15    1.97 v _4288_/X (sky130_fd_sc_hd__and2_1)
                                         _0636_ (net)
                  0.05    0.00    1.97 v _4777_/A (sky130_fd_sc_hd__fa_1)
     3    0.01    0.15    0.61    2.58 ^ _4777_/SUM (sky130_fd_sc_hd__fa_1)
                                         _0638_ (net)
                  0.15    0.00    2.58 ^ _4109_/A (sky130_fd_sc_hd__inv_2)
     3    0.02    0.06    0.08    2.66 v _4109_/Y (sky130_fd_sc_hd__inv_2)
                                         _0640_ (net)
                  0.06    0.00    2.66 v _5164_/A (sky130_fd_sc_hd__fa_1)
     3    0.01    0.12    0.53    3.20 v _5164_/SUM (sky130_fd_sc_hd__fa_1)
                                         _1580_ (net)
                  0.12    0.00    3.20 v _5217_/CIN (sky130_fd_sc_hd__fa_1)
     2    0.01    0.09    0.53    3.73 ^ _5217_/SUM (sky130_fd_sc_hd__fa_1)
                                         _1665_ (net)
                  0.09    0.00    3.73 ^ _4226_/A (sky130_fd_sc_hd__inv_1)
     1    0.01    0.04    0.06    3.79 v _4226_/Y (sky130_fd_sc_hd__inv_1)
                                         _1667_ (net)
                  0.04    0.00    3.79 v _5218_/B (sky130_fd_sc_hd__fa_1)
     1    0.00    0.05    0.49    4.28 ^ _5218_/SUM (sky130_fd_sc_hd__fa_1)
                                         _1669_ (net)
                  0.05    0.00    4.28 ^ _4227_/A (sky130_fd_sc_hd__inv_1)
     1    0.01    0.03    0.05    4.33 v _4227_/Y (sky130_fd_sc_hd__inv_1)
                                         _1673_ (net)
                  0.03    0.00    4.33 v _5220_/B (sky130_fd_sc_hd__fa_1)
     1    0.00    0.09    0.46    4.78 v _5220_/SUM (sky130_fd_sc_hd__fa_1)
                                         _2978_ (net)
                  0.09    0.00    4.78 v _5222_/CIN (sky130_fd_sc_hd__fa_1)
     1    0.00    0.05    0.48    5.27 ^ _5222_/SUM (sky130_fd_sc_hd__fa_1)
                                         _1681_ (net)
                  0.05    0.00    5.27 ^ _4111_/A (sky130_fd_sc_hd__inv_1)
     1    0.01    0.03    0.05    5.31 v _4111_/Y (sky130_fd_sc_hd__inv_1)
                                         _1690_ (net)
                  0.03    0.00    5.31 v _5225_/B (sky130_fd_sc_hd__fa_1)
     1    0.00    0.05    0.49    5.80 ^ _5225_/SUM (sky130_fd_sc_hd__fa_1)
                                         _1691_ (net)
                  0.05    0.00    5.80 ^ _4243_/A (sky130_fd_sc_hd__inv_1)
     1    0.01    0.04    0.05    5.86 v _4243_/Y (sky130_fd_sc_hd__inv_1)
                                         _1692_ (net)
                  0.04    0.00    5.86 v _5226_/A (sky130_fd_sc_hd__fa_1)
     1    0.00    0.07    0.54    6.39 ^ _5226_/SUM (sky130_fd_sc_hd__fa_1)
                                         _2981_ (net)
                  0.07    0.00    6.39 ^ _5230_/CIN (sky130_fd_sc_hd__fa_1)
     1    0.00    0.09    0.42    6.81 v _5230_/SUM (sky130_fd_sc_hd__fa_1)
                                         _2985_ (net)
                  0.09    0.00    6.81 v _5232_/CIN (sky130_fd_sc_hd__fa_1)
     1    0.00    0.05    0.48    7.30 ^ _5232_/SUM (sky130_fd_sc_hd__fa_1)
                                         _1712_ (net)
                  0.05    0.00    7.30 ^ _4342_/A (sky130_fd_sc_hd__inv_1)
     1    0.01    0.04    0.06    7.35 v _4342_/Y (sky130_fd_sc_hd__inv_1)
                                         _2079_ (net)
                  0.04    0.00    7.35 v _5438_/B (sky130_fd_sc_hd__ha_4)
     6    0.01    0.06    0.28    7.63 ^ _5438_/SUM (sky130_fd_sc_hd__ha_4)
                                         _2081_ (net)
                  0.06    0.00    7.63 ^ _4495_/A (sky130_fd_sc_hd__nand2_1)
     1    0.00    0.04    0.06    7.68 v _4495_/Y (sky130_fd_sc_hd__nand2_1)
                                         _2158_ (net)
                  0.04    0.00    7.68 v _4497_/A1 (sky130_fd_sc_hd__o41ai_2)
     2    0.01    0.31    0.38    8.06 ^ _4497_/Y (sky130_fd_sc_hd__o41ai_2)
                                         _2160_ (net)
                  0.31    0.00    8.06 ^ _4542_/A1 (sky130_fd_sc_hd__a31oi_1)
     1    0.00    0.11    0.14    8.20 v _4542_/Y (sky130_fd_sc_hd__a31oi_1)
                                         _2182_ (net)
                  0.11    0.00    8.20 v _4543_/A (sky130_fd_sc_hd__xnor2_1)
     2    0.01    0.30    0.30    8.51 ^ _4543_/Y (sky130_fd_sc_hd__xnor2_1)
                                         dot_out[19] (net)
                  0.30    0.00    8.51 ^ dot_out[19] (out)
                                  8.51   data arrival time

                  0.15    9.00    9.00   clock clk (rise edge)
                          0.00    9.00   clock network delay (ideal)
                         -0.10    8.90   clock uncertainty
                          0.00    8.90   clock reconvergence pessimism
                         -1.80    7.10   output external delay
                                  7.10   data required time
-----------------------------------------------------------------------------
                                  7.10   data required time
                                 -8.51   data arrival time
-----------------------------------------------------------------------------
                                 -1.41   slack (VIOLATED)



==========================================================================
floorplan final report_power
--------------------------------------------------------------------------
Group                  Internal  Switching    Leakage      Total
                          Power      Power      Power      Power (Watts)
----------------------------------------------------------------
Sequential             3.08e-04   1.83e-05   7.54e-10   3.26e-04   0.5%
Combinational          3.13e-02   3.11e-02   1.23e-08   6.23e-02  99.5%
Clock                  0.00e+00   0.00e+00   0.00e+00   0.00e+00   0.0%
Macro                  0.00e+00   0.00e+00   0.00e+00   0.00e+00   0.0%
Pad                    0.00e+00   0.00e+00   0.00e+00   0.00e+00   0.0%
----------------------------------------------------------------
Total                  3.16e-02   3.11e-02   1.30e-08   6.26e-02 100.0%
                          50.4%      49.6%       0.0%
