
==========================================================================
detailed place report_tns
--------------------------------------------------------------------------
tns max -43.21

==========================================================================
detailed place report_wns
--------------------------------------------------------------------------
wns max -3.28

==========================================================================
detailed place report_worst_slack
--------------------------------------------------------------------------
worst slack max -3.28

==========================================================================
detailed place report_clock_min_period
--------------------------------------------------------------------------
clk period_min = 12.28 fmax = 81.46

==========================================================================
detailed place report_checks -path_delay min
--------------------------------------------------------------------------
Startpoint: A[3] (input port clocked by clk)
Endpoint: A_reg[3]$_DFF_PP0_ (rising edge-triggered flip-flop clocked by clk)
Path Group: clk
Path Type: min

Fanout     Cap    Slew   Delay    Time   Description
-----------------------------------------------------------------------------
                  0.15    0.00    0.00   clock clk (rise edge)
                          0.00    0.00   clock network delay (ideal)
                          1.80    1.80 v input external delay
     1    0.00    0.01    0.01    1.81 v A[3] (in)
                                         A[3] (net)
                  0.01    0.00    1.81 v input34/A (sky130_fd_sc_hd__clkdlybuf4s50_1)
     1    0.00    0.05    0.40    2.20 v input34/X (sky130_fd_sc_hd__clkdlybuf4s50_1)
                                         net34 (net)
                  0.05    0.00    2.20 v A_reg[3]$_DFF_PP0_/D (sky130_fd_sc_hd__dfrtp_1)
                                  2.20   data arrival time

                  0.15    0.00    0.00   clock clk (rise edge)
                          0.00    0.00   clock network delay (ideal)
                          0.10    0.10   clock uncertainty
                          0.00    0.10   clock reconvergence pessimism
                                  0.10 ^ A_reg[3]$_DFF_PP0_/CLK (sky130_fd_sc_hd__dfrtp_1)
                         -0.02    0.08   library hold time
                                  0.08   data required time
-----------------------------------------------------------------------------
                                  0.08   data required time
                                 -2.20   data arrival time
-----------------------------------------------------------------------------
                                  2.13   slack (MET)



==========================================================================
detailed place report_checks -path_delay max
--------------------------------------------------------------------------
Startpoint: B[16] (input port clocked by clk)
Endpoint: dot_out[12] (output port clocked by clk)
Path Group: clk
Path Type: max

Fanout     Cap    Slew   Delay    Time   Description
-----------------------------------------------------------------------------
                  0.15    0.00    0.00   clock clk (rise edge)
                          0.00    0.00   clock network delay (ideal)
                          1.80    1.80 ^ input external delay
     1    0.02    0.10    0.07    1.87 ^ B[16] (in)
                                         B[16] (net)
                  0.10    0.00    1.87 ^ input72/A (sky130_fd_sc_hd__clkdlybuf4s50_1)
     8    0.03    0.29    0.67    2.54 ^ input72/X (sky130_fd_sc_hd__clkdlybuf4s50_1)
                                         net72 (net)
                  0.29    0.00    2.54 ^ _3967_/A (sky130_fd_sc_hd__nand2_1)
     4    0.02    0.19    0.23    2.77 v _3967_/Y (sky130_fd_sc_hd__nand2_1)
                                         _0081_ (net)
                  0.19    0.00    2.77 v _4618_/CIN (sky130_fd_sc_hd__fa_1)
     1    0.00    0.06    0.53    3.30 ^ _4618_/SUM (sky130_fd_sc_hd__fa_1)
                                         _0156_ (net)
                  0.06    0.00    3.30 ^ _4077_/A (sky130_fd_sc_hd__inv_1)
     1    0.01    0.04    0.05    3.36 v _4077_/Y (sky130_fd_sc_hd__inv_1)
                                         _0294_ (net)
                  0.04    0.00    3.36 v _4662_/B (sky130_fd_sc_hd__fa_1)
     1    0.00    0.06    0.50    3.85 ^ _4662_/SUM (sky130_fd_sc_hd__fa_1)
                                         _0297_ (net)
                  0.06    0.00    3.85 ^ _3238_/A (sky130_fd_sc_hd__inv_1)
     1    0.01    0.03    0.05    3.90 v _3238_/Y (sky130_fd_sc_hd__inv_1)
                                         _0531_ (net)
                  0.03    0.00    3.90 v _4741_/CIN (sky130_fd_sc_hd__fa_1)
     1    0.00    0.05    0.47    4.37 ^ _4741_/SUM (sky130_fd_sc_hd__fa_1)
                                         _0533_ (net)
                  0.05    0.00    4.37 ^ _3883_/A (sky130_fd_sc_hd__inv_1)
     1    0.01    0.04    0.05    4.42 v _3883_/Y (sky130_fd_sc_hd__inv_1)
                                         _0539_ (net)
                  0.04    0.00    4.42 v _4744_/B (sky130_fd_sc_hd__fa_1)
     1    0.01    0.07    0.51    4.94 ^ _4744_/SUM (sky130_fd_sc_hd__fa_1)
                                         _2383_ (net)
                  0.07    0.00    4.94 ^ _4826_/CIN (sky130_fd_sc_hd__fa_1)
     1    0.01    0.12    0.47    5.40 v _4826_/SUM (sky130_fd_sc_hd__fa_1)
                                         _2473_ (net)
                  0.12    0.00    5.40 v _4871_/A (sky130_fd_sc_hd__fa_1)
     1    0.02    0.24    0.70    6.11 ^ _4871_/SUM (sky130_fd_sc_hd__fa_1)
                                         _2524_ (net)
                  0.24    0.00    6.11 ^ _4912_/CIN (sky130_fd_sc_hd__fa_1)
     1    0.01    0.10    0.49    6.60 v _4912_/SUM (sky130_fd_sc_hd__fa_1)
                                         _2576_ (net)
                  0.10    0.00    6.60 v _4942_/B (sky130_fd_sc_hd__fa_1)
     1    0.01    0.09    0.49    7.09 v _4942_/SUM (sky130_fd_sc_hd__fa_1)
                                         _2620_ (net)
                  0.09    0.00    7.09 v _4966_/CIN (sky130_fd_sc_hd__fa_1)
     1    0.00    0.06    0.50    7.58 ^ _4966_/SUM (sky130_fd_sc_hd__fa_1)
                                         _1145_ (net)
                  0.06    0.00    7.58 ^ _3788_/A (sky130_fd_sc_hd__inv_1)
     1    0.00    0.03    0.05    7.63 v _3788_/Y (sky130_fd_sc_hd__inv_1)
                                         _1181_ (net)
                  0.03    0.00    7.63 v _4984_/CIN (sky130_fd_sc_hd__fa_1)
     1    0.00    0.06    0.47    8.10 ^ _4984_/SUM (sky130_fd_sc_hd__fa_1)
                                         _1183_ (net)
                  0.06    0.00    8.10 ^ _4412_/A (sky130_fd_sc_hd__inv_1)
     1    0.01    0.04    0.06    8.16 v _4412_/Y (sky130_fd_sc_hd__inv_1)
                                         _2003_ (net)
                  0.04    0.00    8.16 v _5380_/B (sky130_fd_sc_hd__ha_4)
     2    0.01    0.03    0.15    8.31 v _5380_/COUT (sky130_fd_sc_hd__ha_4)
                                         _2004_ (net)
                  0.03    0.00    8.31 v _3677_/A (sky130_fd_sc_hd__or3_4)
     2    0.01    0.07    0.39    8.70 v _3677_/X (sky130_fd_sc_hd__or3_4)
                                         _2105_ (net)
                  0.07    0.00    8.70 v _4145_/C (sky130_fd_sc_hd__or4_4)
     2    0.01    0.09    0.49    9.20 v _4145_/X (sky130_fd_sc_hd__or4_4)
                                         _2126_ (net)
                  0.09    0.00    9.20 v _4157_/A1 (sky130_fd_sc_hd__a21oi_2)
     2    0.01    0.11    0.15    9.35 ^ _4157_/Y (sky130_fd_sc_hd__a21oi_2)
                                         _2137_ (net)
                  0.11    0.00    9.35 ^ _4159_/B (sky130_fd_sc_hd__or2_1)
     1    0.04    0.38    0.35    9.70 ^ _4159_/X (sky130_fd_sc_hd__or2_1)
                                         net133 (net)
                  0.38    0.00    9.70 ^ place448/A (sky130_fd_sc_hd__buf_12)
     1    0.00    0.03    0.14    9.84 ^ place448/X (sky130_fd_sc_hd__buf_12)
                                         net448 (net)
                  0.03    0.00    9.84 ^ output133/A (sky130_fd_sc_hd__clkdlybuf4s50_1)
     1    0.01    0.14    0.53   10.38 ^ output133/X (sky130_fd_sc_hd__clkdlybuf4s50_1)
                                         dot_out[12] (net)
                  0.14    0.00   10.38 ^ dot_out[12] (out)
                                 10.38   data arrival time

                  0.15    9.00    9.00   clock clk (rise edge)
                          0.00    9.00   clock network delay (ideal)
                         -0.10    8.90   clock uncertainty
                          0.00    8.90   clock reconvergence pessimism
                         -1.80    7.10   output external delay
                                  7.10   data required time
-----------------------------------------------------------------------------
                                  7.10   data required time
                                -10.38   data arrival time
-----------------------------------------------------------------------------
                                 -3.28   slack (VIOLATED)



==========================================================================
detailed place report_checks -unconstrained
--------------------------------------------------------------------------
Startpoint: B[16] (input port clocked by clk)
Endpoint: dot_out[12] (output port clocked by clk)
Path Group: clk
Path Type: max

Fanout     Cap    Slew   Delay    Time   Description
-----------------------------------------------------------------------------
                  0.15    0.00    0.00   clock clk (rise edge)
                          0.00    0.00   clock network delay (ideal)
                          1.80    1.80 ^ input external delay
     1    0.02    0.10    0.07    1.87 ^ B[16] (in)
                                         B[16] (net)
                  0.10    0.00    1.87 ^ input72/A (sky130_fd_sc_hd__clkdlybuf4s50_1)
     8    0.03    0.29    0.67    2.54 ^ input72/X (sky130_fd_sc_hd__clkdlybuf4s50_1)
                                         net72 (net)
                  0.29    0.00    2.54 ^ _3967_/A (sky130_fd_sc_hd__nand2_1)
     4    0.02    0.19    0.23    2.77 v _3967_/Y (sky130_fd_sc_hd__nand2_1)
                                         _0081_ (net)
                  0.19    0.00    2.77 v _4618_/CIN (sky130_fd_sc_hd__fa_1)
     1    0.00    0.06    0.53    3.30 ^ _4618_/SUM (sky130_fd_sc_hd__fa_1)
                                         _0156_ (net)
                  0.06    0.00    3.30 ^ _4077_/A (sky130_fd_sc_hd__inv_1)
     1    0.01    0.04    0.05    3.36 v _4077_/Y (sky130_fd_sc_hd__inv_1)
                                         _0294_ (net)
                  0.04    0.00    3.36 v _4662_/B (sky130_fd_sc_hd__fa_1)
     1    0.00    0.06    0.50    3.85 ^ _4662_/SUM (sky130_fd_sc_hd__fa_1)
                                         _0297_ (net)
                  0.06    0.00    3.85 ^ _3238_/A (sky130_fd_sc_hd__inv_1)
     1    0.01    0.03    0.05    3.90 v _3238_/Y (sky130_fd_sc_hd__inv_1)
                                         _0531_ (net)
                  0.03    0.00    3.90 v _4741_/CIN (sky130_fd_sc_hd__fa_1)
     1    0.00    0.05    0.47    4.37 ^ _4741_/SUM (sky130_fd_sc_hd__fa_1)
                                         _0533_ (net)
                  0.05    0.00    4.37 ^ _3883_/A (sky130_fd_sc_hd__inv_1)
     1    0.01    0.04    0.05    4.42 v _3883_/Y (sky130_fd_sc_hd__inv_1)
                                         _0539_ (net)
                  0.04    0.00    4.42 v _4744_/B (sky130_fd_sc_hd__fa_1)
     1    0.01    0.07    0.51    4.94 ^ _4744_/SUM (sky130_fd_sc_hd__fa_1)
                                         _2383_ (net)
                  0.07    0.00    4.94 ^ _4826_/CIN (sky130_fd_sc_hd__fa_1)
     1    0.01    0.12    0.47    5.40 v _4826_/SUM (sky130_fd_sc_hd__fa_1)
                                         _2473_ (net)
                  0.12    0.00    5.40 v _4871_/A (sky130_fd_sc_hd__fa_1)
     1    0.02    0.24    0.70    6.11 ^ _4871_/SUM (sky130_fd_sc_hd__fa_1)
                                         _2524_ (net)
                  0.24    0.00    6.11 ^ _4912_/CIN (sky130_fd_sc_hd__fa_1)
     1    0.01    0.10    0.49    6.60 v _4912_/SUM (sky130_fd_sc_hd__fa_1)
                                         _2576_ (net)
                  0.10    0.00    6.60 v _4942_/B (sky130_fd_sc_hd__fa_1)
     1    0.01    0.09    0.49    7.09 v _4942_/SUM (sky130_fd_sc_hd__fa_1)
                                         _2620_ (net)
                  0.09    0.00    7.09 v _4966_/CIN (sky130_fd_sc_hd__fa_1)
     1    0.00    0.06    0.50    7.58 ^ _4966_/SUM (sky130_fd_sc_hd__fa_1)
                                         _1145_ (net)
                  0.06    0.00    7.58 ^ _3788_/A (sky130_fd_sc_hd__inv_1)
     1    0.00    0.03    0.05    7.63 v _3788_/Y (sky130_fd_sc_hd__inv_1)
                                         _1181_ (net)
                  0.03    0.00    7.63 v _4984_/CIN (sky130_fd_sc_hd__fa_1)
     1    0.00    0.06    0.47    8.10 ^ _4984_/SUM (sky130_fd_sc_hd__fa_1)
                                         _1183_ (net)
                  0.06    0.00    8.10 ^ _4412_/A (sky130_fd_sc_hd__inv_1)
     1    0.01    0.04    0.06    8.16 v _4412_/Y (sky130_fd_sc_hd__inv_1)
                                         _2003_ (net)
                  0.04    0.00    8.16 v _5380_/B (sky130_fd_sc_hd__ha_4)
     2    0.01    0.03    0.15    8.31 v _5380_/COUT (sky130_fd_sc_hd__ha_4)
                                         _2004_ (net)
                  0.03    0.00    8.31 v _3677_/A (sky130_fd_sc_hd__or3_4)
     2    0.01    0.07    0.39    8.70 v _3677_/X (sky130_fd_sc_hd__or3_4)
                                         _2105_ (net)
                  0.07    0.00    8.70 v _4145_/C (sky130_fd_sc_hd__or4_4)
     2    0.01    0.09    0.49    9.20 v _4145_/X (sky130_fd_sc_hd__or4_4)
                                         _2126_ (net)
                  0.09    0.00    9.20 v _4157_/A1 (sky130_fd_sc_hd__a21oi_2)
     2    0.01    0.11    0.15    9.35 ^ _4157_/Y (sky130_fd_sc_hd__a21oi_2)
                                         _2137_ (net)
                  0.11    0.00    9.35 ^ _4159_/B (sky130_fd_sc_hd__or2_1)
     1    0.04    0.38    0.35    9.70 ^ _4159_/X (sky130_fd_sc_hd__or2_1)
                                         net133 (net)
                  0.38    0.00    9.70 ^ place448/A (sky130_fd_sc_hd__buf_12)
     1    0.00    0.03    0.14    9.84 ^ place448/X (sky130_fd_sc_hd__buf_12)
                                         net448 (net)
                  0.03    0.00    9.84 ^ output133/A (sky130_fd_sc_hd__clkdlybuf4s50_1)
     1    0.01    0.14    0.53   10.38 ^ output133/X (sky130_fd_sc_hd__clkdlybuf4s50_1)
                                         dot_out[12] (net)
                  0.14    0.00   10.38 ^ dot_out[12] (out)
                                 10.38   data arrival time

                  0.15    9.00    9.00   clock clk (rise edge)
                          0.00    9.00   clock network delay (ideal)
                         -0.10    8.90   clock uncertainty
                          0.00    8.90   clock reconvergence pessimism
                         -1.80    7.10   output external delay
                                  7.10   data required time
-----------------------------------------------------------------------------
                                  7.10   data required time
                                -10.38   data arrival time
-----------------------------------------------------------------------------
                                 -3.28   slack (VIOLATED)



==========================================================================
detailed place report_check_types -max_slew -max_cap -max_fanout -violators
--------------------------------------------------------------------------

==========================================================================
detailed place max_slew_check_slack
--------------------------------------------------------------------------
0.6322546005249023

==========================================================================
detailed place max_slew_check_limit
--------------------------------------------------------------------------
1.4892979860305786

==========================================================================
detailed place max_slew_check_slack_limit
--------------------------------------------------------------------------
0.4245

==========================================================================
detailed place max_fanout_check_slack
--------------------------------------------------------------------------
1.0000000150474662e+30

==========================================================================
detailed place max_fanout_check_limit
--------------------------------------------------------------------------
1.0000000150474662e+30

==========================================================================
detailed place max_capacitance_check_slack
--------------------------------------------------------------------------
0.02441108040511608

==========================================================================
detailed place max_capacitance_check_limit
--------------------------------------------------------------------------
0.03663099929690361

==========================================================================
detailed place max_capacitance_check_slack_limit
--------------------------------------------------------------------------
0.6664

==========================================================================
detailed place max_slew_violation_count
--------------------------------------------------------------------------
max slew violation count 0

==========================================================================
detailed place max_fanout_violation_count
--------------------------------------------------------------------------
max fanout violation count 0

==========================================================================
detailed place max_cap_violation_count
--------------------------------------------------------------------------
max cap violation count 0

==========================================================================
detailed place setup_violation_count
--------------------------------------------------------------------------
setup violation count 18

==========================================================================
detailed place hold_violation_count
--------------------------------------------------------------------------
hold violation count 0

==========================================================================
detailed place report_checks -path_delay max reg to reg
--------------------------------------------------------------------------
Startpoint: A_reg[55]$_DFF_PP0_ (rising edge-triggered flip-flop clocked by clk)
Endpoint: valid_reg$_DFF_PP0_ (rising edge-triggered flip-flop clocked by clk)
Path Group: clk
Path Type: max

  Delay    Time   Description
---------------------------------------------------------
   0.00    0.00   clock clk (rise edge)
   0.00    0.00   clock network delay (ideal)
   0.00    0.00 ^ A_reg[55]$_DFF_PP0_/CLK (sky130_fd_sc_hd__dfrtp_1)
   0.64    0.64 ^ A_reg[55]$_DFF_PP0_/Q (sky130_fd_sc_hd__dfrtp_1)
   0.23    0.87 ^ place585/X (sky130_fd_sc_hd__buf_4)
   0.12    0.99 v _3631_/Y (sky130_fd_sc_hd__nand2_1)
   0.51    1.51 ^ _4695_/SUM (sky130_fd_sc_hd__fa_1)
   0.05    1.56 v _4396_/Y (sky130_fd_sc_hd__inv_1)
   0.50    2.06 ^ _4700_/SUM (sky130_fd_sc_hd__fa_1)
   0.06    2.12 v _3192_/Y (sky130_fd_sc_hd__inv_1)
   0.53    2.65 ^ _4720_/SUM (sky130_fd_sc_hd__fa_1)
   0.05    2.70 v _3537_/Y (sky130_fd_sc_hd__inv_1)
   0.60    3.30 ^ _4728_/SUM (sky130_fd_sc_hd__fa_1)
   0.08    3.38 v _3268_/Y (sky130_fd_sc_hd__inv_1)
   0.48    3.86 ^ _4752_/SUM (sky130_fd_sc_hd__fa_1)
   0.05    3.91 v _4184_/Y (sky130_fd_sc_hd__inv_1)
   0.52    4.43 ^ _4771_/SUM (sky130_fd_sc_hd__fa_2)
   0.44    4.87 v _4824_/SUM (sky130_fd_sc_hd__fa_1)
   0.55    5.42 ^ _4869_/SUM (sky130_fd_sc_hd__fa_1)
   0.45    5.87 v _4910_/SUM (sky130_fd_sc_hd__fa_1)
   0.58    6.44 ^ _4940_/SUM (sky130_fd_sc_hd__fa_1)
   0.23    6.68 v _5352_/SUM (sky130_fd_sc_hd__ha_4)
   0.20    6.88 ^ _4005_/Y (sky130_fd_sc_hd__a21oi_1)
   0.11    6.98 v _4008_/Y (sky130_fd_sc_hd__o21ai_2)
   0.14    7.12 v place467/X (sky130_fd_sc_hd__buf_4)
   0.14    7.26 ^ _4009_/Y (sky130_fd_sc_hd__a21oi_1)
   0.27    7.53 v _4010_/Y (sky130_fd_sc_hd__xnor2_1)
   0.60    8.13 ^ _4558_/Y (sky130_fd_sc_hd__nor4_1)
   0.21    8.34 ^ place442/X (sky130_fd_sc_hd__buf_4)
   0.29    8.63 ^ _4559_/Y (sky130_fd_sc_hd__nor4b_1)
   0.19    8.82 ^ place441/X (sky130_fd_sc_hd__buf_4)
   0.11    8.93 v _4561_/Y (sky130_fd_sc_hd__nand4bb_1)
   0.00    8.93 v valid_reg$_DFF_PP0_/D (sky130_fd_sc_hd__dfrtp_1)
           8.93   data arrival time

   9.00    9.00   clock clk (rise edge)
   0.00    9.00   clock network delay (ideal)
  -0.10    8.90   clock uncertainty
   0.00    8.90   clock reconvergence pessimism
           8.90 ^ valid_reg$_DFF_PP0_/CLK (sky130_fd_sc_hd__dfrtp_1)
  -0.11    8.79   library setup time
           8.79   data required time
---------------------------------------------------------
           8.79   data required time
          -8.93   data arrival time
---------------------------------------------------------
          -0.14   slack (VIOLATED)



==========================================================================
detailed place report_checks -path_delay min reg to reg
--------------------------------------------------------------------------
Startpoint: A_reg[7]$_DFF_PP0_ (rising edge-triggered flip-flop clocked by clk)
Endpoint: valid_reg$_DFF_PP0_ (rising edge-triggered flip-flop clocked by clk)
Path Group: clk
Path Type: min

  Delay    Time   Description
---------------------------------------------------------
   0.00    0.00   clock clk (rise edge)
   0.00    0.00   clock network delay (ideal)
   0.00    0.00 ^ A_reg[7]$_DFF_PP0_/CLK (sky130_fd_sc_hd__dfrtp_1)
   0.48    0.48 v A_reg[7]$_DFF_PP0_/Q (sky130_fd_sc_hd__dfrtp_1)
   0.19    0.67 v place571/X (sky130_fd_sc_hd__buf_4)
   0.18    0.85 ^ _3808_/Y (sky130_fd_sc_hd__nand2_1)
   0.19    1.04 ^ place552/X (sky130_fd_sc_hd__buf_4)
   0.15    1.19 ^ _5433_/SUM (sky130_fd_sc_hd__ha_1)
   0.18    1.37 v _4476_/Y (sky130_fd_sc_hd__nand3_1)
   0.21    1.57 v place502/X (sky130_fd_sc_hd__buf_4)
   0.18    1.75 ^ _4528_/Y (sky130_fd_sc_hd__xnor2_1)
   0.13    1.88 v _4529_/Y (sky130_fd_sc_hd__xnor2_1)
   0.22    2.10 ^ _4540_/Y (sky130_fd_sc_hd__xnor2_2)
   0.11    2.21 v _4543_/Y (sky130_fd_sc_hd__xnor2_1)
   0.22    2.43 v _4561_/Y (sky130_fd_sc_hd__nand4bb_1)
   0.00    2.43 v valid_reg$_DFF_PP0_/D (sky130_fd_sc_hd__dfrtp_1)
           2.43   data arrival time

   0.00    0.00   clock clk (rise edge)
   0.00    0.00   clock network delay (ideal)
   0.10    0.10   clock uncertainty
   0.00    0.10   clock reconvergence pessimism
           0.10 ^ valid_reg$_DFF_PP0_/CLK (sky130_fd_sc_hd__dfrtp_1)
  -0.04    0.06   library hold time
           0.06   data required time
---------------------------------------------------------
           0.06   data required time
          -2.43   data arrival time
---------------------------------------------------------
           2.37   slack (MET)



==========================================================================
detailed place critical path target clock latency max path
--------------------------------------------------------------------------
0.0000

==========================================================================
detailed place critical path target clock latency min path
--------------------------------------------------------------------------
0.0000

==========================================================================
detailed place critical path source clock latency min path
--------------------------------------------------------------------------
0.0000

==========================================================================
detailed place critical path delay
--------------------------------------------------------------------------
10.3762

==========================================================================
detailed place critical path slack
--------------------------------------------------------------------------
-3.2762

==========================================================================
detailed place slack div critical path delay
--------------------------------------------------------------------------
-31.574179

==========================================================================
detailed place report_power
--------------------------------------------------------------------------
Group                  Internal  Switching    Leakage      Total
                          Power      Power      Power      Power (Watts)
----------------------------------------------------------------
Sequential             3.07e-04   4.02e-05   7.54e-10   3.47e-04   0.4%
Combinational          4.65e-02   4.92e-02   1.45e-08   9.57e-02  99.6%
Clock                  0.00e+00   0.00e+00   0.00e+00   0.00e+00   0.0%
Macro                  0.00e+00   0.00e+00   0.00e+00   0.00e+00   0.0%
Pad                    0.00e+00   0.00e+00   0.00e+00   0.00e+00   0.0%
----------------------------------------------------------------
Total                  4.68e-02   4.92e-02   1.52e-08   9.60e-02 100.0%
                          48.8%      51.2%       0.0%
