OpenROAD 26Q1-2290-g4589d89a40 
Features included (+) or not (-): +GPU +GUI +Python
This program is licensed under the BSD-3 license. See the LICENSE file for details.
Components of this program may be licensed under more restrictive licenses which must be honored.
[INFO ORD-0030] Using 16 thread(s).
read_liberty /OpenROAD-flow-scripts/flow/platforms/sky130hd/lib/sky130_fd_sc_hd__tt_025C_1v80.lib
read_db ./results/sky130hd/seq_detector_0011/base/3_4_place_resized.odb
read_sdc ./results/sky130hd/seq_detector_0011/base/2_floorplan.sdc
source /OpenROAD-flow-scripts/flow/platforms/sky130hd/setRC.tcl
[INFO DPL-0005] Max displacement: +/- 500 sites horizontally, +/- 100 rows vertically.
Movements Summary
---------------------------------------
Total cells:                      10
Diamond Move Success:             10 (100.00%)
Diamond Move Failure:              0
Rip-up and replace Success:        0 (  0.00% of diamond failures)
Rip-up and replace Failure:        0
Total Placement Failures:          0
---------------------------------------
Placement Analysis
---------------------------------
total displacement         13.2 u
average displacement        0.6 u
max displacement            3.9 u
original HPWL             135.8 u
legalized HPWL            145.0 u
delta HPWL                    7 %

Detailed placement improvement.
[INFO DPL-0401] Setting random seed to 1.
[INFO DPL-0402] Setting maximum displacement 5 1 to 13600 2720 units.
[INFO DPL-0320] Collected 18 fixed cells.
[INFO DPL-0318] Collected 10 single height cells.
[INFO DPL-0321] Collected 0 wide cells.
[INFO DPL-0322] Image (2300, 2720) - (36340, 35360)
[INFO DPL-0310] Assigned 10 cells into segments.  Movement in X-direction is 0.000000, movement in Y-direction is 0.000000.
[INFO DPL-0313] Found 0 cells in wrong regions.
[INFO DPL-0315] Found 0 row alignment problems.
[INFO DPL-0314] Found 0 site alignment problems.
[INFO DPL-0311] Found 0 overlaps between adjacent cells.
[INFO DPL-0312] Found 0 edge spacing violations and 0 padding violations.
[INFO DPL-0303] Running algorithm for independent set matching.
[INFO DPL-0300] Set matching objective is wirelength.
[INFO DPL-0301] Pass   1 of matching; objective is 1.459140e+05.
[INFO DPL-0302] End of matching; objective is 1.459140e+05, improvement is 0.00 percent.
[INFO DPL-0303] Running algorithm for global swaps.
[INFO DPL-0306] Pass   1 of global swaps; hpwl is 1.386700e+05.
[INFO DPL-0306] Pass   2 of global swaps; hpwl is 1.386700e+05.
[INFO DPL-0307] End of global swaps; objective is 1.386700e+05, improvement is 4.96 percent.
[INFO DPL-0303] Running algorithm for vertical swaps.
[INFO DPL-0308] Pass   1 of vertical swaps; hpwl is 1.386700e+05.
[INFO DPL-0309] End of vertical swaps; objective is 1.386700e+05, improvement is 0.00 percent.
[INFO DPL-0303] Running algorithm for reordering.
[INFO DPL-0304] Pass   1 of reordering; objective is 1.386700e+05.
[INFO DPL-0305] End of reordering; objective is 1.386700e+05, improvement is 0.00 percent.
[INFO DPL-0303] Running algorithm for random improvement.
[INFO DPL-0324] Random improver is using random generator.
[INFO DPL-0325] Random improver is using hpwl objective.
[INFO DPL-0326] Random improver cost string is (a).
[INFO DPL-0332] End of pass, Generator random called 200 times.
[INFO DPL-0335] Generator random, Cumulative attempts 200, swaps 29, moves    62 since last reset.
[INFO DPL-0333] End of pass, Objective hpwl, Initial cost 1.386700e+05, Scratch cost 1.338610e+05, Incremental cost 1.338610e+05, Mismatch? N
[INFO DPL-0338] End of pass, Total cost is 1.338610e+05.
[INFO DPL-0327] Pass   1 of random improver; improvement in cost is 3.47 percent.
[INFO DPL-0332] End of pass, Generator random called 200 times.
[INFO DPL-0335] Generator random, Cumulative attempts 400, swaps 55, moves   119 since last reset.
[INFO DPL-0333] End of pass, Objective hpwl, Initial cost 1.338610e+05, Scratch cost 1.338610e+05, Incremental cost 1.338610e+05, Mismatch? N
[INFO DPL-0338] End of pass, Total cost is 1.338610e+05.
[INFO DPL-0327] Pass   2 of random improver; improvement in cost is 0.00 percent.
[INFO DPL-0328] End of random improver; improvement is 3.467945 percent.
[INFO DPL-0380] Cell flipping.
[INFO DPL-0382] Changed 0 cell orientations for row compatibility.
[INFO DPL-0383] Performed 4 cell flips.
[INFO DPL-0384] End of flipping; objective is 1.226850e+05, improvement is 8.35 percent.
[INFO DPL-0313] Found 0 cells in wrong regions.
[INFO DPL-0315] Found 0 row alignment problems.
[INFO DPL-0314] Found 0 site alignment problems.
[INFO DPL-0311] Found 0 overlaps between adjacent cells.
[INFO DPL-0312] Found 0 edge spacing violations and 0 padding violations.
Detailed Improvement Results
------------------------------------------
Original HPWL              145.0 u (      94.4,       50.6)
Final HPWL                 123.2 u (      82.2,       41.0)
Delta HPWL                 -15.1 % (     -13.0,      -18.9)

[INFO FLW-0012] Placement violations .
estimate_parasitics -placement
Report metrics stage 3, detailed place...

==========================================================================
detailed place report_design_area
--------------------------------------------------------------------------
Design area 168 um^2 15% utilization.
write_db ./results/sky130hd/seq_detector_0011/base/3_5_place_dp.odb
Elapsed time: 0:00.73[h:]min:sec. CPU time: user 0.60 sys 0.12 (99%). Peak memory: 123804KB.
Log                        Elapsed/s Peak Memory/MB  sha1sum .odb [0:20)
3_5_place_dp                       0            120 a5a7102010a790000ad0
