OpenROAD 26Q1-2290-g4589d89a40 
Features included (+) or not (-): +GPU +GUI +Python
This program is licensed under the BSD-3 license. See the LICENSE file for details.
Components of this program may be licensed under more restrictive licenses which must be honored.
[INFO ORD-0030] Using 16 thread(s).
read_liberty /OpenROAD-flow-scripts/flow/platforms/sky130hd/lib/sky130_fd_sc_hd__tt_025C_1v80.lib
read_db ./results/sky130hd/seq_detector_0011/base/5_1_grt.odb
read_sdc ./results/sky130hd/seq_detector_0011/base/5_1_grt.sdc
source /OpenROAD-flow-scripts/flow/platforms/sky130hd/setRC.tcl
detailed_route -output_drc ./reports/sky130hd/seq_detector_0011/base/5_route_drc.rpt -output_maze ./results/sky130hd/seq_detector_0011/base/maze.log -droute_end_iter 64 -verbose 1 -drc_report_iter_step 5
[INFO DRT-0149] Reading tech and libs.
[WARNING DRT-0349] LEF58_ENCLOSURE with no CUTCLASS is not supported. Skipping for layer mcon
[WARNING DRT-0349] LEF58_ENCLOSURE with no CUTCLASS is not supported. Skipping for layer mcon
[WARNING DRT-0349] LEF58_ENCLOSURE with no CUTCLASS is not supported. Skipping for layer via
[WARNING DRT-0349] LEF58_ENCLOSURE with no CUTCLASS is not supported. Skipping for layer via
[WARNING DRT-0349] LEF58_ENCLOSURE with no CUTCLASS is not supported. Skipping for layer via2
[WARNING DRT-0349] LEF58_ENCLOSURE with no CUTCLASS is not supported. Skipping for layer via2
[WARNING DRT-0349] LEF58_ENCLOSURE with no CUTCLASS is not supported. Skipping for layer via3
[WARNING DRT-0349] LEF58_ENCLOSURE with no CUTCLASS is not supported. Skipping for layer via3
[WARNING DRT-0349] LEF58_ENCLOSURE with no CUTCLASS is not supported. Skipping for layer via4
[WARNING DRT-0349] LEF58_ENCLOSURE with no CUTCLASS is not supported. Skipping for layer via4

Units:                1000
Number of layers:     13
Number of macros:     441
Number of vias:       29
Number of viarulegen: 25

[INFO DRT-0150] Reading design.

Design:                   seq_detector_0011
Die area:                 ( 0 0 ) ( 38655 38655 )
Number of track patterns: 12
Number of DEF vias:       0
Number of components:     27
Number of terminals:      6
Number of snets:          2
Number of nets:           16

[INFO DRT-0167] List of default vias:
  Layer via
    default via: M1M2_PR
  Layer via2
    default via: M2M3_PR
  Layer via3
    default via: M3M4_PR
  Layer via4
    default via: M4M5_PR
[INFO DRT-0162] Library cell analysis.
[INFO DRT-0163] Instance analysis.
[INFO DRT-0164] Number of unique instances = 11.
[INFO DRT-0168] Init region query.
[INFO DRT-0024]   Complete FR_MASTERSLICE.
[INFO DRT-0024]   Complete Fr_VIA.
[INFO DRT-0024]   Complete li1.
[INFO DRT-0024]   Complete mcon.
[INFO DRT-0024]   Complete met1.
[INFO DRT-0024]   Complete via.
[INFO DRT-0024]   Complete met2.
[INFO DRT-0024]   Complete via2.
[INFO DRT-0024]   Complete met3.
[INFO DRT-0024]   Complete via3.
[INFO DRT-0024]   Complete met4.
[INFO DRT-0024]   Complete via4.
[INFO DRT-0024]   Complete met5.
[INFO DRT-0033] FR_MASTERSLICE shape region query size = 0.
[INFO DRT-0033] FR_VIA shape region query size = 0.
[INFO DRT-0033] li1 shape region query size = 562.
[INFO DRT-0033] mcon shape region query size = 340.
[INFO DRT-0033] met1 shape region query size = 136.
[INFO DRT-0033] via shape region query size = 65.
[INFO DRT-0033] met2 shape region query size = 39.
[INFO DRT-0033] via2 shape region query size = 52.
[INFO DRT-0033] met3 shape region query size = 43.
[INFO DRT-0033] via3 shape region query size = 52.
[INFO DRT-0033] met4 shape region query size = 17.
[INFO DRT-0033] via4 shape region query size = 2.
[INFO DRT-0033] met5 shape region query size = 6.
[INFO DRT-0165] Start pin access.
[INFO DRT-0078]   Complete 66 pins.
[INFO DRT-0081]   Complete 11 unique inst patterns.
[INFO DRT-0084]   Complete 12 groups.
#scanned instances     = 27
#unique  instances     = 11
#stdCellGenAp          = 373
#stdCellValidPlanarAp  = 8
#stdCellValidViaAp     = 167
#stdCellPinNoAp        = 0
#stdCellPinCnt         = 38
#instTermValidViaApCnt = 0
#macroGenAp            = 0
#macroValidPlanarAp    = 0
#macroValidViaAp       = 0
#macroNoAp             = 0
[INFO DRT-0166] Complete pin access.
[INFO DRT-0267] cpu time = 00:00:08, elapsed time = 00:00:03, memory = 203.23 (MB), peak = 203.23 (MB)

[INFO DRT-0157] Number of guides:     99

[INFO DRT-0169] Post process guides.
[INFO DRT-0176] GCELLGRID X 0 DO 5 STEP 6900 ;
[INFO DRT-0177] GCELLGRID Y 0 DO 5 STEP 6900 ;
[INFO DRT-0028]   Complete FR_MASTERSLICE.
[INFO DRT-0028]   Complete Fr_VIA.
[INFO DRT-0028]   Complete li1.
[INFO DRT-0028]   Complete mcon.
[INFO DRT-0028]   Complete met1.
[INFO DRT-0028]   Complete via.
[INFO DRT-0028]   Complete met2.
[INFO DRT-0028]   Complete via2.
[INFO DRT-0028]   Complete met3.
[INFO DRT-0028]   Complete via3.
[INFO DRT-0028]   Complete met4.
[INFO DRT-0028]   Complete via4.
[INFO DRT-0028]   Complete met5.
[INFO DRT-0178] Init guide query.
[INFO DRT-0035]   Complete FR_MASTERSLICE (guide).
[INFO DRT-0035]   Complete Fr_VIA (guide).
[INFO DRT-0035]   Complete li1 (guide).
[INFO DRT-0035]   Complete mcon (guide).
[INFO DRT-0035]   Complete met1 (guide).
[INFO DRT-0035]   Complete via (guide).
[INFO DRT-0035]   Complete met2 (guide).
[INFO DRT-0035]   Complete via2 (guide).
[INFO DRT-0035]   Complete met3 (guide).
[INFO DRT-0035]   Complete via3 (guide).
[INFO DRT-0035]   Complete met4 (guide).
[INFO DRT-0035]   Complete via4 (guide).
[INFO DRT-0035]   Complete met5 (guide).
[INFO DRT-0036] FR_MASTERSLICE guide region query size = 0.
[INFO DRT-0036] FR_VIA guide region query size = 0.
[INFO DRT-0036] li1 guide region query size = 31.
[INFO DRT-0036] mcon guide region query size = 0.
[INFO DRT-0036] met1 guide region query size = 30.
[INFO DRT-0036] via guide region query size = 0.
[INFO DRT-0036] met2 guide region query size = 15.
[INFO DRT-0036] via2 guide region query size = 0.
[INFO DRT-0036] met3 guide region query size = 6.
[INFO DRT-0036] via3 guide region query size = 0.
[INFO DRT-0036] met4 guide region query size = 0.
[INFO DRT-0036] via4 guide region query size = 0.
[INFO DRT-0036] met5 guide region query size = 0.
[INFO DRT-0179] Init gr pin query.
[INFO DRT-0267] cpu time = 00:00:00, elapsed time = 00:00:00, memory = 203.36 (MB), peak = 203.36 (MB)
[INFO DRT-0245] skipped writing guide updates to database.
[INFO DRT-0185] Post process initialize RPin region query.
[INFO DRT-0181] Start track assignment.
[INFO DRT-0184] Done with 46 vertical wires in 1 frboxes and 36 horizontal wires in 1 frboxes.
[INFO DRT-0186] Done with 1 vertical wires in 1 frboxes and 2 horizontal wires in 1 frboxes.
[INFO DRT-0182] Complete track assignment.
[INFO DRT-0267] cpu time = 00:00:00, elapsed time = 00:00:00, memory = 203.61 (MB), peak = 203.61 (MB)
[INFO DRT-0187] Start routing data preparation.
[INFO DRT-0267] cpu time = 00:00:00, elapsed time = 00:00:00, memory = 203.73 (MB), peak = 203.73 (MB)
[INFO DRT-0194] Start detail routing.
[INFO DRT-0195] Start 0th optimization iteration.
    Completing 100% with 1 violations.
    elapsed time = 00:00:00, memory = 206.76 (MB).
[INFO DRT-0199]   Number of violations = 1.
Viol/Layer        met1
Metal Spacing        1
[INFO DRT-0267] cpu time = 00:00:01, elapsed time = 00:00:00, memory = 555.04 (MB), peak = 566.88 (MB)
Total wire length = 170 um.
Total wire length on LAYER li1 = 0 um.
Total wire length on LAYER met1 = 70 um.
Total wire length on LAYER met2 = 48 um.
Total wire length on LAYER met3 = 52 um.
Total wire length on LAYER met4 = 0 um.
Total wire length on LAYER met5 = 0 um.
Total number of vias = 73.
Up-via summary (total 73):

---------------------
 FR_MASTERSLICE     0
            li1    35
           met1    31
           met2     7
           met3     0
           met4     0
---------------------
               73


[INFO DRT-0195] Start 1st optimization iteration.
    Completing 100% with 0 violations.
    elapsed time = 00:00:00, memory = 555.04 (MB).
[INFO DRT-0199]   Number of violations = 0.
[INFO DRT-0267] cpu time = 00:00:01, elapsed time = 00:00:00, memory = 555.06 (MB), peak = 567.04 (MB)
Total wire length = 170 um.
Total wire length on LAYER li1 = 0 um.
Total wire length on LAYER met1 = 69 um.
Total wire length on LAYER met2 = 48 um.
Total wire length on LAYER met3 = 52 um.
Total wire length on LAYER met4 = 0 um.
Total wire length on LAYER met5 = 0 um.
Total number of vias = 72.
Up-via summary (total 72):

---------------------
 FR_MASTERSLICE     0
            li1    35
           met1    30
           met2     7
           met3     0
           met4     0
---------------------
               72


[INFO DRT-0198] Complete detail routing.
Total wire length = 170 um.
Total wire length on LAYER li1 = 0 um.
Total wire length on LAYER met1 = 69 um.
Total wire length on LAYER met2 = 48 um.
Total wire length on LAYER met3 = 52 um.
Total wire length on LAYER met4 = 0 um.
Total wire length on LAYER met5 = 0 um.
Total number of vias = 72.
Up-via summary (total 72):

---------------------
 FR_MASTERSLICE     0
            li1    35
           met1    30
           met2     7
           met3     0
           met4     0
---------------------
               72


[INFO DRT-0267] cpu time = 00:00:02, elapsed time = 00:00:00, memory = 555.19 (MB), peak = 567.04 (MB)

[INFO DRT-0180] Post processing.
[INFO GRT-0012] Found 0 antenna violations.
[INFO ANT-0002] Found 0 net violations.
[INFO ANT-0001] Found 0 pin violations.
[INFO ANT-0002] Found 0 net violations.
[INFO ANT-0001] Found 0 pin violations.
Design area 190 um^2 17% utilization.
write_db ./results/sky130hd/seq_detector_0011/base/5_2_route.odb
Elapsed time: 0:04.97[h:]min:sec. CPU time: user 12.26 sys 0.79 (262%). Peak memory: 580648KB.
Log                        Elapsed/s Peak Memory/MB  sha1sum .odb [0:20)
5_2_route                          4            567 d745cf69ed05f5fcb647
