OpenROAD 26Q1-2290-g4589d89a40 
Features included (+) or not (-): +GPU +GUI +Python
This program is licensed under the BSD-3 license. See the LICENSE file for details.
Components of this program may be licensed under more restrictive licenses which must be honored.
[INFO ORD-0030] Using 16 thread(s).
read_liberty /OpenROAD-flow-scripts/flow/platforms/sky130hd/lib/sky130_fd_sc_hd__tt_025C_1v80.lib
read_db ./results/sky130hd/seq_detector_0011/base/6_1_fill.odb
read_sdc ./results/sky130hd/seq_detector_0011/base/6_1_fill.sdc
source /OpenROAD-flow-scripts/flow/platforms/sky130hd/setRC.tcl
write_db ./results/sky130hd/seq_detector_0011/base/6_final.odb
Deleted 0 routing obstructions
Warning: master sky130_ef_sc_hd__decap_12 has signal pins but no liberty cell
[INFO RCX-0431] Defined process_corner X with ext_model_index 0
[INFO RCX-0029] Defined extraction corner X
[INFO RCX-0435] Reading extraction model file /OpenROAD-flow-scripts/flow/platforms/sky130hd/rcx_patterns.rules ...
[INFO RCX-0436] RC segment generation seq_detector_0011 (max_merge_res 50.0) ...
[INFO RCX-0040] Final 38 rc segments
[INFO RCX-0439] Coupling Cap extraction seq_detector_0011 ...
[INFO RCX-0440] Coupling threshhold is 0.1000 fF, coupling capacitance less than 0.1000 fF will be grounded.
[INFO RCX-0442] 70% of 94 wires extracted
[INFO RCX-0442] 100% of 94 wires extracted
[INFO RCX-0045] Extract 16 nets, 54 rsegs, 54 caps, 31 ccs
[INFO RCX-0443] 16 nets finished
[INFO PSM-0040] All shapes on net VDD are connected.
########## IR report #################
Net              : VDD
Corner           : default
Total power      : 9.99e-05 W
Supply voltage   : 1.80e+00 V
Worstcase voltage: 1.80e+00 V
Average voltage  : 1.80e+00 V
Average IR drop  : 3.38e-05 V
Worstcase IR drop: 1.95e-04 V
Percentage drop  : 0.01 %
######################################
[INFO PSM-0040] All shapes on net VSS are connected.
########## IR report #################
Net              : VSS
Corner           : default
Total power      : 9.99e-05 W
Supply voltage   : 0.00e+00 V
Worstcase voltage: 1.39e-04 V
Average voltage  : 2.63e-05 V
Average IR drop  : 2.63e-05 V
Worstcase IR drop: 1.39e-04 V
Percentage drop  : 0.01 %
######################################
Cell type report:                       Count       Area
  Fill cell                               131     920.88
  Tap cell                                 14      17.52
  Clock buffer                              3      22.52
  Timing Repair Buffer                      3      30.03
  Inverter                                  1       3.75
  Sequential cell                           4     100.10
  Multi-Input combinational cell            2      16.27
  Total                                   158    1111.07
Report metrics stage 6, finish...

==========================================================================
finish report_design_area
--------------------------------------------------------------------------
Design area 190 um^2 17% utilization.
[WARNING GUI-0076] QStandardPaths: XDG_RUNTIME_DIR not set, defaulting to '/tmp/runtime-root'
[WARNING GUI-0066] Heat map "IR Drop" has not been populated with data.
[WARNING GUI-0066] Heat map "Routing Congestion" has not been populated with data.
Elapsed time: 0:01.88[h:]min:sec. CPU time: user 1.64 sys 0.37 (107%). Peak memory: 184024KB.
Log                        Elapsed/s Peak Memory/MB  sha1sum .odb [0:20)
6_report                           1            179                  N/A
