
==========================================================================
floorplan final report_tns
--------------------------------------------------------------------------
tns max 0.00

==========================================================================
floorplan final report_wns
--------------------------------------------------------------------------
wns max 0.00

==========================================================================
floorplan final report_worst_slack
--------------------------------------------------------------------------
worst slack max 2.24

==========================================================================
floorplan final report_clock_min_period
--------------------------------------------------------------------------
clk period_min = 1.61 fmax = 619.76

==========================================================================
floorplan final report_checks -path_delay min
--------------------------------------------------------------------------
Startpoint: shift_register[0]$_DFF_PP0_
            (rising edge-triggered flip-flop clocked by clk)
Endpoint: shift_register[1]$_DFF_PP0_
          (rising edge-triggered flip-flop clocked by clk)
Path Group: clk
Path Type: min

Fanout     Cap    Slew   Delay    Time   Description
-----------------------------------------------------------------------------
                  0.15    0.00    0.00   clock clk (rise edge)
                          0.00    0.00   clock network delay (ideal)
                  0.15    0.00    0.00 ^ shift_register[0]$_DFF_PP0_/CLK (sky130_fd_sc_hd__dfrtp_1)
     2    0.00    0.06    0.36    0.36 ^ shift_register[0]$_DFF_PP0_/Q (sky130_fd_sc_hd__dfrtp_1)
                                         shift_register[0] (net)
                  0.06    0.00    0.36 ^ shift_register[1]$_DFF_PP0_/D (sky130_fd_sc_hd__dfrtp_1)
                                  0.36   data arrival time

                  0.15    0.00    0.00   clock clk (rise edge)
                          0.00    0.00   clock network delay (ideal)
                          0.10    0.10   clock uncertainty
                          0.00    0.10   clock reconvergence pessimism
                                  0.10 ^ shift_register[1]$_DFF_PP0_/CLK (sky130_fd_sc_hd__dfrtp_1)
                         -0.02    0.08   library hold time
                                  0.08   data required time
-----------------------------------------------------------------------------
                                  0.08   data required time
                                 -0.36   data arrival time
-----------------------------------------------------------------------------
                                  0.29   slack (MET)



==========================================================================
floorplan final report_checks -path_delay max
--------------------------------------------------------------------------
Startpoint: shift_register[3]$_DFF_PP0_
            (rising edge-triggered flip-flop clocked by clk)
Endpoint: detected (output port clocked by clk)
Path Group: clk
Path Type: max

Fanout     Cap    Slew   Delay    Time   Description
-----------------------------------------------------------------------------
                  0.15    0.00    0.00   clock clk (rise edge)
                          0.00    0.00   clock network delay (ideal)
                  0.15    0.00    0.00 ^ shift_register[3]$_DFF_PP0_/CLK (sky130_fd_sc_hd__dfrtp_1)
     1    0.00    0.05    0.40    0.40 v shift_register[3]$_DFF_PP0_/Q (sky130_fd_sc_hd__dfrtp_1)
                                         shift_register[3] (net)
                  0.05    0.00    0.40 v _3_/B (sky130_fd_sc_hd__nor4_2)
     1    0.01    0.34    0.35    0.74 ^ _3_/Y (sky130_fd_sc_hd__nor4_2)
                                         detected (net)
                  0.34    0.00    0.74 ^ detected (out)
                                  0.74   data arrival time

                  0.15    3.85    3.85   clock clk (rise edge)
                          0.00    3.85   clock network delay (ideal)
                         -0.10    3.75   clock uncertainty
                          0.00    3.75   clock reconvergence pessimism
                         -0.77    2.98   output external delay
                                  2.98   data required time
-----------------------------------------------------------------------------
                                  2.98   data required time
                                 -0.74   data arrival time
-----------------------------------------------------------------------------
                                  2.24   slack (MET)



==========================================================================
floorplan final report_checks -unconstrained
--------------------------------------------------------------------------
Startpoint: shift_register[3]$_DFF_PP0_
            (rising edge-triggered flip-flop clocked by clk)
Endpoint: detected (output port clocked by clk)
Path Group: clk
Path Type: max

Fanout     Cap    Slew   Delay    Time   Description
-----------------------------------------------------------------------------
                  0.15    0.00    0.00   clock clk (rise edge)
                          0.00    0.00   clock network delay (ideal)
                  0.15    0.00    0.00 ^ shift_register[3]$_DFF_PP0_/CLK (sky130_fd_sc_hd__dfrtp_1)
     1    0.00    0.05    0.40    0.40 v shift_register[3]$_DFF_PP0_/Q (sky130_fd_sc_hd__dfrtp_1)
                                         shift_register[3] (net)
                  0.05    0.00    0.40 v _3_/B (sky130_fd_sc_hd__nor4_2)
     1    0.01    0.34    0.35    0.74 ^ _3_/Y (sky130_fd_sc_hd__nor4_2)
                                         detected (net)
                  0.34    0.00    0.74 ^ detected (out)
                                  0.74   data arrival time

                  0.15    3.85    3.85   clock clk (rise edge)
                          0.00    3.85   clock network delay (ideal)
                         -0.10    3.75   clock uncertainty
                          0.00    3.75   clock reconvergence pessimism
                         -0.77    2.98   output external delay
                                  2.98   data required time
-----------------------------------------------------------------------------
                                  2.98   data required time
                                 -0.74   data arrival time
-----------------------------------------------------------------------------
                                  2.24   slack (MET)



==========================================================================
floorplan final report_power
--------------------------------------------------------------------------
Group                  Internal  Switching    Leakage      Total
                          Power      Power      Power      Power (Watts)
----------------------------------------------------------------
Sequential             4.42e-05   8.44e-07   4.66e-11   4.50e-05  97.2%
Combinational          3.63e-07   9.39e-07   8.24e-12   1.30e-06   2.8%
Clock                  0.00e+00   0.00e+00   0.00e+00   0.00e+00   0.0%
Macro                  0.00e+00   0.00e+00   0.00e+00   0.00e+00   0.0%
Pad                    0.00e+00   0.00e+00   0.00e+00   0.00e+00   0.0%
----------------------------------------------------------------
Total                  4.45e-05   1.78e-06   5.48e-11   4.63e-05 100.0%
                          96.1%       3.9%       0.0%
