
==========================================================================
cts final report_tns
--------------------------------------------------------------------------
tns max 0.00

==========================================================================
cts final report_wns
--------------------------------------------------------------------------
wns max 0.00

==========================================================================
cts final report_worst_slack
--------------------------------------------------------------------------
worst slack max 1.53

==========================================================================
cts final report_clock_min_period
--------------------------------------------------------------------------
clk period_min = 2.32 fmax = 431.06

==========================================================================
cts final report_clock_skew
--------------------------------------------------------------------------
Clock clk
   0.28 source latency shift_register[2]$_DFF_PP0_/CLK ^
  -0.28 target latency shift_register[3]$_DFF_PP0_/CLK ^
   0.10 clock uncertainty
   0.00 CRPR
--------------
   0.10 setup skew


==========================================================================
cts final report_checks -path_delay min
--------------------------------------------------------------------------
Startpoint: shift_register[1]$_DFF_PP0_
            (rising edge-triggered flip-flop clocked by clk)
Endpoint: shift_register[2]$_DFF_PP0_
          (rising edge-triggered flip-flop clocked by clk)
Path Group: clk
Path Type: min

Fanout     Cap    Slew   Delay    Time   Description
-----------------------------------------------------------------------------
                          0.00    0.00   clock clk (rise edge)
                          0.00    0.00   clock source latency
     1    0.01    0.03    0.02    0.02 ^ clk (in)
                                         clk (net)
                  0.03    0.00    0.02 ^ clkbuf_0_clk/A (sky130_fd_sc_hd__clkbuf_4)
     2    0.01    0.05    0.13    0.15 ^ clkbuf_0_clk/X (sky130_fd_sc_hd__clkbuf_4)
                                         clknet_0_clk (net)
                  0.05    0.00    0.15 ^ clkbuf_1_0__f_clk/A (sky130_fd_sc_hd__clkbuf_4)
     2    0.00    0.03    0.12    0.27 ^ clkbuf_1_0__f_clk/X (sky130_fd_sc_hd__clkbuf_4)
                                         clknet_1_0__leaf_clk (net)
                  0.03    0.00    0.27 ^ shift_register[1]$_DFF_PP0_/CLK (sky130_fd_sc_hd__dfrtp_1)
     2    0.01    0.07    0.33    0.60 ^ shift_register[1]$_DFF_PP0_/Q (sky130_fd_sc_hd__dfrtp_1)
                                         shift_register[1] (net)
                  0.07    0.00    0.60 ^ shift_register[2]$_DFF_PP0_/D (sky130_fd_sc_hd__dfrtp_1)
                                  0.60   data arrival time

                          0.00    0.00   clock clk (rise edge)
                          0.00    0.00   clock source latency
     1    0.01    0.03    0.02    0.02 ^ clk (in)
                                         clk (net)
                  0.03    0.00    0.02 ^ clkbuf_0_clk/A (sky130_fd_sc_hd__clkbuf_4)
     2    0.01    0.05    0.13    0.15 ^ clkbuf_0_clk/X (sky130_fd_sc_hd__clkbuf_4)
                                         clknet_0_clk (net)
                  0.05    0.00    0.15 ^ clkbuf_1_1__f_clk/A (sky130_fd_sc_hd__clkbuf_4)
     2    0.01    0.04    0.13    0.28 ^ clkbuf_1_1__f_clk/X (sky130_fd_sc_hd__clkbuf_4)
                                         clknet_1_1__leaf_clk (net)
                  0.04    0.00    0.28 ^ shift_register[2]$_DFF_PP0_/CLK (sky130_fd_sc_hd__dfrtp_1)
                          0.10    0.38   clock uncertainty
                          0.00    0.38   clock reconvergence pessimism
                         -0.04    0.34   library hold time
                                  0.34   data required time
-----------------------------------------------------------------------------
                                  0.34   data required time
                                 -0.60   data arrival time
-----------------------------------------------------------------------------
                                  0.26   slack (MET)



==========================================================================
cts final report_checks -path_delay max
--------------------------------------------------------------------------
Startpoint: shift_register[3]$_DFF_PP0_
            (rising edge-triggered flip-flop clocked by clk)
Endpoint: detected (output port clocked by clk)
Path Group: clk
Path Type: max

Fanout     Cap    Slew   Delay    Time   Description
-----------------------------------------------------------------------------
                          0.00    0.00   clock clk (rise edge)
                          0.00    0.00   clock source latency
     1    0.01    0.03    0.02    0.02 ^ clk (in)
                                         clk (net)
                  0.03    0.00    0.02 ^ clkbuf_0_clk/A (sky130_fd_sc_hd__clkbuf_4)
     2    0.01    0.05    0.13    0.15 ^ clkbuf_0_clk/X (sky130_fd_sc_hd__clkbuf_4)
                                         clknet_0_clk (net)
                  0.05    0.00    0.15 ^ clkbuf_1_1__f_clk/A (sky130_fd_sc_hd__clkbuf_4)
     2    0.01    0.04    0.13    0.28 ^ clkbuf_1_1__f_clk/X (sky130_fd_sc_hd__clkbuf_4)
                                         clknet_1_1__leaf_clk (net)
                  0.04    0.00    0.28 ^ shift_register[3]$_DFF_PP0_/CLK (sky130_fd_sc_hd__dfrtp_1)
     1    0.01    0.05    0.37    0.64 v shift_register[3]$_DFF_PP0_/Q (sky130_fd_sc_hd__dfrtp_1)
                                         shift_register[3] (net)
                  0.05    0.00    0.64 v _3_/B (sky130_fd_sc_hd__nor4_2)
     1    0.00    0.19    0.24    0.88 ^ _3_/Y (sky130_fd_sc_hd__nor4_2)
                                         net3 (net)
                  0.19    0.00    0.88 ^ output3/A (sky130_fd_sc_hd__clkdlybuf4s50_1)
     1    0.01    0.12    0.57    1.45 ^ output3/X (sky130_fd_sc_hd__clkdlybuf4s50_1)
                                         detected (net)
                  0.12    0.00    1.45 ^ detected (out)
                                  1.45   data arrival time

                          3.85    3.85   clock clk (rise edge)
                          0.00    3.85   clock network delay (propagated)
                         -0.10    3.75   clock uncertainty
                          0.00    3.75   clock reconvergence pessimism
                         -0.77    2.98   output external delay
                                  2.98   data required time
-----------------------------------------------------------------------------
                                  2.98   data required time
                                 -1.45   data arrival time
-----------------------------------------------------------------------------
                                  1.53   slack (MET)



==========================================================================
cts final report_checks -unconstrained
--------------------------------------------------------------------------
Startpoint: shift_register[3]$_DFF_PP0_
            (rising edge-triggered flip-flop clocked by clk)
Endpoint: detected (output port clocked by clk)
Path Group: clk
Path Type: max

Fanout     Cap    Slew   Delay    Time   Description
-----------------------------------------------------------------------------
                          0.00    0.00   clock clk (rise edge)
                          0.00    0.00   clock source latency
     1    0.01    0.03    0.02    0.02 ^ clk (in)
                                         clk (net)
                  0.03    0.00    0.02 ^ clkbuf_0_clk/A (sky130_fd_sc_hd__clkbuf_4)
     2    0.01    0.05    0.13    0.15 ^ clkbuf_0_clk/X (sky130_fd_sc_hd__clkbuf_4)
                                         clknet_0_clk (net)
                  0.05    0.00    0.15 ^ clkbuf_1_1__f_clk/A (sky130_fd_sc_hd__clkbuf_4)
     2    0.01    0.04    0.13    0.28 ^ clkbuf_1_1__f_clk/X (sky130_fd_sc_hd__clkbuf_4)
                                         clknet_1_1__leaf_clk (net)
                  0.04    0.00    0.28 ^ shift_register[3]$_DFF_PP0_/CLK (sky130_fd_sc_hd__dfrtp_1)
     1    0.01    0.05    0.37    0.64 v shift_register[3]$_DFF_PP0_/Q (sky130_fd_sc_hd__dfrtp_1)
                                         shift_register[3] (net)
                  0.05    0.00    0.64 v _3_/B (sky130_fd_sc_hd__nor4_2)
     1    0.00    0.19    0.24    0.88 ^ _3_/Y (sky130_fd_sc_hd__nor4_2)
                                         net3 (net)
                  0.19    0.00    0.88 ^ output3/A (sky130_fd_sc_hd__clkdlybuf4s50_1)
     1    0.01    0.12    0.57    1.45 ^ output3/X (sky130_fd_sc_hd__clkdlybuf4s50_1)
                                         detected (net)
                  0.12    0.00    1.45 ^ detected (out)
                                  1.45   data arrival time

                          3.85    3.85   clock clk (rise edge)
                          0.00    3.85   clock network delay (propagated)
                         -0.10    3.75   clock uncertainty
                          0.00    3.75   clock reconvergence pessimism
                         -0.77    2.98   output external delay
                                  2.98   data required time
-----------------------------------------------------------------------------
                                  2.98   data required time
                                 -1.45   data arrival time
-----------------------------------------------------------------------------
                                  1.53   slack (MET)



==========================================================================
cts final report_check_types -max_slew -max_cap -max_fanout -violators
--------------------------------------------------------------------------

==========================================================================
cts final max_slew_check_slack
--------------------------------------------------------------------------
1.298043966293335

==========================================================================
cts final max_slew_check_limit
--------------------------------------------------------------------------
1.487615942955017

==========================================================================
cts final max_slew_check_slack_limit
--------------------------------------------------------------------------
0.8726

==========================================================================
cts final max_fanout_check_slack
--------------------------------------------------------------------------
1.0000000150474662e+30

==========================================================================
cts final max_fanout_check_limit
--------------------------------------------------------------------------
1.0000000150474662e+30

==========================================================================
cts final max_capacitance_check_slack
--------------------------------------------------------------------------
0.061033766716718674

==========================================================================
cts final max_capacitance_check_limit
--------------------------------------------------------------------------
0.06409700214862823

==========================================================================
cts final max_capacitance_check_slack_limit
--------------------------------------------------------------------------
0.9522

==========================================================================
cts final max_slew_violation_count
--------------------------------------------------------------------------
max slew violation count 0

==========================================================================
cts final max_fanout_violation_count
--------------------------------------------------------------------------
max fanout violation count 0

==========================================================================
cts final max_cap_violation_count
--------------------------------------------------------------------------
max cap violation count 0

==========================================================================
cts final setup_violation_count
--------------------------------------------------------------------------
setup violation count 0

==========================================================================
cts final hold_violation_count
--------------------------------------------------------------------------
hold violation count 0

==========================================================================
cts final report_checks -path_delay max reg to reg
--------------------------------------------------------------------------
Startpoint: shift_register[2]$_DFF_PP0_
            (rising edge-triggered flip-flop clocked by clk)
Endpoint: shift_register[3]$_DFF_PP0_
          (rising edge-triggered flip-flop clocked by clk)
Path Group: clk
Path Type: max

  Delay    Time   Description
---------------------------------------------------------
   0.00    0.00   clock clk (rise edge)
   0.00    0.00   clock source latency
   0.02    0.02 ^ clk (in)
   0.13    0.15 ^ clkbuf_0_clk/X (sky130_fd_sc_hd__clkbuf_4)
   0.13    0.28 ^ clkbuf_1_1__f_clk/X (sky130_fd_sc_hd__clkbuf_4)
   0.00    0.28 ^ shift_register[2]$_DFF_PP0_/CLK (sky130_fd_sc_hd__dfrtp_1)
   0.38    0.65 v shift_register[2]$_DFF_PP0_/Q (sky130_fd_sc_hd__dfrtp_1)
   0.00    0.65 v shift_register[3]$_DFF_PP0_/D (sky130_fd_sc_hd__dfrtp_1)
           0.65   data arrival time

   3.85    3.85   clock clk (rise edge)
   0.00    3.85   clock source latency
   0.02    3.87 ^ clk (in)
   0.13    4.00 ^ clkbuf_0_clk/X (sky130_fd_sc_hd__clkbuf_4)
   0.13    4.13 ^ clkbuf_1_1__f_clk/X (sky130_fd_sc_hd__clkbuf_4)
   0.00    4.13 ^ shift_register[3]$_DFF_PP0_/CLK (sky130_fd_sc_hd__dfrtp_1)
  -0.10    4.03   clock uncertainty
   0.00    4.03   clock reconvergence pessimism
  -0.12    3.90   library setup time
           3.90   data required time
---------------------------------------------------------
           3.90   data required time
          -0.65   data arrival time
---------------------------------------------------------
           3.25   slack (MET)



==========================================================================
cts final report_checks -path_delay min reg to reg
--------------------------------------------------------------------------
Startpoint: shift_register[1]$_DFF_PP0_
            (rising edge-triggered flip-flop clocked by clk)
Endpoint: shift_register[2]$_DFF_PP0_
          (rising edge-triggered flip-flop clocked by clk)
Path Group: clk
Path Type: min

  Delay    Time   Description
---------------------------------------------------------
   0.00    0.00   clock clk (rise edge)
   0.00    0.00   clock source latency
   0.02    0.02 ^ clk (in)
   0.13    0.15 ^ clkbuf_0_clk/X (sky130_fd_sc_hd__clkbuf_4)
   0.12    0.27 ^ clkbuf_1_0__f_clk/X (sky130_fd_sc_hd__clkbuf_4)
   0.00    0.27 ^ shift_register[1]$_DFF_PP0_/CLK (sky130_fd_sc_hd__dfrtp_1)
   0.33    0.60 ^ shift_register[1]$_DFF_PP0_/Q (sky130_fd_sc_hd__dfrtp_1)
   0.00    0.60 ^ shift_register[2]$_DFF_PP0_/D (sky130_fd_sc_hd__dfrtp_1)
           0.60   data arrival time

   0.00    0.00   clock clk (rise edge)
   0.00    0.00   clock source latency
   0.02    0.02 ^ clk (in)
   0.13    0.15 ^ clkbuf_0_clk/X (sky130_fd_sc_hd__clkbuf_4)
   0.13    0.28 ^ clkbuf_1_1__f_clk/X (sky130_fd_sc_hd__clkbuf_4)
   0.00    0.28 ^ shift_register[2]$_DFF_PP0_/CLK (sky130_fd_sc_hd__dfrtp_1)
   0.10    0.38   clock uncertainty
   0.00    0.38   clock reconvergence pessimism
  -0.04    0.34   library hold time
           0.34   data required time
---------------------------------------------------------
           0.34   data required time
          -0.60   data arrival time
---------------------------------------------------------
           0.26   slack (MET)



==========================================================================
cts final critical path target clock latency max path
--------------------------------------------------------------------------
0.2695

==========================================================================
cts final critical path target clock latency min path
--------------------------------------------------------------------------
0.2695

==========================================================================
cts final critical path source clock latency min path
--------------------------------------------------------------------------
0.0000

==========================================================================
cts final critical path delay
--------------------------------------------------------------------------
1.4498

==========================================================================
cts final critical path slack
--------------------------------------------------------------------------
1.5302

==========================================================================
cts final slack div critical path delay
--------------------------------------------------------------------------
105.545592

==========================================================================
cts final report_power
--------------------------------------------------------------------------
Group                  Internal  Switching    Leakage      Total
                          Power      Power      Power      Power (Watts)
----------------------------------------------------------------
Sequential             4.44e-05   1.11e-06   4.66e-11   4.55e-05  44.0%
Combinational          2.38e-06   1.74e-06   1.95e-11   4.12e-06   4.0%
Clock                  3.48e-05   1.90e-05   1.38e-11   5.38e-05  52.0%
Macro                  0.00e+00   0.00e+00   0.00e+00   0.00e+00   0.0%
Pad                    0.00e+00   0.00e+00   0.00e+00   0.00e+00   0.0%
----------------------------------------------------------------
Total                  8.16e-05   2.18e-05   7.99e-11   1.03e-04 100.0%
                          78.9%      21.1%       0.0%
