
==========================================================================
global route report_tns
--------------------------------------------------------------------------
tns max 0.00

==========================================================================
global route report_wns
--------------------------------------------------------------------------
wns max 0.00

==========================================================================
global route report_worst_slack
--------------------------------------------------------------------------
worst slack max 1.45

==========================================================================
global route report_clock_min_period
--------------------------------------------------------------------------
clk period_min = 2.40 fmax = 416.11

==========================================================================
global route report_clock_skew
--------------------------------------------------------------------------
Clock clk
   0.29 source latency shift_register[0]$_DFF_PP0_/CLK ^
  -0.29 target latency shift_register[1]$_DFF_PP0_/CLK ^
   0.10 clock uncertainty
   0.00 CRPR
--------------
   0.10 setup skew


==========================================================================
global route report_checks -path_delay min
--------------------------------------------------------------------------
Startpoint: shift_register[1]$_DFF_PP0_
            (rising edge-triggered flip-flop clocked by clk)
Endpoint: shift_register[2]$_DFF_PP0_
          (rising edge-triggered flip-flop clocked by clk)
Path Group: clk
Path Type: min

Fanout     Cap    Slew   Delay    Time   Description
-----------------------------------------------------------------------------
                          0.00    0.00   clock clk (rise edge)
                          0.00    0.00   clock source latency
     1    0.01    0.04    0.02    0.02 ^ clk (in)
                                         clk (net)
                  0.04    0.00    0.02 ^ clkbuf_0_clk/A (sky130_fd_sc_hd__clkbuf_4)
     2    0.01    0.05    0.13    0.16 ^ clkbuf_0_clk/X (sky130_fd_sc_hd__clkbuf_4)
                                         clknet_0_clk (net)
                  0.05    0.00    0.16 ^ clkbuf_1_0__f_clk/A (sky130_fd_sc_hd__clkbuf_4)
     2    0.01    0.04    0.13    0.29 ^ clkbuf_1_0__f_clk/X (sky130_fd_sc_hd__clkbuf_4)
                                         clknet_1_0__leaf_clk (net)
                  0.04    0.00    0.29 ^ shift_register[1]$_DFF_PP0_/CLK (sky130_fd_sc_hd__dfrtp_1)
     2    0.01    0.07    0.34    0.63 ^ shift_register[1]$_DFF_PP0_/Q (sky130_fd_sc_hd__dfrtp_1)
                                         shift_register[1] (net)
                  0.07    0.00    0.63 ^ shift_register[2]$_DFF_PP0_/D (sky130_fd_sc_hd__dfrtp_1)
                                  0.63   data arrival time

                          0.00    0.00   clock clk (rise edge)
                          0.00    0.00   clock source latency
     1    0.01    0.04    0.02    0.02 ^ clk (in)
                                         clk (net)
                  0.04    0.00    0.02 ^ clkbuf_0_clk/A (sky130_fd_sc_hd__clkbuf_4)
     2    0.01    0.05    0.13    0.16 ^ clkbuf_0_clk/X (sky130_fd_sc_hd__clkbuf_4)
                                         clknet_0_clk (net)
                  0.05    0.00    0.16 ^ clkbuf_1_1__f_clk/A (sky130_fd_sc_hd__clkbuf_4)
     2    0.01    0.04    0.13    0.29 ^ clkbuf_1_1__f_clk/X (sky130_fd_sc_hd__clkbuf_4)
                                         clknet_1_1__leaf_clk (net)
                  0.04    0.00    0.29 ^ shift_register[2]$_DFF_PP0_/CLK (sky130_fd_sc_hd__dfrtp_1)
                          0.10    0.39   clock uncertainty
                          0.00    0.39   clock reconvergence pessimism
                         -0.04    0.35   library hold time
                                  0.35   data required time
-----------------------------------------------------------------------------
                                  0.35   data required time
                                 -0.63   data arrival time
-----------------------------------------------------------------------------
                                  0.28   slack (MET)



==========================================================================
global route report_checks -path_delay max
--------------------------------------------------------------------------
Startpoint: shift_register[3]$_DFF_PP0_
            (rising edge-triggered flip-flop clocked by clk)
Endpoint: detected (output port clocked by clk)
Path Group: clk
Path Type: max

Fanout     Cap    Slew   Delay    Time   Description
-----------------------------------------------------------------------------
                          0.00    0.00   clock clk (rise edge)
                          0.00    0.00   clock source latency
     1    0.01    0.04    0.02    0.02 ^ clk (in)
                                         clk (net)
                  0.04    0.00    0.02 ^ clkbuf_0_clk/A (sky130_fd_sc_hd__clkbuf_4)
     2    0.01    0.05    0.13    0.16 ^ clkbuf_0_clk/X (sky130_fd_sc_hd__clkbuf_4)
                                         clknet_0_clk (net)
                  0.05    0.00    0.16 ^ clkbuf_1_1__f_clk/A (sky130_fd_sc_hd__clkbuf_4)
     2    0.01    0.04    0.13    0.29 ^ clkbuf_1_1__f_clk/X (sky130_fd_sc_hd__clkbuf_4)
                                         clknet_1_1__leaf_clk (net)
                  0.04    0.00    0.29 ^ shift_register[3]$_DFF_PP0_/CLK (sky130_fd_sc_hd__dfrtp_1)
     1    0.01    0.05    0.37    0.66 v shift_register[3]$_DFF_PP0_/Q (sky130_fd_sc_hd__dfrtp_1)
                                         shift_register[3] (net)
                  0.05    0.00    0.66 v _3_/B (sky130_fd_sc_hd__nor4_2)
     1    0.01    0.23    0.27    0.93 ^ _3_/Y (sky130_fd_sc_hd__nor4_2)
                                         net3 (net)
                  0.23    0.00    0.93 ^ output3/A (sky130_fd_sc_hd__clkdlybuf4s50_1)
     1    0.01    0.14    0.60    1.53 ^ output3/X (sky130_fd_sc_hd__clkdlybuf4s50_1)
                                         detected (net)
                  0.14    0.00    1.53 ^ detected (out)
                                  1.53   data arrival time

                          3.85    3.85   clock clk (rise edge)
                          0.00    3.85   clock network delay (propagated)
                         -0.10    3.75   clock uncertainty
                          0.00    3.75   clock reconvergence pessimism
                         -0.77    2.98   output external delay
                                  2.98   data required time
-----------------------------------------------------------------------------
                                  2.98   data required time
                                 -1.53   data arrival time
-----------------------------------------------------------------------------
                                  1.45   slack (MET)



==========================================================================
global route report_checks -unconstrained
--------------------------------------------------------------------------
Startpoint: shift_register[3]$_DFF_PP0_
            (rising edge-triggered flip-flop clocked by clk)
Endpoint: detected (output port clocked by clk)
Path Group: clk
Path Type: max

Fanout     Cap    Slew   Delay    Time   Description
-----------------------------------------------------------------------------
                          0.00    0.00   clock clk (rise edge)
                          0.00    0.00   clock source latency
     1    0.01    0.04    0.02    0.02 ^ clk (in)
                                         clk (net)
                  0.04    0.00    0.02 ^ clkbuf_0_clk/A (sky130_fd_sc_hd__clkbuf_4)
     2    0.01    0.05    0.13    0.16 ^ clkbuf_0_clk/X (sky130_fd_sc_hd__clkbuf_4)
                                         clknet_0_clk (net)
                  0.05    0.00    0.16 ^ clkbuf_1_1__f_clk/A (sky130_fd_sc_hd__clkbuf_4)
     2    0.01    0.04    0.13    0.29 ^ clkbuf_1_1__f_clk/X (sky130_fd_sc_hd__clkbuf_4)
                                         clknet_1_1__leaf_clk (net)
                  0.04    0.00    0.29 ^ shift_register[3]$_DFF_PP0_/CLK (sky130_fd_sc_hd__dfrtp_1)
     1    0.01    0.05    0.37    0.66 v shift_register[3]$_DFF_PP0_/Q (sky130_fd_sc_hd__dfrtp_1)
                                         shift_register[3] (net)
                  0.05    0.00    0.66 v _3_/B (sky130_fd_sc_hd__nor4_2)
     1    0.01    0.23    0.27    0.93 ^ _3_/Y (sky130_fd_sc_hd__nor4_2)
                                         net3 (net)
                  0.23    0.00    0.93 ^ output3/A (sky130_fd_sc_hd__clkdlybuf4s50_1)
     1    0.01    0.14    0.60    1.53 ^ output3/X (sky130_fd_sc_hd__clkdlybuf4s50_1)
                                         detected (net)
                  0.14    0.00    1.53 ^ detected (out)
                                  1.53   data arrival time

                          3.85    3.85   clock clk (rise edge)
                          0.00    3.85   clock network delay (propagated)
                         -0.10    3.75   clock uncertainty
                          0.00    3.75   clock reconvergence pessimism
                         -0.77    2.98   output external delay
                                  2.98   data required time
-----------------------------------------------------------------------------
                                  2.98   data required time
                                 -1.53   data arrival time
-----------------------------------------------------------------------------
                                  1.45   slack (MET)



==========================================================================
global route report_check_types -max_slew -max_cap -max_fanout -violators
--------------------------------------------------------------------------

==========================================================================
global route max_slew_check_slack
--------------------------------------------------------------------------
1.2575041055679321

==========================================================================
global route max_slew_check_limit
--------------------------------------------------------------------------
1.487615942955017

==========================================================================
global route max_slew_check_slack_limit
--------------------------------------------------------------------------
0.8453

==========================================================================
global route max_fanout_check_slack
--------------------------------------------------------------------------
1.0000000150474662e+30

==========================================================================
global route max_fanout_check_limit
--------------------------------------------------------------------------
1.0000000150474662e+30

==========================================================================
global route max_capacitance_check_slack
--------------------------------------------------------------------------
0.058957334607839584

==========================================================================
global route max_capacitance_check_limit
--------------------------------------------------------------------------
0.06409700214862823

==========================================================================
global route max_capacitance_check_slack_limit
--------------------------------------------------------------------------
0.9198

==========================================================================
global route max_slew_violation_count
--------------------------------------------------------------------------
max slew violation count 0

==========================================================================
global route max_fanout_violation_count
--------------------------------------------------------------------------
max fanout violation count 0

==========================================================================
global route max_cap_violation_count
--------------------------------------------------------------------------
max cap violation count 0

==========================================================================
global route setup_violation_count
--------------------------------------------------------------------------
setup violation count 0

==========================================================================
global route hold_violation_count
--------------------------------------------------------------------------
hold violation count 0

==========================================================================
global route report_checks -path_delay max reg to reg
--------------------------------------------------------------------------
Startpoint: shift_register[2]$_DFF_PP0_
            (rising edge-triggered flip-flop clocked by clk)
Endpoint: shift_register[3]$_DFF_PP0_
          (rising edge-triggered flip-flop clocked by clk)
Path Group: clk
Path Type: max

  Delay    Time   Description
---------------------------------------------------------
   0.00    0.00   clock clk (rise edge)
   0.00    0.00   clock source latency
   0.02    0.02 ^ clk (in)
   0.13    0.16 ^ clkbuf_0_clk/X (sky130_fd_sc_hd__clkbuf_4)
   0.13    0.29 ^ clkbuf_1_1__f_clk/X (sky130_fd_sc_hd__clkbuf_4)
   0.00    0.29 ^ shift_register[2]$_DFF_PP0_/CLK (sky130_fd_sc_hd__dfrtp_1)
   0.38    0.67 v shift_register[2]$_DFF_PP0_/Q (sky130_fd_sc_hd__dfrtp_1)
   0.00    0.67 v shift_register[3]$_DFF_PP0_/D (sky130_fd_sc_hd__dfrtp_1)
           0.67   data arrival time

   3.85    3.85   clock clk (rise edge)
   0.00    3.85   clock source latency
   0.02    3.87 ^ clk (in)
   0.13    4.01 ^ clkbuf_0_clk/X (sky130_fd_sc_hd__clkbuf_4)
   0.13    4.14 ^ clkbuf_1_1__f_clk/X (sky130_fd_sc_hd__clkbuf_4)
   0.00    4.14 ^ shift_register[3]$_DFF_PP0_/CLK (sky130_fd_sc_hd__dfrtp_1)
  -0.10    4.04   clock uncertainty
   0.00    4.04   clock reconvergence pessimism
  -0.12    3.92   library setup time
           3.92   data required time
---------------------------------------------------------
           3.92   data required time
          -0.67   data arrival time
---------------------------------------------------------
           3.24   slack (MET)



==========================================================================
global route report_checks -path_delay min reg to reg
--------------------------------------------------------------------------
Startpoint: shift_register[1]$_DFF_PP0_
            (rising edge-triggered flip-flop clocked by clk)
Endpoint: shift_register[2]$_DFF_PP0_
          (rising edge-triggered flip-flop clocked by clk)
Path Group: clk
Path Type: min

  Delay    Time   Description
---------------------------------------------------------
   0.00    0.00   clock clk (rise edge)
   0.00    0.00   clock source latency
   0.02    0.02 ^ clk (in)
   0.13    0.16 ^ clkbuf_0_clk/X (sky130_fd_sc_hd__clkbuf_4)
   0.13    0.29 ^ clkbuf_1_0__f_clk/X (sky130_fd_sc_hd__clkbuf_4)
   0.00    0.29 ^ shift_register[1]$_DFF_PP0_/CLK (sky130_fd_sc_hd__dfrtp_1)
   0.34    0.63 ^ shift_register[1]$_DFF_PP0_/Q (sky130_fd_sc_hd__dfrtp_1)
   0.00    0.63 ^ shift_register[2]$_DFF_PP0_/D (sky130_fd_sc_hd__dfrtp_1)
           0.63   data arrival time

   0.00    0.00   clock clk (rise edge)
   0.00    0.00   clock source latency
   0.02    0.02 ^ clk (in)
   0.13    0.16 ^ clkbuf_0_clk/X (sky130_fd_sc_hd__clkbuf_4)
   0.13    0.29 ^ clkbuf_1_1__f_clk/X (sky130_fd_sc_hd__clkbuf_4)
   0.00    0.29 ^ shift_register[2]$_DFF_PP0_/CLK (sky130_fd_sc_hd__dfrtp_1)
   0.10    0.39   clock uncertainty
   0.00    0.39   clock reconvergence pessimism
  -0.04    0.35   library hold time
           0.35   data required time
---------------------------------------------------------
           0.35   data required time
          -0.63   data arrival time
---------------------------------------------------------
           0.28   slack (MET)



==========================================================================
global route critical path target clock latency max path
--------------------------------------------------------------------------
0.2888

==========================================================================
global route critical path target clock latency min path
--------------------------------------------------------------------------
0.2888

==========================================================================
global route critical path source clock latency min path
--------------------------------------------------------------------------
0.0000

==========================================================================
global route critical path delay
--------------------------------------------------------------------------
1.5332

==========================================================================
global route critical path slack
--------------------------------------------------------------------------
1.4468

==========================================================================
global route slack div critical path delay
--------------------------------------------------------------------------
94.364727

==========================================================================
global route report_power
--------------------------------------------------------------------------
Group                  Internal  Switching    Leakage      Total
                          Power      Power      Power      Power (Watts)
----------------------------------------------------------------
Sequential             4.44e-05   1.27e-06   4.66e-11   4.56e-05  41.8%
Combinational          2.40e-06   2.19e-06   1.95e-11   4.59e-06   4.2%
Clock                  3.51e-05   2.38e-05   1.38e-11   5.89e-05  54.0%
Macro                  0.00e+00   0.00e+00   0.00e+00   0.00e+00   0.0%
Pad                    0.00e+00   0.00e+00   0.00e+00   0.00e+00   0.0%
----------------------------------------------------------------
Total                  8.19e-05   2.72e-05   7.99e-11   1.09e-04 100.0%
                          75.0%      25.0%       0.0%
